Calling target program-options parser
[16:25:04.179] [bmv2] [D] [thread 76581] Set default default entry for table 'tbl_basic140': basic140 - 
[16:25:04.179] [bmv2] [D] [thread 76581] Set default default entry for table 'MyIngress.ipv4_lpm': MyIngress.drop - 
[16:25:04.180] [bmv2] [D] [thread 76581] Set default default entry for table 'tbl_drop': MyEgress.drop - 
Adding interface s1-eth1 as port 1
[16:25:04.180] [bmv2] [D] [thread 76581] Adding interface s1-eth1 as port 1
Adding interface s1-eth2 as port 2
[16:25:04.230] [bmv2] [D] [thread 76581] Adding interface s1-eth2 as port 2
Server listening on 0.0.0.0:50051
[16:25:04.275] [bmv2] [I] [thread 76581] Starting Thrift server on port 9090
[16:25:04.275] [bmv2] [I] [thread 76581] Thrift server was started
[16:25:04.558] [bmv2] [D] [thread 76591] [0.0] [cxt 0] Processing packet received on port 2
[16:25:04.558] [bmv2] [D] [thread 76591] [0.0] [cxt 0] Parser 'parser': start
[16:25:04.558] [bmv2] [D] [thread 76591] [0.0] [cxt 0] Parser 'parser' entering state 'start'
[16:25:04.558] [bmv2] [D] [thread 76591] [0.0] [cxt 0] Extracting header 'ethernet'
[16:25:04.558] [bmv2] [D] [thread 76591] [0.0] [cxt 0] Parser state 'start': key is 86dd
[16:25:04.558] [bmv2] [T] [thread 76591] [0.0] [cxt 0] Bytes parsed: 14
[16:25:04.558] [bmv2] [D] [thread 76591] [0.0] [cxt 0] Parser 'parser': end
[16:25:04.558] [bmv2] [D] [thread 76591] [0.0] [cxt 0] Pipeline 'ingress': start
[16:25:04.558] [bmv2] [T] [thread 76591] [0.0] [cxt 0] basic.p4(129) Condition "hdr.ipv4.isValid()" (node_2) is false
[16:25:04.558] [bmv2] [D] [thread 76591] [0.0] [cxt 0] Pipeline 'ingress': end
[16:25:04.558] [bmv2] [D] [thread 76591] [0.0] [cxt 0] Egress port is 0
[16:25:04.558] [bmv2] [D] [thread 76592] [0.0] [cxt 0] Pipeline 'egress': start
[16:25:04.558] [bmv2] [T] [thread 76592] [0.0] [cxt 0] basic.p4(166) Condition "standard_metadata.egress_port == 3" (node_8) is false
[16:25:04.558] [bmv2] [D] [thread 76592] [0.0] [cxt 0] Pipeline 'egress': end
[16:25:04.558] [bmv2] [D] [thread 76592] [0.0] [cxt 0] Deparser 'deparser': start
[16:25:04.558] [bmv2] [D] [thread 76592] [0.0] [cxt 0] Deparsing header 'ethernet'
[16:25:04.559] [bmv2] [D] [thread 76592] [0.0] [cxt 0] Deparser 'deparser': end
[16:25:04.559] [bmv2] [D] [thread 76596] [0.0] [cxt 0] Transmitting packet of size 90 out of port 0
[16:25:04.686] [bmv2] [D] [thread 76591] [1.0] [cxt 0] Processing packet received on port 1
[16:25:04.686] [bmv2] [D] [thread 76591] [1.0] [cxt 0] Parser 'parser': start
[16:25:04.686] [bmv2] [D] [thread 76591] [1.0] [cxt 0] Parser 'parser' entering state 'start'
[16:25:04.686] [bmv2] [D] [thread 76591] [1.0] [cxt 0] Extracting header 'ethernet'
[16:25:04.686] [bmv2] [D] [thread 76591] [1.0] [cxt 0] Parser state 'start': key is 86dd
[16:25:04.686] [bmv2] [T] [thread 76591] [1.0] [cxt 0] Bytes parsed: 14
[16:25:04.686] [bmv2] [D] [thread 76591] [1.0] [cxt 0] Parser 'parser': end
[16:25:04.686] [bmv2] [D] [thread 76591] [1.0] [cxt 0] Pipeline 'ingress': start
[16:25:04.686] [bmv2] [T] [thread 76591] [1.0] [cxt 0] basic.p4(129) Condition "hdr.ipv4.isValid()" (node_2) is false
[16:25:04.686] [bmv2] [D] [thread 76591] [1.0] [cxt 0] Pipeline 'ingress': end
[16:25:04.686] [bmv2] [D] [thread 76591] [1.0] [cxt 0] Egress port is 0
[16:25:04.686] [bmv2] [D] [thread 76592] [1.0] [cxt 0] Pipeline 'egress': start
[16:25:04.686] [bmv2] [T] [thread 76592] [1.0] [cxt 0] basic.p4(166) Condition "standard_metadata.egress_port == 3" (node_8) is false
[16:25:04.686] [bmv2] [D] [thread 76592] [1.0] [cxt 0] Pipeline 'egress': end
[16:25:04.686] [bmv2] [D] [thread 76592] [1.0] [cxt 0] Deparser 'deparser': start
[16:25:04.686] [bmv2] [D] [thread 76592] [1.0] [cxt 0] Deparsing header 'ethernet'
[16:25:04.686] [bmv2] [D] [thread 76592] [1.0] [cxt 0] Deparser 'deparser': end
[16:25:04.686] [bmv2] [D] [thread 76596] [1.0] [cxt 0] Transmitting packet of size 90 out of port 0
[16:25:04.754] [bmv2] [D] [thread 76591] [2.0] [cxt 0] Processing packet received on port 1
[16:25:04.754] [bmv2] [D] [thread 76591] [2.0] [cxt 0] Parser 'parser': start
[16:25:04.754] [bmv2] [D] [thread 76591] [2.0] [cxt 0] Parser 'parser' entering state 'start'
[16:25:04.754] [bmv2] [D] [thread 76591] [2.0] [cxt 0] Extracting header 'ethernet'
[16:25:04.754] [bmv2] [D] [thread 76591] [2.0] [cxt 0] Parser state 'start': key is 86dd
[16:25:04.754] [bmv2] [T] [thread 76591] [2.0] [cxt 0] Bytes parsed: 14
[16:25:04.754] [bmv2] [D] [thread 76591] [2.0] [cxt 0] Parser 'parser': end
[16:25:04.754] [bmv2] [D] [thread 76591] [2.0] [cxt 0] Pipeline 'ingress': start
[16:25:04.754] [bmv2] [T] [thread 76591] [2.0] [cxt 0] basic.p4(129) Condition "hdr.ipv4.isValid()" (node_2) is false
[16:25:04.754] [bmv2] [D] [thread 76591] [2.0] [cxt 0] Pipeline 'ingress': end
[16:25:04.754] [bmv2] [D] [thread 76591] [2.0] [cxt 0] Egress port is 0
[16:25:04.754] [bmv2] [D] [thread 76592] [2.0] [cxt 0] Pipeline 'egress': start
[16:25:04.754] [bmv2] [T] [thread 76592] [2.0] [cxt 0] basic.p4(166) Condition "standard_metadata.egress_port == 3" (node_8) is false
[16:25:04.754] [bmv2] [D] [thread 76592] [2.0] [cxt 0] Pipeline 'egress': end
[16:25:04.754] [bmv2] [D] [thread 76592] [2.0] [cxt 0] Deparser 'deparser': start
[16:25:04.754] [bmv2] [D] [thread 76592] [2.0] [cxt 0] Deparsing header 'ethernet'
[16:25:04.754] [bmv2] [D] [thread 76592] [2.0] [cxt 0] Deparser 'deparser': end
[16:25:04.754] [bmv2] [D] [thread 76596] [2.0] [cxt 0] Transmitting packet of size 86 out of port 0
[16:25:04.878] [bmv2] [D] [thread 76591] [3.0] [cxt 0] Processing packet received on port 2
[16:25:04.878] [bmv2] [D] [thread 76591] [3.0] [cxt 0] Parser 'parser': start
[16:25:04.878] [bmv2] [D] [thread 76591] [3.0] [cxt 0] Parser 'parser' entering state 'start'
[16:25:04.878] [bmv2] [D] [thread 76591] [3.0] [cxt 0] Extracting header 'ethernet'
[16:25:04.878] [bmv2] [D] [thread 76591] [3.0] [cxt 0] Parser state 'start': key is 86dd
[16:25:04.878] [bmv2] [T] [thread 76591] [3.0] [cxt 0] Bytes parsed: 14
[16:25:04.878] [bmv2] [D] [thread 76591] [3.0] [cxt 0] Parser 'parser': end
[16:25:04.878] [bmv2] [D] [thread 76591] [3.0] [cxt 0] Pipeline 'ingress': start
[16:25:04.878] [bmv2] [T] [thread 76591] [3.0] [cxt 0] basic.p4(129) Condition "hdr.ipv4.isValid()" (node_2) is false
[16:25:04.878] [bmv2] [D] [thread 76591] [3.0] [cxt 0] Pipeline 'ingress': end
[16:25:04.878] [bmv2] [D] [thread 76591] [3.0] [cxt 0] Egress port is 0
[16:25:04.878] [bmv2] [D] [thread 76592] [3.0] [cxt 0] Pipeline 'egress': start
[16:25:04.878] [bmv2] [T] [thread 76592] [3.0] [cxt 0] basic.p4(166) Condition "standard_metadata.egress_port == 3" (node_8) is false
[16:25:04.878] [bmv2] [D] [thread 76592] [3.0] [cxt 0] Pipeline 'egress': end
[16:25:04.878] [bmv2] [D] [thread 76592] [3.0] [cxt 0] Deparser 'deparser': start
[16:25:04.878] [bmv2] [D] [thread 76592] [3.0] [cxt 0] Deparsing header 'ethernet'
[16:25:04.878] [bmv2] [D] [thread 76592] [3.0] [cxt 0] Deparser 'deparser': end
[16:25:04.878] [bmv2] [D] [thread 76596] [3.0] [cxt 0] Transmitting packet of size 86 out of port 0
[16:25:05.721] [bmv2] [W] [thread 76607] [P4Runtime] p4::tmp::P4DeviceConfig is deprecated
[16:25:05.722] [bmv2] [D] [thread 76607] Set default default entry for table 'tbl_basic140': basic140 - 
[16:25:05.722] [bmv2] [D] [thread 76607] Set default default entry for table 'MyIngress.ipv4_lpm': MyIngress.drop - 
[16:25:05.722] [bmv2] [D] [thread 76607] Set default default entry for table 'tbl_drop': MyEgress.drop - 
[16:25:05.722] [bmv2] [D] [thread 76607] simple_switch target has been notified of a config swap
[16:25:05.723] [bmv2] [D] [thread 76608] Set default entry for table 'MyIngress.ipv4_lpm': MyIngress.drop - 
[16:25:05.724] [bmv2] [D] [thread 76607] Entry 0 added to table 'MyIngress.ipv4_lpm'
[16:25:05.724] [bmv2] [D] [thread 76607] Dumping entry 0
Match key:
* hdr.ipv4.dstAddr    : LPM       0a000101/32
Action entry: MyIngress.ipv4_forward - 80000000111,1,

[16:25:05.725] [bmv2] [D] [thread 76608] Entry 1 added to table 'MyIngress.ipv4_lpm'
[16:25:05.725] [bmv2] [D] [thread 76608] Dumping entry 1
Match key:
* hdr.ipv4.dstAddr    : LPM       0a000202/32
Action entry: MyIngress.ipv4_forward - 80000000222,3,

[16:25:05.774] [bmv2] [D] [thread 76591] [4.0] [cxt 0] Processing packet received on port 1
[16:25:05.774] [bmv2] [D] [thread 76591] [4.0] [cxt 0] Parser 'parser': start
[16:25:05.774] [bmv2] [D] [thread 76591] [4.0] [cxt 0] Parser 'parser' entering state 'start'
[16:25:05.774] [bmv2] [D] [thread 76591] [4.0] [cxt 0] Extracting header 'ethernet'
[16:25:05.775] [bmv2] [D] [thread 76591] [4.0] [cxt 0] Parser state 'start': key is 86dd
[16:25:05.775] [bmv2] [T] [thread 76591] [4.0] [cxt 0] Bytes parsed: 14
[16:25:05.775] [bmv2] [D] [thread 76591] [4.0] [cxt 0] Parser 'parser': end
[16:25:05.775] [bmv2] [D] [thread 76591] [4.0] [cxt 0] Pipeline 'ingress': start
[16:25:05.775] [bmv2] [T] [thread 76591] [4.0] [cxt 0] basic.p4(129) Condition "hdr.ipv4.isValid()" (node_2) is false
[16:25:05.775] [bmv2] [D] [thread 76591] [4.0] [cxt 0] Pipeline 'ingress': end
[16:25:05.775] [bmv2] [D] [thread 76591] [4.0] [cxt 0] Egress port is 0
[16:25:05.775] [bmv2] [D] [thread 76591] [5.0] [cxt 0] Processing packet received on port 1
[16:25:05.775] [bmv2] [D] [thread 76591] [5.0] [cxt 0] Parser 'parser': start
[16:25:05.775] [bmv2] [D] [thread 76591] [5.0] [cxt 0] Parser 'parser' entering state 'start'
[16:25:05.775] [bmv2] [D] [thread 76591] [5.0] [cxt 0] Extracting header 'ethernet'
[16:25:05.775] [bmv2] [D] [thread 76591] [5.0] [cxt 0] Parser state 'start': key is 86dd
[16:25:05.775] [bmv2] [T] [thread 76591] [5.0] [cxt 0] Bytes parsed: 14
[16:25:05.775] [bmv2] [D] [thread 76591] [5.0] [cxt 0] Parser 'parser': end
[16:25:05.775] [bmv2] [D] [thread 76591] [5.0] [cxt 0] Pipeline 'ingress': start
[16:25:05.775] [bmv2] [T] [thread 76591] [5.0] [cxt 0] basic.p4(129) Condition "hdr.ipv4.isValid()" (node_2) is false
[16:25:05.775] [bmv2] [D] [thread 76591] [5.0] [cxt 0] Pipeline 'ingress': end
[16:25:05.775] [bmv2] [D] [thread 76591] [5.0] [cxt 0] Egress port is 0
[16:25:05.775] [bmv2] [D] [thread 76592] [4.0] [cxt 0] Pipeline 'egress': start
[16:25:05.775] [bmv2] [T] [thread 76592] [4.0] [cxt 0] basic.p4(166) Condition "standard_metadata.egress_port == 3" (node_8) is false
[16:25:05.775] [bmv2] [D] [thread 76592] [4.0] [cxt 0] Pipeline 'egress': end
[16:25:05.775] [bmv2] [D] [thread 76592] [4.0] [cxt 0] Deparser 'deparser': start
[16:25:05.775] [bmv2] [D] [thread 76592] [4.0] [cxt 0] Deparsing header 'ethernet'
[16:25:05.775] [bmv2] [D] [thread 76592] [4.0] [cxt 0] Deparser 'deparser': end
[16:25:05.775] [bmv2] [D] [thread 76592] [5.0] [cxt 0] Pipeline 'egress': start
[16:25:05.775] [bmv2] [T] [thread 76592] [5.0] [cxt 0] basic.p4(166) Condition "standard_metadata.egress_port == 3" (node_8) is false
[16:25:05.775] [bmv2] [D] [thread 76592] [5.0] [cxt 0] Pipeline 'egress': end
[16:25:05.775] [bmv2] [D] [thread 76592] [5.0] [cxt 0] Deparser 'deparser': start
[16:25:05.775] [bmv2] [D] [thread 76592] [5.0] [cxt 0] Deparsing header 'ethernet'
[16:25:05.775] [bmv2] [D] [thread 76592] [5.0] [cxt 0] Deparser 'deparser': end
[16:25:05.775] [bmv2] [D] [thread 76596] [4.0] [cxt 0] Transmitting packet of size 90 out of port 0
[16:25:05.775] [bmv2] [D] [thread 76596] [5.0] [cxt 0] Transmitting packet of size 70 out of port 0
[16:25:05.786] [bmv2] [D] [thread 76591] [6.0] [cxt 0] Processing packet received on port 1
[16:25:05.786] [bmv2] [D] [thread 76591] [6.0] [cxt 0] Parser 'parser': start
[16:25:05.786] [bmv2] [D] [thread 76591] [6.0] [cxt 0] Parser 'parser' entering state 'start'
[16:25:05.786] [bmv2] [D] [thread 76591] [6.0] [cxt 0] Extracting header 'ethernet'
[16:25:05.786] [bmv2] [D] [thread 76591] [6.0] [cxt 0] Parser state 'start': key is 86dd
[16:25:05.786] [bmv2] [T] [thread 76591] [6.0] [cxt 0] Bytes parsed: 14
[16:25:05.786] [bmv2] [D] [thread 76591] [6.0] [cxt 0] Parser 'parser': end
[16:25:05.786] [bmv2] [D] [thread 76591] [6.0] [cxt 0] Pipeline 'ingress': start
[16:25:05.786] [bmv2] [T] [thread 76591] [6.0] [cxt 0] basic.p4(129) Condition "hdr.ipv4.isValid()" (node_2) is false
[16:25:05.786] [bmv2] [D] [thread 76591] [6.0] [cxt 0] Pipeline 'ingress': end
[16:25:05.786] [bmv2] [D] [thread 76591] [6.0] [cxt 0] Egress port is 0
[16:25:05.786] [bmv2] [D] [thread 76592] [6.0] [cxt 0] Pipeline 'egress': start
[16:25:05.786] [bmv2] [T] [thread 76592] [6.0] [cxt 0] basic.p4(166) Condition "standard_metadata.egress_port == 3" (node_8) is false
[16:25:05.786] [bmv2] [D] [thread 76592] [6.0] [cxt 0] Pipeline 'egress': end
[16:25:05.786] [bmv2] [D] [thread 76592] [6.0] [cxt 0] Deparser 'deparser': start
[16:25:05.786] [bmv2] [D] [thread 76592] [6.0] [cxt 0] Deparsing header 'ethernet'
[16:25:05.786] [bmv2] [D] [thread 76592] [6.0] [cxt 0] Deparser 'deparser': end
[16:25:05.786] [bmv2] [D] [thread 76596] [6.0] [cxt 0] Transmitting packet of size 90 out of port 0
[16:25:05.826] [bmv2] [D] [thread 76591] [7.0] [cxt 0] Processing packet received on port 1
[16:25:05.826] [bmv2] [D] [thread 76591] [7.0] [cxt 0] Parser 'parser': start
[16:25:05.826] [bmv2] [D] [thread 76591] [7.0] [cxt 0] Parser 'parser' entering state 'start'
[16:25:05.826] [bmv2] [D] [thread 76591] [7.0] [cxt 0] Extracting header 'ethernet'
[16:25:05.826] [bmv2] [D] [thread 76591] [7.0] [cxt 0] Parser state 'start': key is 86dd
[16:25:05.826] [bmv2] [T] [thread 76591] [7.0] [cxt 0] Bytes parsed: 14
[16:25:05.826] [bmv2] [D] [thread 76591] [7.0] [cxt 0] Parser 'parser': end
[16:25:05.826] [bmv2] [D] [thread 76591] [7.0] [cxt 0] Pipeline 'ingress': start
[16:25:05.826] [bmv2] [T] [thread 76591] [7.0] [cxt 0] basic.p4(129) Condition "hdr.ipv4.isValid()" (node_2) is false
[16:25:05.826] [bmv2] [D] [thread 76591] [7.0] [cxt 0] Pipeline 'ingress': end
[16:25:05.826] [bmv2] [D] [thread 76591] [7.0] [cxt 0] Egress port is 0
[16:25:05.826] [bmv2] [D] [thread 76592] [7.0] [cxt 0] Pipeline 'egress': start
[16:25:05.826] [bmv2] [T] [thread 76592] [7.0] [cxt 0] basic.p4(166) Condition "standard_metadata.egress_port == 3" (node_8) is false
[16:25:05.826] [bmv2] [D] [thread 76592] [7.0] [cxt 0] Pipeline 'egress': end
[16:25:05.826] [bmv2] [D] [thread 76592] [7.0] [cxt 0] Deparser 'deparser': start
[16:25:05.826] [bmv2] [D] [thread 76592] [7.0] [cxt 0] Deparsing header 'ethernet'
[16:25:05.826] [bmv2] [D] [thread 76592] [7.0] [cxt 0] Deparser 'deparser': end
[16:25:05.826] [bmv2] [D] [thread 76596] [7.0] [cxt 0] Transmitting packet of size 110 out of port 0
[16:25:05.874] [bmv2] [D] [thread 76591] [8.0] [cxt 0] Processing packet received on port 1
[16:25:05.874] [bmv2] [D] [thread 76591] [8.0] [cxt 0] Parser 'parser': start
[16:25:05.874] [bmv2] [D] [thread 76591] [8.0] [cxt 0] Parser 'parser' entering state 'start'
[16:25:05.874] [bmv2] [D] [thread 76591] [8.0] [cxt 0] Extracting header 'ethernet'
[16:25:05.874] [bmv2] [D] [thread 76591] [8.0] [cxt 0] Parser state 'start': key is 86dd
[16:25:05.874] [bmv2] [T] [thread 76591] [8.0] [cxt 0] Bytes parsed: 14
[16:25:05.874] [bmv2] [D] [thread 76591] [8.0] [cxt 0] Parser 'parser': end
[16:25:05.874] [bmv2] [D] [thread 76591] [8.0] [cxt 0] Pipeline 'ingress': start
[16:25:05.874] [bmv2] [T] [thread 76591] [8.0] [cxt 0] basic.p4(129) Condition "hdr.ipv4.isValid()" (node_2) is false
[16:25:05.874] [bmv2] [D] [thread 76591] [8.0] [cxt 0] Pipeline 'ingress': end
[16:25:05.874] [bmv2] [D] [thread 76591] [8.0] [cxt 0] Egress port is 0
[16:25:05.874] [bmv2] [D] [thread 76592] [8.0] [cxt 0] Pipeline 'egress': start
[16:25:05.874] [bmv2] [T] [thread 76592] [8.0] [cxt 0] basic.p4(166) Condition "standard_metadata.egress_port == 3" (node_8) is false
[16:25:05.875] [bmv2] [D] [thread 76592] [8.0] [cxt 0] Pipeline 'egress': end
[16:25:05.875] [bmv2] [D] [thread 76592] [8.0] [cxt 0] Deparser 'deparser': start
[16:25:05.875] [bmv2] [D] [thread 76592] [8.0] [cxt 0] Deparsing header 'ethernet'
[16:25:05.875] [bmv2] [D] [thread 76592] [8.0] [cxt 0] Deparser 'deparser': end
[16:25:05.875] [bmv2] [D] [thread 76596] [8.0] [cxt 0] Transmitting packet of size 203 out of port 0
[16:25:05.902] [bmv2] [D] [thread 76591] [9.0] [cxt 0] Processing packet received on port 2
[16:25:05.902] [bmv2] [D] [thread 76591] [9.0] [cxt 0] Parser 'parser': start
[16:25:05.902] [bmv2] [D] [thread 76591] [9.0] [cxt 0] Parser 'parser' entering state 'start'
[16:25:05.902] [bmv2] [D] [thread 76591] [9.0] [cxt 0] Extracting header 'ethernet'
[16:25:05.902] [bmv2] [D] [thread 76591] [9.0] [cxt 0] Parser state 'start': key is 86dd
[16:25:05.902] [bmv2] [T] [thread 76591] [9.0] [cxt 0] Bytes parsed: 14
[16:25:05.902] [bmv2] [D] [thread 76591] [9.0] [cxt 0] Parser 'parser': end
[16:25:05.902] [bmv2] [D] [thread 76591] [9.0] [cxt 0] Pipeline 'ingress': start
[16:25:05.902] [bmv2] [T] [thread 76591] [9.0] [cxt 0] basic.p4(129) Condition "hdr.ipv4.isValid()" (node_2) is false
[16:25:05.902] [bmv2] [D] [thread 76591] [9.0] [cxt 0] Pipeline 'ingress': end
[16:25:05.902] [bmv2] [D] [thread 76591] [9.0] [cxt 0] Egress port is 0
[16:25:05.902] [bmv2] [D] [thread 76591] [10.0] [cxt 0] Processing packet received on port 2
[16:25:05.902] [bmv2] [D] [thread 76591] [10.0] [cxt 0] Parser 'parser': start
[16:25:05.902] [bmv2] [D] [thread 76591] [10.0] [cxt 0] Parser 'parser' entering state 'start'
[16:25:05.902] [bmv2] [D] [thread 76591] [10.0] [cxt 0] Extracting header 'ethernet'
[16:25:05.902] [bmv2] [D] [thread 76591] [10.0] [cxt 0] Parser state 'start': key is 86dd
[16:25:05.902] [bmv2] [T] [thread 76591] [10.0] [cxt 0] Bytes parsed: 14
[16:25:05.902] [bmv2] [D] [thread 76591] [10.0] [cxt 0] Parser 'parser': end
[16:25:05.902] [bmv2] [D] [thread 76591] [10.0] [cxt 0] Pipeline 'ingress': start
[16:25:05.902] [bmv2] [T] [thread 76591] [10.0] [cxt 0] basic.p4(129) Condition "hdr.ipv4.isValid()" (node_2) is false
[16:25:05.902] [bmv2] [D] [thread 76591] [10.0] [cxt 0] Pipeline 'ingress': end
[16:25:05.902] [bmv2] [D] [thread 76591] [10.0] [cxt 0] Egress port is 0
[16:25:05.902] [bmv2] [D] [thread 76592] [9.0] [cxt 0] Pipeline 'egress': start
[16:25:05.902] [bmv2] [T] [thread 76592] [9.0] [cxt 0] basic.p4(166) Condition "standard_metadata.egress_port == 3" (node_8) is false
[16:25:05.902] [bmv2] [D] [thread 76592] [9.0] [cxt 0] Pipeline 'egress': end
[16:25:05.902] [bmv2] [D] [thread 76592] [9.0] [cxt 0] Deparser 'deparser': start
[16:25:05.902] [bmv2] [D] [thread 76592] [9.0] [cxt 0] Deparsing header 'ethernet'
[16:25:05.902] [bmv2] [D] [thread 76592] [9.0] [cxt 0] Deparser 'deparser': end
[16:25:05.902] [bmv2] [D] [thread 76592] [10.0] [cxt 0] Pipeline 'egress': start
[16:25:05.902] [bmv2] [T] [thread 76592] [10.0] [cxt 0] basic.p4(166) Condition "standard_metadata.egress_port == 3" (node_8) is false
[16:25:05.902] [bmv2] [D] [thread 76592] [10.0] [cxt 0] Pipeline 'egress': end
[16:25:05.902] [bmv2] [D] [thread 76592] [10.0] [cxt 0] Deparser 'deparser': start
[16:25:05.902] [bmv2] [D] [thread 76592] [10.0] [cxt 0] Deparsing header 'ethernet'
[16:25:05.902] [bmv2] [D] [thread 76592] [10.0] [cxt 0] Deparser 'deparser': end
[16:25:05.902] [bmv2] [D] [thread 76596] [9.0] [cxt 0] Transmitting packet of size 90 out of port 0
[16:25:05.902] [bmv2] [D] [thread 76596] [10.0] [cxt 0] Transmitting packet of size 70 out of port 0
[16:25:05.914] [bmv2] [D] [thread 76591] [11.0] [cxt 0] Processing packet received on port 2
[16:25:05.914] [bmv2] [D] [thread 76591] [11.0] [cxt 0] Parser 'parser': start
[16:25:05.914] [bmv2] [D] [thread 76591] [11.0] [cxt 0] Parser 'parser' entering state 'start'
[16:25:05.914] [bmv2] [D] [thread 76591] [11.0] [cxt 0] Extracting header 'ethernet'
[16:25:05.914] [bmv2] [D] [thread 76591] [11.0] [cxt 0] Parser state 'start': key is 86dd
[16:25:05.914] [bmv2] [T] [thread 76591] [11.0] [cxt 0] Bytes parsed: 14
[16:25:05.914] [bmv2] [D] [thread 76591] [11.0] [cxt 0] Parser 'parser': end
[16:25:05.914] [bmv2] [D] [thread 76591] [11.0] [cxt 0] Pipeline 'ingress': start
[16:25:05.914] [bmv2] [T] [thread 76591] [11.0] [cxt 0] basic.p4(129) Condition "hdr.ipv4.isValid()" (node_2) is false
[16:25:05.914] [bmv2] [D] [thread 76591] [11.0] [cxt 0] Pipeline 'ingress': end
[16:25:05.914] [bmv2] [D] [thread 76591] [11.0] [cxt 0] Egress port is 0
[16:25:05.914] [bmv2] [D] [thread 76592] [11.0] [cxt 0] Pipeline 'egress': start
[16:25:05.914] [bmv2] [T] [thread 76592] [11.0] [cxt 0] basic.p4(166) Condition "standard_metadata.egress_port == 3" (node_8) is false
[16:25:05.914] [bmv2] [D] [thread 76592] [11.0] [cxt 0] Pipeline 'egress': end
[16:25:05.914] [bmv2] [D] [thread 76592] [11.0] [cxt 0] Deparser 'deparser': start
[16:25:05.914] [bmv2] [D] [thread 76592] [11.0] [cxt 0] Deparsing header 'ethernet'
[16:25:05.914] [bmv2] [D] [thread 76592] [11.0] [cxt 0] Deparser 'deparser': end
[16:25:05.914] [bmv2] [D] [thread 76596] [11.0] [cxt 0] Transmitting packet of size 90 out of port 0
[16:25:05.982] [bmv2] [D] [thread 76591] [12.0] [cxt 0] Processing packet received on port 1
[16:25:05.982] [bmv2] [D] [thread 76591] [12.0] [cxt 0] Parser 'parser': start
[16:25:05.982] [bmv2] [D] [thread 76591] [12.0] [cxt 0] Parser 'parser' entering state 'start'
[16:25:05.982] [bmv2] [D] [thread 76591] [12.0] [cxt 0] Extracting header 'ethernet'
[16:25:05.982] [bmv2] [D] [thread 76591] [12.0] [cxt 0] Parser state 'start': key is 86dd
[16:25:05.982] [bmv2] [T] [thread 76591] [12.0] [cxt 0] Bytes parsed: 14
[16:25:05.982] [bmv2] [D] [thread 76591] [12.0] [cxt 0] Parser 'parser': end
[16:25:05.982] [bmv2] [D] [thread 76591] [12.0] [cxt 0] Pipeline 'ingress': start
[16:25:05.982] [bmv2] [T] [thread 76591] [12.0] [cxt 0] basic.p4(129) Condition "hdr.ipv4.isValid()" (node_2) is false
[16:25:05.982] [bmv2] [D] [thread 76591] [12.0] [cxt 0] Pipeline 'ingress': end
[16:25:05.982] [bmv2] [D] [thread 76591] [12.0] [cxt 0] Egress port is 0
[16:25:05.982] [bmv2] [D] [thread 76592] [12.0] [cxt 0] Pipeline 'egress': start
[16:25:05.982] [bmv2] [T] [thread 76592] [12.0] [cxt 0] basic.p4(166) Condition "standard_metadata.egress_port == 3" (node_8) is false
[16:25:05.982] [bmv2] [D] [thread 76592] [12.0] [cxt 0] Pipeline 'egress': end
[16:25:05.982] [bmv2] [D] [thread 76592] [12.0] [cxt 0] Deparser 'deparser': start
[16:25:05.982] [bmv2] [D] [thread 76592] [12.0] [cxt 0] Deparsing header 'ethernet'
[16:25:05.982] [bmv2] [D] [thread 76592] [12.0] [cxt 0] Deparser 'deparser': end
[16:25:05.982] [bmv2] [D] [thread 76596] [12.0] [cxt 0] Transmitting packet of size 90 out of port 0
[16:25:05.995] [bmv2] [D] [thread 76591] [13.0] [cxt 0] Processing packet received on port 1
[16:25:05.996] [bmv2] [D] [thread 76591] [13.0] [cxt 0] Parser 'parser': start
[16:25:05.996] [bmv2] [D] [thread 76591] [13.0] [cxt 0] Parser 'parser' entering state 'start'
[16:25:05.996] [bmv2] [D] [thread 76591] [13.0] [cxt 0] Extracting header 'ethernet'
[16:25:05.996] [bmv2] [D] [thread 76591] [13.0] [cxt 0] Parser state 'start': key is 86dd
[16:25:05.996] [bmv2] [T] [thread 76591] [13.0] [cxt 0] Bytes parsed: 14
[16:25:05.996] [bmv2] [D] [thread 76591] [13.0] [cxt 0] Parser 'parser': end
[16:25:05.996] [bmv2] [D] [thread 76591] [13.0] [cxt 0] Pipeline 'ingress': start
[16:25:05.996] [bmv2] [T] [thread 76591] [13.0] [cxt 0] basic.p4(129) Condition "hdr.ipv4.isValid()" (node_2) is false
[16:25:05.996] [bmv2] [D] [thread 76591] [13.0] [cxt 0] Pipeline 'ingress': end
[16:25:05.996] [bmv2] [D] [thread 76591] [13.0] [cxt 0] Egress port is 0
[16:25:05.996] [bmv2] [D] [thread 76592] [13.0] [cxt 0] Pipeline 'egress': start
[16:25:05.996] [bmv2] [T] [thread 76592] [13.0] [cxt 0] basic.p4(166) Condition "standard_metadata.egress_port == 3" (node_8) is false
[16:25:05.996] [bmv2] [D] [thread 76592] [13.0] [cxt 0] Pipeline 'egress': end
[16:25:05.996] [bmv2] [D] [thread 76592] [13.0] [cxt 0] Deparser 'deparser': start
[16:25:05.996] [bmv2] [D] [thread 76592] [13.0] [cxt 0] Deparsing header 'ethernet'
[16:25:05.996] [bmv2] [D] [thread 76592] [13.0] [cxt 0] Deparser 'deparser': end
[16:25:05.996] [bmv2] [D] [thread 76596] [13.0] [cxt 0] Transmitting packet of size 226 out of port 0
[16:25:06.003] [bmv2] [D] [thread 76591] [14.0] [cxt 0] Processing packet received on port 2
[16:25:06.003] [bmv2] [D] [thread 76591] [14.0] [cxt 0] Parser 'parser': start
[16:25:06.003] [bmv2] [D] [thread 76591] [14.0] [cxt 0] Parser 'parser' entering state 'start'
[16:25:06.003] [bmv2] [D] [thread 76591] [14.0] [cxt 0] Extracting header 'ethernet'
[16:25:06.003] [bmv2] [D] [thread 76591] [14.0] [cxt 0] Parser state 'start': key is 86dd
[16:25:06.003] [bmv2] [T] [thread 76591] [14.0] [cxt 0] Bytes parsed: 14
[16:25:06.003] [bmv2] [D] [thread 76591] [14.0] [cxt 0] Parser 'parser': end
[16:25:06.003] [bmv2] [D] [thread 76591] [14.0] [cxt 0] Pipeline 'ingress': start
[16:25:06.003] [bmv2] [T] [thread 76591] [14.0] [cxt 0] basic.p4(129) Condition "hdr.ipv4.isValid()" (node_2) is false
[16:25:06.003] [bmv2] [D] [thread 76591] [14.0] [cxt 0] Pipeline 'ingress': end
[16:25:06.003] [bmv2] [D] [thread 76591] [14.0] [cxt 0] Egress port is 0
[16:25:06.003] [bmv2] [D] [thread 76592] [14.0] [cxt 0] Pipeline 'egress': start
[16:25:06.003] [bmv2] [T] [thread 76592] [14.0] [cxt 0] basic.p4(166) Condition "standard_metadata.egress_port == 3" (node_8) is false
[16:25:06.003] [bmv2] [D] [thread 76592] [14.0] [cxt 0] Pipeline 'egress': end
[16:25:06.003] [bmv2] [D] [thread 76592] [14.0] [cxt 0] Deparser 'deparser': start
[16:25:06.003] [bmv2] [D] [thread 76592] [14.0] [cxt 0] Deparsing header 'ethernet'
[16:25:06.003] [bmv2] [D] [thread 76592] [14.0] [cxt 0] Deparser 'deparser': end
[16:25:06.003] [bmv2] [D] [thread 76596] [14.0] [cxt 0] Transmitting packet of size 203 out of port 0
[16:25:06.123] [bmv2] [D] [thread 76591] [15.0] [cxt 0] Processing packet received on port 2
[16:25:06.123] [bmv2] [D] [thread 76591] [15.0] [cxt 0] Parser 'parser': start
[16:25:06.123] [bmv2] [D] [thread 76591] [15.0] [cxt 0] Parser 'parser' entering state 'start'
[16:25:06.123] [bmv2] [D] [thread 76591] [15.0] [cxt 0] Extracting header 'ethernet'
[16:25:06.123] [bmv2] [D] [thread 76591] [15.0] [cxt 0] Parser state 'start': key is 86dd
[16:25:06.123] [bmv2] [T] [thread 76591] [15.0] [cxt 0] Bytes parsed: 14
[16:25:06.123] [bmv2] [D] [thread 76591] [15.0] [cxt 0] Parser 'parser': end
[16:25:06.123] [bmv2] [D] [thread 76591] [15.0] [cxt 0] Pipeline 'ingress': start
[16:25:06.123] [bmv2] [T] [thread 76591] [15.0] [cxt 0] basic.p4(129) Condition "hdr.ipv4.isValid()" (node_2) is false
[16:25:06.123] [bmv2] [D] [thread 76591] [15.0] [cxt 0] Pipeline 'ingress': end
[16:25:06.123] [bmv2] [D] [thread 76591] [15.0] [cxt 0] Egress port is 0
[16:25:06.123] [bmv2] [D] [thread 76592] [15.0] [cxt 0] Pipeline 'egress': start
[16:25:06.123] [bmv2] [T] [thread 76592] [15.0] [cxt 0] basic.p4(166) Condition "standard_metadata.egress_port == 3" (node_8) is false
[16:25:06.123] [bmv2] [D] [thread 76592] [15.0] [cxt 0] Pipeline 'egress': end
[16:25:06.123] [bmv2] [D] [thread 76592] [15.0] [cxt 0] Deparser 'deparser': start
[16:25:06.123] [bmv2] [D] [thread 76592] [15.0] [cxt 0] Deparsing header 'ethernet'
[16:25:06.123] [bmv2] [D] [thread 76592] [15.0] [cxt 0] Deparser 'deparser': end
[16:25:06.123] [bmv2] [D] [thread 76596] [15.0] [cxt 0] Transmitting packet of size 226 out of port 0
[16:25:06.246] [bmv2] [D] [thread 76591] [16.0] [cxt 0] Processing packet received on port 1
[16:25:06.246] [bmv2] [D] [thread 76591] [16.0] [cxt 0] Parser 'parser': start
[16:25:06.247] [bmv2] [D] [thread 76591] [16.0] [cxt 0] Parser 'parser' entering state 'start'
[16:25:06.247] [bmv2] [D] [thread 76591] [16.0] [cxt 0] Extracting header 'ethernet'
[16:25:06.247] [bmv2] [D] [thread 76591] [16.0] [cxt 0] Parser state 'start': key is 86dd
[16:25:06.247] [bmv2] [T] [thread 76591] [16.0] [cxt 0] Bytes parsed: 14
[16:25:06.247] [bmv2] [D] [thread 76591] [16.0] [cxt 0] Parser 'parser': end
[16:25:06.247] [bmv2] [D] [thread 76591] [16.0] [cxt 0] Pipeline 'ingress': start
[16:25:06.247] [bmv2] [T] [thread 76591] [16.0] [cxt 0] basic.p4(129) Condition "hdr.ipv4.isValid()" (node_2) is false
[16:25:06.247] [bmv2] [D] [thread 76591] [16.0] [cxt 0] Pipeline 'ingress': end
[16:25:06.247] [bmv2] [D] [thread 76591] [16.0] [cxt 0] Egress port is 0
[16:25:06.247] [bmv2] [D] [thread 76592] [16.0] [cxt 0] Pipeline 'egress': start
[16:25:06.247] [bmv2] [T] [thread 76592] [16.0] [cxt 0] basic.p4(166) Condition "standard_metadata.egress_port == 3" (node_8) is false
[16:25:06.247] [bmv2] [D] [thread 76592] [16.0] [cxt 0] Pipeline 'egress': end
[16:25:06.247] [bmv2] [D] [thread 76592] [16.0] [cxt 0] Deparser 'deparser': start
[16:25:06.247] [bmv2] [D] [thread 76592] [16.0] [cxt 0] Deparsing header 'ethernet'
[16:25:06.247] [bmv2] [D] [thread 76592] [16.0] [cxt 0] Deparser 'deparser': end
[16:25:06.247] [bmv2] [D] [thread 76596] [16.0] [cxt 0] Transmitting packet of size 226 out of port 0
[16:25:06.374] [bmv2] [D] [thread 76591] [17.0] [cxt 0] Processing packet received on port 2
[16:25:06.374] [bmv2] [D] [thread 76591] [17.0] [cxt 0] Parser 'parser': start
[16:25:06.374] [bmv2] [D] [thread 76591] [17.0] [cxt 0] Parser 'parser' entering state 'start'
[16:25:06.374] [bmv2] [D] [thread 76591] [17.0] [cxt 0] Extracting header 'ethernet'
[16:25:06.374] [bmv2] [D] [thread 76591] [17.0] [cxt 0] Parser state 'start': key is 86dd
[16:25:06.374] [bmv2] [T] [thread 76591] [17.0] [cxt 0] Bytes parsed: 14
[16:25:06.374] [bmv2] [D] [thread 76591] [17.0] [cxt 0] Parser 'parser': end
[16:25:06.374] [bmv2] [D] [thread 76591] [17.0] [cxt 0] Pipeline 'ingress': start
[16:25:06.374] [bmv2] [T] [thread 76591] [17.0] [cxt 0] basic.p4(129) Condition "hdr.ipv4.isValid()" (node_2) is false
[16:25:06.374] [bmv2] [D] [thread 76591] [17.0] [cxt 0] Pipeline 'ingress': end
[16:25:06.374] [bmv2] [D] [thread 76591] [17.0] [cxt 0] Egress port is 0
[16:25:06.374] [bmv2] [D] [thread 76592] [17.0] [cxt 0] Pipeline 'egress': start
[16:25:06.374] [bmv2] [T] [thread 76592] [17.0] [cxt 0] basic.p4(166) Condition "standard_metadata.egress_port == 3" (node_8) is false
[16:25:06.374] [bmv2] [D] [thread 76592] [17.0] [cxt 0] Pipeline 'egress': end
[16:25:06.374] [bmv2] [D] [thread 76592] [17.0] [cxt 0] Deparser 'deparser': start
[16:25:06.374] [bmv2] [D] [thread 76592] [17.0] [cxt 0] Deparsing header 'ethernet'
[16:25:06.374] [bmv2] [D] [thread 76592] [17.0] [cxt 0] Deparser 'deparser': end
[16:25:06.374] [bmv2] [D] [thread 76596] [17.0] [cxt 0] Transmitting packet of size 226 out of port 0
[16:25:06.497] [bmv2] [D] [thread 76591] [18.0] [cxt 0] Processing packet received on port 1
[16:25:06.497] [bmv2] [D] [thread 76591] [18.0] [cxt 0] Parser 'parser': start
[16:25:06.497] [bmv2] [D] [thread 76591] [18.0] [cxt 0] Parser 'parser' entering state 'start'
[16:25:06.497] [bmv2] [D] [thread 76591] [18.0] [cxt 0] Extracting header 'ethernet'
[16:25:06.497] [bmv2] [D] [thread 76591] [18.0] [cxt 0] Parser state 'start': key is 86dd
[16:25:06.497] [bmv2] [T] [thread 76591] [18.0] [cxt 0] Bytes parsed: 14
[16:25:06.498] [bmv2] [D] [thread 76591] [18.0] [cxt 0] Parser 'parser': end
[16:25:06.498] [bmv2] [D] [thread 76591] [18.0] [cxt 0] Pipeline 'ingress': start
[16:25:06.498] [bmv2] [T] [thread 76591] [18.0] [cxt 0] basic.p4(129) Condition "hdr.ipv4.isValid()" (node_2) is false
[16:25:06.498] [bmv2] [D] [thread 76591] [18.0] [cxt 0] Pipeline 'ingress': end
[16:25:06.498] [bmv2] [D] [thread 76591] [18.0] [cxt 0] Egress port is 0
[16:25:06.498] [bmv2] [D] [thread 76592] [18.0] [cxt 0] Pipeline 'egress': start
[16:25:06.498] [bmv2] [T] [thread 76592] [18.0] [cxt 0] basic.p4(166) Condition "standard_metadata.egress_port == 3" (node_8) is false
[16:25:06.498] [bmv2] [D] [thread 76592] [18.0] [cxt 0] Pipeline 'egress': end
[16:25:06.498] [bmv2] [D] [thread 76592] [18.0] [cxt 0] Deparser 'deparser': start
[16:25:06.498] [bmv2] [D] [thread 76592] [18.0] [cxt 0] Deparsing header 'ethernet'
[16:25:06.498] [bmv2] [D] [thread 76592] [18.0] [cxt 0] Deparser 'deparser': end
[16:25:06.498] [bmv2] [D] [thread 76596] [18.0] [cxt 0] Transmitting packet of size 226 out of port 0
[16:25:06.625] [bmv2] [D] [thread 76591] [19.0] [cxt 0] Processing packet received on port 2
[16:25:06.625] [bmv2] [D] [thread 76591] [19.0] [cxt 0] Parser 'parser': start
[16:25:06.625] [bmv2] [D] [thread 76591] [19.0] [cxt 0] Parser 'parser' entering state 'start'
[16:25:06.625] [bmv2] [D] [thread 76591] [19.0] [cxt 0] Extracting header 'ethernet'
[16:25:06.625] [bmv2] [D] [thread 76591] [19.0] [cxt 0] Parser state 'start': key is 86dd
[16:25:06.625] [bmv2] [T] [thread 76591] [19.0] [cxt 0] Bytes parsed: 14
[16:25:06.625] [bmv2] [D] [thread 76591] [19.0] [cxt 0] Parser 'parser': end
[16:25:06.625] [bmv2] [D] [thread 76591] [19.0] [cxt 0] Pipeline 'ingress': start
[16:25:06.625] [bmv2] [T] [thread 76591] [19.0] [cxt 0] basic.p4(129) Condition "hdr.ipv4.isValid()" (node_2) is false
[16:25:06.625] [bmv2] [D] [thread 76591] [19.0] [cxt 0] Pipeline 'ingress': end
[16:25:06.625] [bmv2] [D] [thread 76591] [19.0] [cxt 0] Egress port is 0
[16:25:06.625] [bmv2] [D] [thread 76592] [19.0] [cxt 0] Pipeline 'egress': start
[16:25:06.625] [bmv2] [T] [thread 76592] [19.0] [cxt 0] basic.p4(166) Condition "standard_metadata.egress_port == 3" (node_8) is false
[16:25:06.625] [bmv2] [D] [thread 76592] [19.0] [cxt 0] Pipeline 'egress': end
[16:25:06.625] [bmv2] [D] [thread 76592] [19.0] [cxt 0] Deparser 'deparser': start
[16:25:06.625] [bmv2] [D] [thread 76592] [19.0] [cxt 0] Deparsing header 'ethernet'
[16:25:06.625] [bmv2] [D] [thread 76592] [19.0] [cxt 0] Deparser 'deparser': end
[16:25:06.625] [bmv2] [D] [thread 76596] [19.0] [cxt 0] Transmitting packet of size 226 out of port 0
[16:25:06.698] [bmv2] [D] [thread 76591] [20.0] [cxt 0] Processing packet received on port 1
[16:25:06.698] [bmv2] [D] [thread 76591] [20.0] [cxt 0] Parser 'parser': start
[16:25:06.698] [bmv2] [D] [thread 76591] [20.0] [cxt 0] Parser 'parser' entering state 'start'
[16:25:06.698] [bmv2] [D] [thread 76591] [20.0] [cxt 0] Extracting header 'ethernet'
[16:25:06.698] [bmv2] [D] [thread 76591] [20.0] [cxt 0] Parser state 'start': key is 86dd
[16:25:06.698] [bmv2] [T] [thread 76591] [20.0] [cxt 0] Bytes parsed: 14
[16:25:06.698] [bmv2] [D] [thread 76591] [20.0] [cxt 0] Parser 'parser': end
[16:25:06.698] [bmv2] [D] [thread 76591] [20.0] [cxt 0] Pipeline 'ingress': start
[16:25:06.698] [bmv2] [T] [thread 76591] [20.0] [cxt 0] basic.p4(129) Condition "hdr.ipv4.isValid()" (node_2) is false
[16:25:06.698] [bmv2] [D] [thread 76591] [20.0] [cxt 0] Pipeline 'ingress': end
[16:25:06.698] [bmv2] [D] [thread 76591] [20.0] [cxt 0] Egress port is 0
[16:25:06.698] [bmv2] [D] [thread 76592] [20.0] [cxt 0] Pipeline 'egress': start
[16:25:06.698] [bmv2] [T] [thread 76592] [20.0] [cxt 0] basic.p4(166) Condition "standard_metadata.egress_port == 3" (node_8) is false
[16:25:06.698] [bmv2] [D] [thread 76592] [20.0] [cxt 0] Pipeline 'egress': end
[16:25:06.698] [bmv2] [D] [thread 76592] [20.0] [cxt 0] Deparser 'deparser': start
[16:25:06.698] [bmv2] [D] [thread 76592] [20.0] [cxt 0] Deparsing header 'ethernet'
[16:25:06.698] [bmv2] [D] [thread 76592] [20.0] [cxt 0] Deparser 'deparser': end
[16:25:06.698] [bmv2] [D] [thread 76596] [20.0] [cxt 0] Transmitting packet of size 214 out of port 0
[16:25:06.825] [bmv2] [D] [thread 76591] [21.0] [cxt 0] Processing packet received on port 2
[16:25:06.826] [bmv2] [D] [thread 76591] [21.0] [cxt 0] Parser 'parser': start
[16:25:06.826] [bmv2] [D] [thread 76591] [21.0] [cxt 0] Parser 'parser' entering state 'start'
[16:25:06.826] [bmv2] [D] [thread 76591] [21.0] [cxt 0] Extracting header 'ethernet'
[16:25:06.826] [bmv2] [D] [thread 76591] [21.0] [cxt 0] Parser state 'start': key is 86dd
[16:25:06.826] [bmv2] [T] [thread 76591] [21.0] [cxt 0] Bytes parsed: 14
[16:25:06.826] [bmv2] [D] [thread 76591] [21.0] [cxt 0] Parser 'parser': end
[16:25:06.826] [bmv2] [D] [thread 76591] [21.0] [cxt 0] Pipeline 'ingress': start
[16:25:06.826] [bmv2] [T] [thread 76591] [21.0] [cxt 0] basic.p4(129) Condition "hdr.ipv4.isValid()" (node_2) is false
[16:25:06.826] [bmv2] [D] [thread 76591] [21.0] [cxt 0] Pipeline 'ingress': end
[16:25:06.826] [bmv2] [D] [thread 76591] [21.0] [cxt 0] Egress port is 0
[16:25:06.826] [bmv2] [D] [thread 76592] [21.0] [cxt 0] Pipeline 'egress': start
[16:25:06.826] [bmv2] [T] [thread 76592] [21.0] [cxt 0] basic.p4(166) Condition "standard_metadata.egress_port == 3" (node_8) is false
[16:25:06.826] [bmv2] [D] [thread 76592] [21.0] [cxt 0] Pipeline 'egress': end
[16:25:06.826] [bmv2] [D] [thread 76592] [21.0] [cxt 0] Deparser 'deparser': start
[16:25:06.826] [bmv2] [D] [thread 76592] [21.0] [cxt 0] Deparsing header 'ethernet'
[16:25:06.826] [bmv2] [D] [thread 76592] [21.0] [cxt 0] Deparser 'deparser': end
[16:25:06.826] [bmv2] [D] [thread 76596] [21.0] [cxt 0] Transmitting packet of size 214 out of port 0
[16:25:06.834] [bmv2] [D] [thread 76591] [22.0] [cxt 0] Processing packet received on port 2
[16:25:06.834] [bmv2] [D] [thread 76591] [22.0] [cxt 0] Parser 'parser': start
[16:25:06.834] [bmv2] [D] [thread 76591] [22.0] [cxt 0] Parser 'parser' entering state 'start'
[16:25:06.834] [bmv2] [D] [thread 76591] [22.0] [cxt 0] Extracting header 'ethernet'
[16:25:06.834] [bmv2] [D] [thread 76591] [22.0] [cxt 0] Parser state 'start': key is 86dd
[16:25:06.834] [bmv2] [T] [thread 76591] [22.0] [cxt 0] Bytes parsed: 14
[16:25:06.834] [bmv2] [D] [thread 76591] [22.0] [cxt 0] Parser 'parser': end
[16:25:06.834] [bmv2] [D] [thread 76591] [22.0] [cxt 0] Pipeline 'ingress': start
[16:25:06.834] [bmv2] [T] [thread 76591] [22.0] [cxt 0] basic.p4(129) Condition "hdr.ipv4.isValid()" (node_2) is false
[16:25:06.834] [bmv2] [D] [thread 76591] [22.0] [cxt 0] Pipeline 'ingress': end
[16:25:06.834] [bmv2] [D] [thread 76591] [22.0] [cxt 0] Egress port is 0
[16:25:06.834] [bmv2] [D] [thread 76592] [22.0] [cxt 0] Pipeline 'egress': start
[16:25:06.834] [bmv2] [T] [thread 76592] [22.0] [cxt 0] basic.p4(166) Condition "standard_metadata.egress_port == 3" (node_8) is false
[16:25:06.834] [bmv2] [D] [thread 76592] [22.0] [cxt 0] Pipeline 'egress': end
[16:25:06.834] [bmv2] [D] [thread 76592] [22.0] [cxt 0] Deparser 'deparser': start
[16:25:06.834] [bmv2] [D] [thread 76592] [22.0] [cxt 0] Deparsing header 'ethernet'
[16:25:06.834] [bmv2] [D] [thread 76592] [22.0] [cxt 0] Deparser 'deparser': end
[16:25:06.834] [bmv2] [D] [thread 76596] [22.0] [cxt 0] Transmitting packet of size 110 out of port 0
[16:25:06.862] [bmv2] [D] [thread 76591] [23.0] [cxt 0] Processing packet received on port 2
[16:25:06.862] [bmv2] [D] [thread 76591] [23.0] [cxt 0] Parser 'parser': start
[16:25:06.862] [bmv2] [D] [thread 76591] [23.0] [cxt 0] Parser 'parser' entering state 'start'
[16:25:06.862] [bmv2] [D] [thread 76591] [23.0] [cxt 0] Extracting header 'ethernet'
[16:25:06.862] [bmv2] [D] [thread 76591] [23.0] [cxt 0] Parser state 'start': key is 86dd
[16:25:06.862] [bmv2] [T] [thread 76591] [23.0] [cxt 0] Bytes parsed: 14
[16:25:06.862] [bmv2] [D] [thread 76591] [23.0] [cxt 0] Parser 'parser': end
[16:25:06.862] [bmv2] [D] [thread 76591] [23.0] [cxt 0] Pipeline 'ingress': start
[16:25:06.862] [bmv2] [T] [thread 76591] [23.0] [cxt 0] basic.p4(129) Condition "hdr.ipv4.isValid()" (node_2) is false
[16:25:06.862] [bmv2] [D] [thread 76591] [23.0] [cxt 0] Pipeline 'ingress': end
[16:25:06.862] [bmv2] [D] [thread 76591] [23.0] [cxt 0] Egress port is 0
[16:25:06.862] [bmv2] [D] [thread 76592] [23.0] [cxt 0] Pipeline 'egress': start
[16:25:06.862] [bmv2] [T] [thread 76592] [23.0] [cxt 0] basic.p4(166) Condition "standard_metadata.egress_port == 3" (node_8) is false
[16:25:06.862] [bmv2] [D] [thread 76592] [23.0] [cxt 0] Pipeline 'egress': end
[16:25:06.862] [bmv2] [D] [thread 76592] [23.0] [cxt 0] Deparser 'deparser': start
[16:25:06.862] [bmv2] [D] [thread 76592] [23.0] [cxt 0] Deparsing header 'ethernet'
[16:25:06.862] [bmv2] [D] [thread 76592] [23.0] [cxt 0] Deparser 'deparser': end
[16:25:06.862] [bmv2] [D] [thread 76596] [23.0] [cxt 0] Transmitting packet of size 90 out of port 0
[16:25:06.876] [bmv2] [D] [thread 76591] [24.0] [cxt 0] Processing packet received on port 1
[16:25:06.876] [bmv2] [D] [thread 76591] [24.0] [cxt 0] Parser 'parser': start
[16:25:06.876] [bmv2] [D] [thread 76591] [24.0] [cxt 0] Parser 'parser' entering state 'start'
[16:25:06.876] [bmv2] [D] [thread 76591] [24.0] [cxt 0] Extracting header 'ethernet'
[16:25:06.876] [bmv2] [D] [thread 76591] [24.0] [cxt 0] Parser state 'start': key is 86dd
[16:25:06.876] [bmv2] [T] [thread 76591] [24.0] [cxt 0] Bytes parsed: 14
[16:25:06.876] [bmv2] [D] [thread 76591] [24.0] [cxt 0] Parser 'parser': end
[16:25:06.876] [bmv2] [D] [thread 76591] [24.0] [cxt 0] Pipeline 'ingress': start
[16:25:06.876] [bmv2] [T] [thread 76591] [24.0] [cxt 0] basic.p4(129) Condition "hdr.ipv4.isValid()" (node_2) is false
[16:25:06.876] [bmv2] [D] [thread 76591] [24.0] [cxt 0] Pipeline 'ingress': end
[16:25:06.876] [bmv2] [D] [thread 76591] [24.0] [cxt 0] Egress port is 0
[16:25:06.876] [bmv2] [D] [thread 76592] [24.0] [cxt 0] Pipeline 'egress': start
[16:25:06.876] [bmv2] [T] [thread 76592] [24.0] [cxt 0] basic.p4(166) Condition "standard_metadata.egress_port == 3" (node_8) is false
[16:25:06.876] [bmv2] [D] [thread 76592] [24.0] [cxt 0] Pipeline 'egress': end
[16:25:06.876] [bmv2] [D] [thread 76592] [24.0] [cxt 0] Deparser 'deparser': start
[16:25:06.876] [bmv2] [D] [thread 76592] [24.0] [cxt 0] Deparsing header 'ethernet'
[16:25:06.876] [bmv2] [D] [thread 76592] [24.0] [cxt 0] Deparser 'deparser': end
[16:25:06.876] [bmv2] [D] [thread 76596] [24.0] [cxt 0] Transmitting packet of size 203 out of port 0
[16:25:07.003] [bmv2] [D] [thread 76591] [25.0] [cxt 0] Processing packet received on port 2
[16:25:07.003] [bmv2] [D] [thread 76591] [25.0] [cxt 0] Parser 'parser': start
[16:25:07.003] [bmv2] [D] [thread 76591] [25.0] [cxt 0] Parser 'parser' entering state 'start'
[16:25:07.003] [bmv2] [D] [thread 76591] [25.0] [cxt 0] Extracting header 'ethernet'
[16:25:07.003] [bmv2] [D] [thread 76591] [25.0] [cxt 0] Parser state 'start': key is 86dd
[16:25:07.003] [bmv2] [T] [thread 76591] [25.0] [cxt 0] Bytes parsed: 14
[16:25:07.003] [bmv2] [D] [thread 76591] [25.0] [cxt 0] Parser 'parser': end
[16:25:07.003] [bmv2] [D] [thread 76591] [25.0] [cxt 0] Pipeline 'ingress': start
[16:25:07.003] [bmv2] [T] [thread 76591] [25.0] [cxt 0] basic.p4(129) Condition "hdr.ipv4.isValid()" (node_2) is false
[16:25:07.003] [bmv2] [D] [thread 76591] [25.0] [cxt 0] Pipeline 'ingress': end
[16:25:07.003] [bmv2] [D] [thread 76591] [25.0] [cxt 0] Egress port is 0
[16:25:07.003] [bmv2] [D] [thread 76592] [25.0] [cxt 0] Pipeline 'egress': start
[16:25:07.003] [bmv2] [T] [thread 76592] [25.0] [cxt 0] basic.p4(166) Condition "standard_metadata.egress_port == 3" (node_8) is false
[16:25:07.003] [bmv2] [D] [thread 76592] [25.0] [cxt 0] Pipeline 'egress': end
[16:25:07.003] [bmv2] [D] [thread 76592] [25.0] [cxt 0] Deparser 'deparser': start
[16:25:07.003] [bmv2] [D] [thread 76592] [25.0] [cxt 0] Deparsing header 'ethernet'
[16:25:07.003] [bmv2] [D] [thread 76592] [25.0] [cxt 0] Deparser 'deparser': end
[16:25:07.003] [bmv2] [D] [thread 76596] [25.0] [cxt 0] Transmitting packet of size 203 out of port 0
[16:25:07.870] [bmv2] [D] [thread 76591] [26.0] [cxt 0] Processing packet received on port 1
[16:25:07.870] [bmv2] [D] [thread 76591] [26.0] [cxt 0] Parser 'parser': start
[16:25:07.870] [bmv2] [D] [thread 76591] [26.0] [cxt 0] Parser 'parser' entering state 'start'
[16:25:07.870] [bmv2] [D] [thread 76591] [26.0] [cxt 0] Extracting header 'ethernet'
[16:25:07.870] [bmv2] [D] [thread 76591] [26.0] [cxt 0] Parser state 'start': key is 86dd
[16:25:07.870] [bmv2] [T] [thread 76591] [26.0] [cxt 0] Bytes parsed: 14
[16:25:07.870] [bmv2] [D] [thread 76591] [26.0] [cxt 0] Parser 'parser': end
[16:25:07.870] [bmv2] [D] [thread 76591] [26.0] [cxt 0] Pipeline 'ingress': start
[16:25:07.870] [bmv2] [T] [thread 76591] [26.0] [cxt 0] basic.p4(129) Condition "hdr.ipv4.isValid()" (node_2) is false
[16:25:07.870] [bmv2] [D] [thread 76591] [26.0] [cxt 0] Pipeline 'ingress': end
[16:25:07.870] [bmv2] [D] [thread 76591] [26.0] [cxt 0] Egress port is 0
[16:25:07.870] [bmv2] [D] [thread 76592] [26.0] [cxt 0] Pipeline 'egress': start
[16:25:07.870] [bmv2] [T] [thread 76592] [26.0] [cxt 0] basic.p4(166) Condition "standard_metadata.egress_port == 3" (node_8) is false
[16:25:07.870] [bmv2] [D] [thread 76592] [26.0] [cxt 0] Pipeline 'egress': end
[16:25:07.870] [bmv2] [D] [thread 76592] [26.0] [cxt 0] Deparser 'deparser': start
[16:25:07.870] [bmv2] [D] [thread 76592] [26.0] [cxt 0] Deparsing header 'ethernet'
[16:25:07.870] [bmv2] [D] [thread 76592] [26.0] [cxt 0] Deparser 'deparser': end
[16:25:07.870] [bmv2] [D] [thread 76596] [26.0] [cxt 0] Transmitting packet of size 214 out of port 0
[16:25:07.996] [bmv2] [D] [thread 76591] [27.0] [cxt 0] Processing packet received on port 2
[16:25:07.996] [bmv2] [D] [thread 76591] [27.0] [cxt 0] Parser 'parser': start
[16:25:07.996] [bmv2] [D] [thread 76591] [27.0] [cxt 0] Parser 'parser' entering state 'start'
[16:25:07.996] [bmv2] [D] [thread 76591] [27.0] [cxt 0] Extracting header 'ethernet'
[16:25:07.996] [bmv2] [D] [thread 76591] [27.0] [cxt 0] Parser state 'start': key is 86dd
[16:25:07.996] [bmv2] [T] [thread 76591] [27.0] [cxt 0] Bytes parsed: 14
[16:25:07.996] [bmv2] [D] [thread 76591] [27.0] [cxt 0] Parser 'parser': end
[16:25:07.996] [bmv2] [D] [thread 76591] [27.0] [cxt 0] Pipeline 'ingress': start
[16:25:07.996] [bmv2] [T] [thread 76591] [27.0] [cxt 0] basic.p4(129) Condition "hdr.ipv4.isValid()" (node_2) is false
[16:25:07.996] [bmv2] [D] [thread 76591] [27.0] [cxt 0] Pipeline 'ingress': end
[16:25:07.996] [bmv2] [D] [thread 76591] [27.0] [cxt 0] Egress port is 0
[16:25:07.996] [bmv2] [D] [thread 76592] [27.0] [cxt 0] Pipeline 'egress': start
[16:25:07.996] [bmv2] [T] [thread 76592] [27.0] [cxt 0] basic.p4(166) Condition "standard_metadata.egress_port == 3" (node_8) is false
[16:25:07.996] [bmv2] [D] [thread 76592] [27.0] [cxt 0] Pipeline 'egress': end
[16:25:07.996] [bmv2] [D] [thread 76592] [27.0] [cxt 0] Deparser 'deparser': start
[16:25:07.997] [bmv2] [D] [thread 76592] [27.0] [cxt 0] Deparsing header 'ethernet'
[16:25:07.997] [bmv2] [D] [thread 76592] [27.0] [cxt 0] Deparser 'deparser': end
[16:25:07.997] [bmv2] [D] [thread 76596] [27.0] [cxt 0] Transmitting packet of size 214 out of port 0
[16:25:08.877] [bmv2] [D] [thread 76591] [28.0] [cxt 0] Processing packet received on port 1
[16:25:08.877] [bmv2] [D] [thread 76591] [28.0] [cxt 0] Parser 'parser': start
[16:25:08.877] [bmv2] [D] [thread 76591] [28.0] [cxt 0] Parser 'parser' entering state 'start'
[16:25:08.877] [bmv2] [D] [thread 76591] [28.0] [cxt 0] Extracting header 'ethernet'
[16:25:08.877] [bmv2] [D] [thread 76591] [28.0] [cxt 0] Parser state 'start': key is 86dd
[16:25:08.877] [bmv2] [T] [thread 76591] [28.0] [cxt 0] Bytes parsed: 14
[16:25:08.877] [bmv2] [D] [thread 76591] [28.0] [cxt 0] Parser 'parser': end
[16:25:08.877] [bmv2] [D] [thread 76591] [28.0] [cxt 0] Pipeline 'ingress': start
[16:25:08.877] [bmv2] [T] [thread 76591] [28.0] [cxt 0] basic.p4(129) Condition "hdr.ipv4.isValid()" (node_2) is false
[16:25:08.877] [bmv2] [D] [thread 76591] [28.0] [cxt 0] Pipeline 'ingress': end
[16:25:08.877] [bmv2] [D] [thread 76591] [28.0] [cxt 0] Egress port is 0
[16:25:08.877] [bmv2] [D] [thread 76592] [28.0] [cxt 0] Pipeline 'egress': start
[16:25:08.877] [bmv2] [T] [thread 76592] [28.0] [cxt 0] basic.p4(166) Condition "standard_metadata.egress_port == 3" (node_8) is false
[16:25:08.877] [bmv2] [D] [thread 76592] [28.0] [cxt 0] Pipeline 'egress': end
[16:25:08.877] [bmv2] [D] [thread 76592] [28.0] [cxt 0] Deparser 'deparser': start
[16:25:08.877] [bmv2] [D] [thread 76592] [28.0] [cxt 0] Deparsing header 'ethernet'
[16:25:08.877] [bmv2] [D] [thread 76592] [28.0] [cxt 0] Deparser 'deparser': end
[16:25:08.877] [bmv2] [D] [thread 76596] [28.0] [cxt 0] Transmitting packet of size 203 out of port 0
[16:25:09.004] [bmv2] [D] [thread 76591] [29.0] [cxt 0] Processing packet received on port 2
[16:25:09.004] [bmv2] [D] [thread 76591] [29.0] [cxt 0] Parser 'parser': start
[16:25:09.004] [bmv2] [D] [thread 76591] [29.0] [cxt 0] Parser 'parser' entering state 'start'
[16:25:09.004] [bmv2] [D] [thread 76591] [29.0] [cxt 0] Extracting header 'ethernet'
[16:25:09.004] [bmv2] [D] [thread 76591] [29.0] [cxt 0] Parser state 'start': key is 86dd
[16:25:09.004] [bmv2] [T] [thread 76591] [29.0] [cxt 0] Bytes parsed: 14
[16:25:09.004] [bmv2] [D] [thread 76591] [29.0] [cxt 0] Parser 'parser': end
[16:25:09.004] [bmv2] [D] [thread 76591] [29.0] [cxt 0] Pipeline 'ingress': start
[16:25:09.004] [bmv2] [T] [thread 76591] [29.0] [cxt 0] basic.p4(129) Condition "hdr.ipv4.isValid()" (node_2) is false
[16:25:09.004] [bmv2] [D] [thread 76591] [29.0] [cxt 0] Pipeline 'ingress': end
[16:25:09.004] [bmv2] [D] [thread 76591] [29.0] [cxt 0] Egress port is 0
[16:25:09.004] [bmv2] [D] [thread 76592] [29.0] [cxt 0] Pipeline 'egress': start
[16:25:09.004] [bmv2] [T] [thread 76592] [29.0] [cxt 0] basic.p4(166) Condition "standard_metadata.egress_port == 3" (node_8) is false
[16:25:09.004] [bmv2] [D] [thread 76592] [29.0] [cxt 0] Pipeline 'egress': end
[16:25:09.004] [bmv2] [D] [thread 76592] [29.0] [cxt 0] Deparser 'deparser': start
[16:25:09.004] [bmv2] [D] [thread 76592] [29.0] [cxt 0] Deparsing header 'ethernet'
[16:25:09.004] [bmv2] [D] [thread 76592] [29.0] [cxt 0] Deparser 'deparser': end
[16:25:09.004] [bmv2] [D] [thread 76596] [29.0] [cxt 0] Transmitting packet of size 203 out of port 0
[16:25:09.518] [bmv2] [D] [thread 76591] [30.0] [cxt 0] Processing packet received on port 1
[16:25:09.518] [bmv2] [D] [thread 76591] [30.0] [cxt 0] Parser 'parser': start
[16:25:09.518] [bmv2] [D] [thread 76591] [30.0] [cxt 0] Parser 'parser' entering state 'start'
[16:25:09.518] [bmv2] [D] [thread 76591] [30.0] [cxt 0] Extracting header 'ethernet'
[16:25:09.518] [bmv2] [D] [thread 76591] [30.0] [cxt 0] Parser state 'start': key is 86dd
[16:25:09.518] [bmv2] [T] [thread 76591] [30.0] [cxt 0] Bytes parsed: 14
[16:25:09.518] [bmv2] [D] [thread 76591] [30.0] [cxt 0] Parser 'parser': end
[16:25:09.518] [bmv2] [D] [thread 76591] [30.0] [cxt 0] Pipeline 'ingress': start
[16:25:09.518] [bmv2] [T] [thread 76591] [30.0] [cxt 0] basic.p4(129) Condition "hdr.ipv4.isValid()" (node_2) is false
[16:25:09.518] [bmv2] [D] [thread 76591] [30.0] [cxt 0] Pipeline 'ingress': end
[16:25:09.518] [bmv2] [D] [thread 76591] [30.0] [cxt 0] Egress port is 0
[16:25:09.518] [bmv2] [D] [thread 76592] [30.0] [cxt 0] Pipeline 'egress': start
[16:25:09.518] [bmv2] [T] [thread 76592] [30.0] [cxt 0] basic.p4(166) Condition "standard_metadata.egress_port == 3" (node_8) is false
[16:25:09.518] [bmv2] [D] [thread 76592] [30.0] [cxt 0] Pipeline 'egress': end
[16:25:09.518] [bmv2] [D] [thread 76592] [30.0] [cxt 0] Deparser 'deparser': start
[16:25:09.518] [bmv2] [D] [thread 76592] [30.0] [cxt 0] Deparsing header 'ethernet'
[16:25:09.518] [bmv2] [D] [thread 76592] [30.0] [cxt 0] Deparser 'deparser': end
[16:25:09.518] [bmv2] [D] [thread 76596] [30.0] [cxt 0] Transmitting packet of size 70 out of port 0
[16:25:10.030] [bmv2] [D] [thread 76591] [31.0] [cxt 0] Processing packet received on port 2
[16:25:10.030] [bmv2] [D] [thread 76591] [31.0] [cxt 0] Parser 'parser': start
[16:25:10.030] [bmv2] [D] [thread 76591] [31.0] [cxt 0] Parser 'parser' entering state 'start'
[16:25:10.030] [bmv2] [D] [thread 76591] [31.0] [cxt 0] Extracting header 'ethernet'
[16:25:10.030] [bmv2] [D] [thread 76591] [31.0] [cxt 0] Parser state 'start': key is 86dd
[16:25:10.030] [bmv2] [T] [thread 76591] [31.0] [cxt 0] Bytes parsed: 14
[16:25:10.030] [bmv2] [D] [thread 76591] [31.0] [cxt 0] Parser 'parser': end
[16:25:10.030] [bmv2] [D] [thread 76591] [31.0] [cxt 0] Pipeline 'ingress': start
[16:25:10.030] [bmv2] [T] [thread 76591] [31.0] [cxt 0] basic.p4(129) Condition "hdr.ipv4.isValid()" (node_2) is false
[16:25:10.030] [bmv2] [D] [thread 76591] [31.0] [cxt 0] Pipeline 'ingress': end
[16:25:10.030] [bmv2] [D] [thread 76591] [31.0] [cxt 0] Egress port is 0
[16:25:10.030] [bmv2] [D] [thread 76592] [31.0] [cxt 0] Pipeline 'egress': start
[16:25:10.030] [bmv2] [T] [thread 76592] [31.0] [cxt 0] basic.p4(166) Condition "standard_metadata.egress_port == 3" (node_8) is false
[16:25:10.030] [bmv2] [D] [thread 76592] [31.0] [cxt 0] Pipeline 'egress': end
[16:25:10.030] [bmv2] [D] [thread 76592] [31.0] [cxt 0] Deparser 'deparser': start
[16:25:10.030] [bmv2] [D] [thread 76592] [31.0] [cxt 0] Deparsing header 'ethernet'
[16:25:10.030] [bmv2] [D] [thread 76592] [31.0] [cxt 0] Deparser 'deparser': end
[16:25:10.030] [bmv2] [D] [thread 76596] [31.0] [cxt 0] Transmitting packet of size 70 out of port 0
[16:25:10.042] [bmv2] [D] [thread 76591] [32.0] [cxt 0] Processing packet received on port 1
[16:25:10.042] [bmv2] [D] [thread 76591] [32.0] [cxt 0] Parser 'parser': start
[16:25:10.042] [bmv2] [D] [thread 76591] [32.0] [cxt 0] Parser 'parser' entering state 'start'
[16:25:10.042] [bmv2] [D] [thread 76591] [32.0] [cxt 0] Extracting header 'ethernet'
[16:25:10.042] [bmv2] [D] [thread 76591] [32.0] [cxt 0] Parser state 'start': key is 86dd
[16:25:10.042] [bmv2] [T] [thread 76591] [32.0] [cxt 0] Bytes parsed: 14
[16:25:10.042] [bmv2] [D] [thread 76591] [32.0] [cxt 0] Parser 'parser': end
[16:25:10.042] [bmv2] [D] [thread 76591] [32.0] [cxt 0] Pipeline 'ingress': start
[16:25:10.042] [bmv2] [T] [thread 76591] [32.0] [cxt 0] basic.p4(129) Condition "hdr.ipv4.isValid()" (node_2) is false
[16:25:10.042] [bmv2] [D] [thread 76591] [32.0] [cxt 0] Pipeline 'ingress': end
[16:25:10.042] [bmv2] [D] [thread 76591] [32.0] [cxt 0] Egress port is 0
[16:25:10.042] [bmv2] [D] [thread 76592] [32.0] [cxt 0] Pipeline 'egress': start
[16:25:10.042] [bmv2] [T] [thread 76592] [32.0] [cxt 0] basic.p4(166) Condition "standard_metadata.egress_port == 3" (node_8) is false
[16:25:10.042] [bmv2] [D] [thread 76592] [32.0] [cxt 0] Pipeline 'egress': end
[16:25:10.042] [bmv2] [D] [thread 76592] [32.0] [cxt 0] Deparser 'deparser': start
[16:25:10.042] [bmv2] [D] [thread 76592] [32.0] [cxt 0] Deparsing header 'ethernet'
[16:25:10.042] [bmv2] [D] [thread 76592] [32.0] [cxt 0] Deparser 'deparser': end
[16:25:10.042] [bmv2] [D] [thread 76596] [32.0] [cxt 0] Transmitting packet of size 214 out of port 0
[16:25:10.167] [bmv2] [D] [thread 76591] [33.0] [cxt 0] Processing packet received on port 2
[16:25:10.167] [bmv2] [D] [thread 76591] [33.0] [cxt 0] Parser 'parser': start
[16:25:10.167] [bmv2] [D] [thread 76591] [33.0] [cxt 0] Parser 'parser' entering state 'start'
[16:25:10.167] [bmv2] [D] [thread 76591] [33.0] [cxt 0] Extracting header 'ethernet'
[16:25:10.167] [bmv2] [D] [thread 76591] [33.0] [cxt 0] Parser state 'start': key is 86dd
[16:25:10.167] [bmv2] [T] [thread 76591] [33.0] [cxt 0] Bytes parsed: 14
[16:25:10.167] [bmv2] [D] [thread 76591] [33.0] [cxt 0] Parser 'parser': end
[16:25:10.167] [bmv2] [D] [thread 76591] [33.0] [cxt 0] Pipeline 'ingress': start
[16:25:10.167] [bmv2] [T] [thread 76591] [33.0] [cxt 0] basic.p4(129) Condition "hdr.ipv4.isValid()" (node_2) is false
[16:25:10.167] [bmv2] [D] [thread 76591] [33.0] [cxt 0] Pipeline 'ingress': end
[16:25:10.167] [bmv2] [D] [thread 76591] [33.0] [cxt 0] Egress port is 0
[16:25:10.167] [bmv2] [D] [thread 76592] [33.0] [cxt 0] Pipeline 'egress': start
[16:25:10.167] [bmv2] [T] [thread 76592] [33.0] [cxt 0] basic.p4(166) Condition "standard_metadata.egress_port == 3" (node_8) is false
[16:25:10.167] [bmv2] [D] [thread 76592] [33.0] [cxt 0] Pipeline 'egress': end
[16:25:10.167] [bmv2] [D] [thread 76592] [33.0] [cxt 0] Deparser 'deparser': start
[16:25:10.167] [bmv2] [D] [thread 76592] [33.0] [cxt 0] Deparsing header 'ethernet'
[16:25:10.167] [bmv2] [D] [thread 76592] [33.0] [cxt 0] Deparser 'deparser': end
[16:25:10.167] [bmv2] [D] [thread 76596] [33.0] [cxt 0] Transmitting packet of size 214 out of port 0
[16:25:12.880] [bmv2] [D] [thread 76591] [34.0] [cxt 0] Processing packet received on port 1
[16:25:12.880] [bmv2] [D] [thread 76591] [34.0] [cxt 0] Parser 'parser': start
[16:25:12.880] [bmv2] [D] [thread 76591] [34.0] [cxt 0] Parser 'parser' entering state 'start'
[16:25:12.880] [bmv2] [D] [thread 76591] [34.0] [cxt 0] Extracting header 'ethernet'
[16:25:12.880] [bmv2] [D] [thread 76591] [34.0] [cxt 0] Parser state 'start': key is 86dd
[16:25:12.880] [bmv2] [T] [thread 76591] [34.0] [cxt 0] Bytes parsed: 14
[16:25:12.880] [bmv2] [D] [thread 76591] [34.0] [cxt 0] Parser 'parser': end
[16:25:12.880] [bmv2] [D] [thread 76591] [34.0] [cxt 0] Pipeline 'ingress': start
[16:25:12.880] [bmv2] [T] [thread 76591] [34.0] [cxt 0] basic.p4(129) Condition "hdr.ipv4.isValid()" (node_2) is false
[16:25:12.880] [bmv2] [D] [thread 76591] [34.0] [cxt 0] Pipeline 'ingress': end
[16:25:12.880] [bmv2] [D] [thread 76591] [34.0] [cxt 0] Egress port is 0
[16:25:12.880] [bmv2] [D] [thread 76592] [34.0] [cxt 0] Pipeline 'egress': start
[16:25:12.880] [bmv2] [T] [thread 76592] [34.0] [cxt 0] basic.p4(166) Condition "standard_metadata.egress_port == 3" (node_8) is false
[16:25:12.880] [bmv2] [D] [thread 76592] [34.0] [cxt 0] Pipeline 'egress': end
[16:25:12.880] [bmv2] [D] [thread 76592] [34.0] [cxt 0] Deparser 'deparser': start
[16:25:12.880] [bmv2] [D] [thread 76592] [34.0] [cxt 0] Deparsing header 'ethernet'
[16:25:12.880] [bmv2] [D] [thread 76592] [34.0] [cxt 0] Deparser 'deparser': end
[16:25:12.880] [bmv2] [D] [thread 76596] [34.0] [cxt 0] Transmitting packet of size 203 out of port 0
[16:25:13.004] [bmv2] [D] [thread 76591] [35.0] [cxt 0] Processing packet received on port 2
[16:25:13.004] [bmv2] [D] [thread 76591] [35.0] [cxt 0] Parser 'parser': start
[16:25:13.004] [bmv2] [D] [thread 76591] [35.0] [cxt 0] Parser 'parser' entering state 'start'
[16:25:13.004] [bmv2] [D] [thread 76591] [35.0] [cxt 0] Extracting header 'ethernet'
[16:25:13.004] [bmv2] [D] [thread 76591] [35.0] [cxt 0] Parser state 'start': key is 86dd
[16:25:13.004] [bmv2] [T] [thread 76591] [35.0] [cxt 0] Bytes parsed: 14
[16:25:13.004] [bmv2] [D] [thread 76591] [35.0] [cxt 0] Parser 'parser': end
[16:25:13.004] [bmv2] [D] [thread 76591] [35.0] [cxt 0] Pipeline 'ingress': start
[16:25:13.004] [bmv2] [T] [thread 76591] [35.0] [cxt 0] basic.p4(129) Condition "hdr.ipv4.isValid()" (node_2) is false
[16:25:13.004] [bmv2] [D] [thread 76591] [35.0] [cxt 0] Pipeline 'ingress': end
[16:25:13.004] [bmv2] [D] [thread 76591] [35.0] [cxt 0] Egress port is 0
[16:25:13.004] [bmv2] [D] [thread 76592] [35.0] [cxt 0] Pipeline 'egress': start
[16:25:13.004] [bmv2] [T] [thread 76592] [35.0] [cxt 0] basic.p4(166) Condition "standard_metadata.egress_port == 3" (node_8) is false
[16:25:13.004] [bmv2] [D] [thread 76592] [35.0] [cxt 0] Pipeline 'egress': end
[16:25:13.004] [bmv2] [D] [thread 76592] [35.0] [cxt 0] Deparser 'deparser': start
[16:25:13.004] [bmv2] [D] [thread 76592] [35.0] [cxt 0] Deparsing header 'ethernet'
[16:25:13.004] [bmv2] [D] [thread 76592] [35.0] [cxt 0] Deparser 'deparser': end
[16:25:13.004] [bmv2] [D] [thread 76596] [35.0] [cxt 0] Transmitting packet of size 203 out of port 0
