Calling target program-options parser
[15:37:54.753] [bmv2] [D] [thread 52672] Set default default entry for table 'MyIngress.ipv4_lpm': MyIngress.drop - 
[15:37:54.753] [bmv2] [D] [thread 52672] Set default default entry for table 'tbl_basic132': basic132 - 
[15:37:54.753] [bmv2] [D] [thread 52672] Set default default entry for table 'tbl_drop': MyEgress.drop - 
Adding interface s1-eth1 as port 1
[15:37:54.753] [bmv2] [D] [thread 52672] Adding interface s1-eth1 as port 1
Adding interface s1-eth2 as port 2
[15:37:54.789] [bmv2] [D] [thread 52672] Adding interface s1-eth2 as port 2
Server listening on 0.0.0.0:50051
[15:37:54.809] [bmv2] [I] [thread 52672] Starting Thrift server on port 9090
[15:37:54.809] [bmv2] [I] [thread 52672] Thrift server was started
[15:37:54.840] [bmv2] [D] [thread 52682] [0.0] [cxt 0] Processing packet received on port 1
[15:37:54.840] [bmv2] [D] [thread 52682] [0.0] [cxt 0] Parser 'parser': start
[15:37:54.840] [bmv2] [D] [thread 52682] [0.0] [cxt 0] Parser 'parser' entering state 'start'
[15:37:54.840] [bmv2] [D] [thread 52682] [0.0] [cxt 0] Extracting header 'ethernet'
[15:37:54.840] [bmv2] [D] [thread 52682] [0.0] [cxt 0] Parser state 'start': key is 86dd
[15:37:54.840] [bmv2] [T] [thread 52682] [0.0] [cxt 0] Bytes parsed: 14
[15:37:54.840] [bmv2] [D] [thread 52682] [0.0] [cxt 0] Parser 'parser': end
[15:37:54.840] [bmv2] [D] [thread 52682] [0.0] [cxt 0] Pipeline 'ingress': start
[15:37:54.840] [bmv2] [T] [thread 52682] [0.0] [cxt 0] basic.p4(129) Condition "hdr.ipv4.isValid()" (node_2) is false
[15:37:54.840] [bmv2] [D] [thread 52682] [0.0] [cxt 0] Pipeline 'ingress': end
[15:37:54.840] [bmv2] [D] [thread 52682] [0.0] [cxt 0] Egress port is 0
[15:37:54.840] [bmv2] [D] [thread 52683] [0.0] [cxt 0] Pipeline 'egress': start
[15:37:54.841] [bmv2] [T] [thread 52683] [0.0] [cxt 0] Applying table 'tbl_drop'
[15:37:54.841] [bmv2] [D] [thread 52683] [0.0] [cxt 0] Looking up key:

[15:37:54.841] [bmv2] [D] [thread 52683] [0.0] [cxt 0] Table 'tbl_drop': miss
[15:37:54.841] [bmv2] [D] [thread 52683] [0.0] [cxt 0] Action entry is MyEgress.drop - 
[15:37:54.841] [bmv2] [T] [thread 52683] [0.0] [cxt 0] Action MyEgress.drop
[15:37:54.841] [bmv2] [T] [thread 52683] [0.0] [cxt 0] basic.p4(149) Primitive mark_to_drop(standard_metadata)
[15:37:54.841] [bmv2] [D] [thread 52683] [0.0] [cxt 0] Pipeline 'egress': end
[15:37:54.841] [bmv2] [D] [thread 52683] [0.0] [cxt 0] Dropping packet at the end of egress
[15:37:54.872] [bmv2] [D] [thread 52682] [1.0] [cxt 0] Processing packet received on port 1
[15:37:54.872] [bmv2] [D] [thread 52682] [1.0] [cxt 0] Parser 'parser': start
[15:37:54.872] [bmv2] [D] [thread 52682] [1.0] [cxt 0] Parser 'parser' entering state 'start'
[15:37:54.872] [bmv2] [D] [thread 52682] [1.0] [cxt 0] Extracting header 'ethernet'
[15:37:54.872] [bmv2] [D] [thread 52682] [1.0] [cxt 0] Parser state 'start': key is 86dd
[15:37:54.872] [bmv2] [T] [thread 52682] [1.0] [cxt 0] Bytes parsed: 14
[15:37:54.872] [bmv2] [D] [thread 52682] [1.0] [cxt 0] Parser 'parser': end
[15:37:54.872] [bmv2] [D] [thread 52682] [1.0] [cxt 0] Pipeline 'ingress': start
[15:37:54.872] [bmv2] [T] [thread 52682] [1.0] [cxt 0] basic.p4(129) Condition "hdr.ipv4.isValid()" (node_2) is false
[15:37:54.872] [bmv2] [D] [thread 52682] [1.0] [cxt 0] Pipeline 'ingress': end
[15:37:54.872] [bmv2] [D] [thread 52682] [1.0] [cxt 0] Egress port is 0
[15:37:54.872] [bmv2] [D] [thread 52683] [1.0] [cxt 0] Pipeline 'egress': start
[15:37:54.872] [bmv2] [T] [thread 52683] [1.0] [cxt 0] Applying table 'tbl_drop'
[15:37:54.872] [bmv2] [D] [thread 52683] [1.0] [cxt 0] Looking up key:

[15:37:54.872] [bmv2] [D] [thread 52683] [1.0] [cxt 0] Table 'tbl_drop': miss
[15:37:54.872] [bmv2] [D] [thread 52683] [1.0] [cxt 0] Action entry is MyEgress.drop - 
[15:37:54.872] [bmv2] [T] [thread 52683] [1.0] [cxt 0] Action MyEgress.drop
[15:37:54.872] [bmv2] [T] [thread 52683] [1.0] [cxt 0] basic.p4(149) Primitive mark_to_drop(standard_metadata)
[15:37:54.872] [bmv2] [D] [thread 52683] [1.0] [cxt 0] Pipeline 'egress': end
[15:37:54.872] [bmv2] [D] [thread 52683] [1.0] [cxt 0] Dropping packet at the end of egress
[15:37:55.160] [bmv2] [D] [thread 52682] [2.0] [cxt 0] Processing packet received on port 2
[15:37:55.160] [bmv2] [D] [thread 52682] [2.0] [cxt 0] Parser 'parser': start
[15:37:55.160] [bmv2] [D] [thread 52682] [2.0] [cxt 0] Parser 'parser' entering state 'start'
[15:37:55.160] [bmv2] [D] [thread 52682] [2.0] [cxt 0] Extracting header 'ethernet'
[15:37:55.160] [bmv2] [D] [thread 52682] [2.0] [cxt 0] Parser state 'start': key is 86dd
[15:37:55.160] [bmv2] [T] [thread 52682] [2.0] [cxt 0] Bytes parsed: 14
[15:37:55.160] [bmv2] [D] [thread 52682] [2.0] [cxt 0] Parser 'parser': end
[15:37:55.160] [bmv2] [D] [thread 52682] [2.0] [cxt 0] Pipeline 'ingress': start
[15:37:55.160] [bmv2] [T] [thread 52682] [2.0] [cxt 0] basic.p4(129) Condition "hdr.ipv4.isValid()" (node_2) is false
[15:37:55.160] [bmv2] [D] [thread 52682] [2.0] [cxt 0] Pipeline 'ingress': end
[15:37:55.160] [bmv2] [D] [thread 52682] [2.0] [cxt 0] Egress port is 0
[15:37:55.160] [bmv2] [D] [thread 52683] [2.0] [cxt 0] Pipeline 'egress': start
[15:37:55.160] [bmv2] [T] [thread 52683] [2.0] [cxt 0] Applying table 'tbl_drop'
[15:37:55.160] [bmv2] [D] [thread 52683] [2.0] [cxt 0] Looking up key:

[15:37:55.160] [bmv2] [D] [thread 52683] [2.0] [cxt 0] Table 'tbl_drop': miss
[15:37:55.161] [bmv2] [D] [thread 52683] [2.0] [cxt 0] Action entry is MyEgress.drop - 
[15:37:55.161] [bmv2] [T] [thread 52683] [2.0] [cxt 0] Action MyEgress.drop
[15:37:55.161] [bmv2] [T] [thread 52683] [2.0] [cxt 0] basic.p4(149) Primitive mark_to_drop(standard_metadata)
[15:37:55.161] [bmv2] [D] [thread 52683] [2.0] [cxt 0] Pipeline 'egress': end
[15:37:55.161] [bmv2] [D] [thread 52683] [2.0] [cxt 0] Dropping packet at the end of egress
[15:37:55.865] [bmv2] [D] [thread 52682] [3.0] [cxt 0] Processing packet received on port 1
[15:37:55.865] [bmv2] [D] [thread 52682] [3.0] [cxt 0] Parser 'parser': start
[15:37:55.865] [bmv2] [D] [thread 52682] [3.0] [cxt 0] Parser 'parser' entering state 'start'
[15:37:55.865] [bmv2] [D] [thread 52682] [3.0] [cxt 0] Extracting header 'ethernet'
[15:37:55.865] [bmv2] [D] [thread 52682] [3.0] [cxt 0] Parser state 'start': key is 86dd
[15:37:55.865] [bmv2] [T] [thread 52682] [3.0] [cxt 0] Bytes parsed: 14
[15:37:55.865] [bmv2] [D] [thread 52682] [3.0] [cxt 0] Parser 'parser': end
[15:37:55.865] [bmv2] [D] [thread 52682] [3.0] [cxt 0] Pipeline 'ingress': start
[15:37:55.865] [bmv2] [T] [thread 52682] [3.0] [cxt 0] basic.p4(129) Condition "hdr.ipv4.isValid()" (node_2) is false
[15:37:55.865] [bmv2] [D] [thread 52682] [3.0] [cxt 0] Pipeline 'ingress': end
[15:37:55.865] [bmv2] [D] [thread 52682] [3.0] [cxt 0] Egress port is 0
[15:37:55.865] [bmv2] [D] [thread 52682] [4.0] [cxt 0] Processing packet received on port 1
[15:37:55.865] [bmv2] [D] [thread 52682] [4.0] [cxt 0] Parser 'parser': start
[15:37:55.865] [bmv2] [D] [thread 52682] [4.0] [cxt 0] Parser 'parser' entering state 'start'
[15:37:55.865] [bmv2] [D] [thread 52682] [4.0] [cxt 0] Extracting header 'ethernet'
[15:37:55.865] [bmv2] [D] [thread 52682] [4.0] [cxt 0] Parser state 'start': key is 86dd
[15:37:55.865] [bmv2] [T] [thread 52682] [4.0] [cxt 0] Bytes parsed: 14
[15:37:55.865] [bmv2] [D] [thread 52682] [4.0] [cxt 0] Parser 'parser': end
[15:37:55.865] [bmv2] [D] [thread 52682] [4.0] [cxt 0] Pipeline 'ingress': start
[15:37:55.865] [bmv2] [T] [thread 52682] [4.0] [cxt 0] basic.p4(129) Condition "hdr.ipv4.isValid()" (node_2) is false
[15:37:55.865] [bmv2] [D] [thread 52682] [4.0] [cxt 0] Pipeline 'ingress': end
[15:37:55.865] [bmv2] [D] [thread 52682] [4.0] [cxt 0] Egress port is 0
[15:37:55.865] [bmv2] [D] [thread 52683] [3.0] [cxt 0] Pipeline 'egress': start
[15:37:55.865] [bmv2] [T] [thread 52683] [3.0] [cxt 0] Applying table 'tbl_drop'
[15:37:55.865] [bmv2] [D] [thread 52683] [3.0] [cxt 0] Looking up key:

[15:37:55.865] [bmv2] [D] [thread 52683] [3.0] [cxt 0] Table 'tbl_drop': miss
[15:37:55.865] [bmv2] [D] [thread 52683] [3.0] [cxt 0] Action entry is MyEgress.drop - 
[15:37:55.865] [bmv2] [T] [thread 52683] [3.0] [cxt 0] Action MyEgress.drop
[15:37:55.865] [bmv2] [T] [thread 52683] [3.0] [cxt 0] basic.p4(149) Primitive mark_to_drop(standard_metadata)
[15:37:55.865] [bmv2] [D] [thread 52683] [3.0] [cxt 0] Pipeline 'egress': end
[15:37:55.865] [bmv2] [D] [thread 52683] [3.0] [cxt 0] Dropping packet at the end of egress
[15:37:55.865] [bmv2] [D] [thread 52683] [4.0] [cxt 0] Pipeline 'egress': start
[15:37:55.865] [bmv2] [T] [thread 52683] [4.0] [cxt 0] Applying table 'tbl_drop'
[15:37:55.865] [bmv2] [D] [thread 52683] [4.0] [cxt 0] Looking up key:

[15:37:55.865] [bmv2] [D] [thread 52683] [4.0] [cxt 0] Table 'tbl_drop': miss
[15:37:55.865] [bmv2] [D] [thread 52683] [4.0] [cxt 0] Action entry is MyEgress.drop - 
[15:37:55.865] [bmv2] [T] [thread 52683] [4.0] [cxt 0] Action MyEgress.drop
[15:37:55.865] [bmv2] [T] [thread 52683] [4.0] [cxt 0] basic.p4(149) Primitive mark_to_drop(standard_metadata)
[15:37:55.865] [bmv2] [D] [thread 52683] [4.0] [cxt 0] Pipeline 'egress': end
[15:37:55.865] [bmv2] [D] [thread 52683] [4.0] [cxt 0] Dropping packet at the end of egress
[15:37:55.876] [bmv2] [D] [thread 52682] [5.0] [cxt 0] Processing packet received on port 1
[15:37:55.876] [bmv2] [D] [thread 52682] [5.0] [cxt 0] Parser 'parser': start
[15:37:55.876] [bmv2] [D] [thread 52682] [5.0] [cxt 0] Parser 'parser' entering state 'start'
[15:37:55.876] [bmv2] [D] [thread 52682] [5.0] [cxt 0] Extracting header 'ethernet'
[15:37:55.876] [bmv2] [D] [thread 52682] [5.0] [cxt 0] Parser state 'start': key is 86dd
[15:37:55.876] [bmv2] [T] [thread 52682] [5.0] [cxt 0] Bytes parsed: 14
[15:37:55.876] [bmv2] [D] [thread 52682] [5.0] [cxt 0] Parser 'parser': end
[15:37:55.876] [bmv2] [D] [thread 52682] [5.0] [cxt 0] Pipeline 'ingress': start
[15:37:55.876] [bmv2] [T] [thread 52682] [5.0] [cxt 0] basic.p4(129) Condition "hdr.ipv4.isValid()" (node_2) is false
[15:37:55.876] [bmv2] [D] [thread 52682] [5.0] [cxt 0] Pipeline 'ingress': end
[15:37:55.876] [bmv2] [D] [thread 52682] [5.0] [cxt 0] Egress port is 0
[15:37:55.876] [bmv2] [D] [thread 52683] [5.0] [cxt 0] Pipeline 'egress': start
[15:37:55.876] [bmv2] [T] [thread 52683] [5.0] [cxt 0] Applying table 'tbl_drop'
[15:37:55.876] [bmv2] [D] [thread 52683] [5.0] [cxt 0] Looking up key:

[15:37:55.876] [bmv2] [D] [thread 52683] [5.0] [cxt 0] Table 'tbl_drop': miss
[15:37:55.876] [bmv2] [D] [thread 52683] [5.0] [cxt 0] Action entry is MyEgress.drop - 
[15:37:55.876] [bmv2] [T] [thread 52683] [5.0] [cxt 0] Action MyEgress.drop
[15:37:55.876] [bmv2] [T] [thread 52683] [5.0] [cxt 0] basic.p4(149) Primitive mark_to_drop(standard_metadata)
[15:37:55.876] [bmv2] [D] [thread 52683] [5.0] [cxt 0] Pipeline 'egress': end
[15:37:55.876] [bmv2] [D] [thread 52683] [5.0] [cxt 0] Dropping packet at the end of egress
[15:37:55.965] [bmv2] [D] [thread 52682] [6.0] [cxt 0] Processing packet received on port 1
[15:37:55.965] [bmv2] [D] [thread 52682] [6.0] [cxt 0] Parser 'parser': start
[15:37:55.965] [bmv2] [D] [thread 52682] [6.0] [cxt 0] Parser 'parser' entering state 'start'
[15:37:55.965] [bmv2] [D] [thread 52682] [6.0] [cxt 0] Extracting header 'ethernet'
[15:37:55.965] [bmv2] [D] [thread 52682] [6.0] [cxt 0] Parser state 'start': key is 86dd
[15:37:55.965] [bmv2] [T] [thread 52682] [6.0] [cxt 0] Bytes parsed: 14
[15:37:55.965] [bmv2] [D] [thread 52682] [6.0] [cxt 0] Parser 'parser': end
[15:37:55.965] [bmv2] [D] [thread 52682] [6.0] [cxt 0] Pipeline 'ingress': start
[15:37:55.965] [bmv2] [T] [thread 52682] [6.0] [cxt 0] basic.p4(129) Condition "hdr.ipv4.isValid()" (node_2) is false
[15:37:55.965] [bmv2] [D] [thread 52682] [6.0] [cxt 0] Pipeline 'ingress': end
[15:37:55.965] [bmv2] [D] [thread 52682] [6.0] [cxt 0] Egress port is 0
[15:37:55.965] [bmv2] [D] [thread 52683] [6.0] [cxt 0] Pipeline 'egress': start
[15:37:55.965] [bmv2] [T] [thread 52683] [6.0] [cxt 0] Applying table 'tbl_drop'
[15:37:55.965] [bmv2] [D] [thread 52683] [6.0] [cxt 0] Looking up key:

[15:37:55.965] [bmv2] [D] [thread 52683] [6.0] [cxt 0] Table 'tbl_drop': miss
[15:37:55.965] [bmv2] [D] [thread 52683] [6.0] [cxt 0] Action entry is MyEgress.drop - 
[15:37:55.965] [bmv2] [T] [thread 52683] [6.0] [cxt 0] Action MyEgress.drop
[15:37:55.965] [bmv2] [T] [thread 52683] [6.0] [cxt 0] basic.p4(149) Primitive mark_to_drop(standard_metadata)
[15:37:55.965] [bmv2] [D] [thread 52683] [6.0] [cxt 0] Pipeline 'egress': end
[15:37:55.965] [bmv2] [D] [thread 52683] [6.0] [cxt 0] Dropping packet at the end of egress
[15:37:56.013] [bmv2] [D] [thread 52682] [7.0] [cxt 0] Processing packet received on port 1
[15:37:56.013] [bmv2] [D] [thread 52682] [7.0] [cxt 0] Parser 'parser': start
[15:37:56.013] [bmv2] [D] [thread 52682] [7.0] [cxt 0] Parser 'parser' entering state 'start'
[15:37:56.013] [bmv2] [D] [thread 52682] [7.0] [cxt 0] Extracting header 'ethernet'
[15:37:56.013] [bmv2] [D] [thread 52682] [7.0] [cxt 0] Parser state 'start': key is 86dd
[15:37:56.013] [bmv2] [T] [thread 52682] [7.0] [cxt 0] Bytes parsed: 14
[15:37:56.013] [bmv2] [D] [thread 52682] [7.0] [cxt 0] Parser 'parser': end
[15:37:56.013] [bmv2] [D] [thread 52682] [7.0] [cxt 0] Pipeline 'ingress': start
[15:37:56.013] [bmv2] [T] [thread 52682] [7.0] [cxt 0] basic.p4(129) Condition "hdr.ipv4.isValid()" (node_2) is false
[15:37:56.013] [bmv2] [D] [thread 52682] [7.0] [cxt 0] Pipeline 'ingress': end
[15:37:56.013] [bmv2] [D] [thread 52682] [7.0] [cxt 0] Egress port is 0
[15:37:56.013] [bmv2] [D] [thread 52683] [7.0] [cxt 0] Pipeline 'egress': start
[15:37:56.013] [bmv2] [T] [thread 52683] [7.0] [cxt 0] Applying table 'tbl_drop'
[15:37:56.013] [bmv2] [D] [thread 52683] [7.0] [cxt 0] Looking up key:

[15:37:56.013] [bmv2] [D] [thread 52683] [7.0] [cxt 0] Table 'tbl_drop': miss
[15:37:56.013] [bmv2] [D] [thread 52683] [7.0] [cxt 0] Action entry is MyEgress.drop - 
[15:37:56.013] [bmv2] [T] [thread 52683] [7.0] [cxt 0] Action MyEgress.drop
[15:37:56.013] [bmv2] [T] [thread 52683] [7.0] [cxt 0] basic.p4(149) Primitive mark_to_drop(standard_metadata)
[15:37:56.013] [bmv2] [D] [thread 52683] [7.0] [cxt 0] Pipeline 'egress': end
[15:37:56.013] [bmv2] [D] [thread 52683] [7.0] [cxt 0] Dropping packet at the end of egress
[15:37:56.152] [bmv2] [D] [thread 52682] [8.0] [cxt 0] Processing packet received on port 1
[15:37:56.152] [bmv2] [D] [thread 52682] [8.0] [cxt 0] Parser 'parser': start
[15:37:56.152] [bmv2] [D] [thread 52682] [8.0] [cxt 0] Parser 'parser' entering state 'start'
[15:37:56.152] [bmv2] [D] [thread 52682] [8.0] [cxt 0] Extracting header 'ethernet'
[15:37:56.152] [bmv2] [D] [thread 52682] [8.0] [cxt 0] Parser state 'start': key is 86dd
[15:37:56.152] [bmv2] [T] [thread 52682] [8.0] [cxt 0] Bytes parsed: 14
[15:37:56.152] [bmv2] [D] [thread 52682] [8.0] [cxt 0] Parser 'parser': end
[15:37:56.152] [bmv2] [D] [thread 52682] [8.0] [cxt 0] Pipeline 'ingress': start
[15:37:56.152] [bmv2] [T] [thread 52682] [8.0] [cxt 0] basic.p4(129) Condition "hdr.ipv4.isValid()" (node_2) is false
[15:37:56.152] [bmv2] [D] [thread 52682] [8.0] [cxt 0] Pipeline 'ingress': end
[15:37:56.152] [bmv2] [D] [thread 52682] [8.0] [cxt 0] Egress port is 0
[15:37:56.152] [bmv2] [D] [thread 52683] [8.0] [cxt 0] Pipeline 'egress': start
[15:37:56.152] [bmv2] [T] [thread 52683] [8.0] [cxt 0] Applying table 'tbl_drop'
[15:37:56.152] [bmv2] [D] [thread 52683] [8.0] [cxt 0] Looking up key:

[15:37:56.152] [bmv2] [D] [thread 52683] [8.0] [cxt 0] Table 'tbl_drop': miss
[15:37:56.152] [bmv2] [D] [thread 52683] [8.0] [cxt 0] Action entry is MyEgress.drop - 
[15:37:56.152] [bmv2] [T] [thread 52683] [8.0] [cxt 0] Action MyEgress.drop
[15:37:56.152] [bmv2] [T] [thread 52683] [8.0] [cxt 0] basic.p4(149) Primitive mark_to_drop(standard_metadata)
[15:37:56.152] [bmv2] [D] [thread 52683] [8.0] [cxt 0] Pipeline 'egress': end
[15:37:56.152] [bmv2] [D] [thread 52683] [8.0] [cxt 0] Dropping packet at the end of egress
[15:37:56.185] [bmv2] [D] [thread 52682] [9.0] [cxt 0] Processing packet received on port 2
[15:37:56.185] [bmv2] [D] [thread 52682] [9.0] [cxt 0] Parser 'parser': start
[15:37:56.185] [bmv2] [D] [thread 52682] [9.0] [cxt 0] Parser 'parser' entering state 'start'
[15:37:56.185] [bmv2] [D] [thread 52682] [9.0] [cxt 0] Extracting header 'ethernet'
[15:37:56.185] [bmv2] [D] [thread 52682] [9.0] [cxt 0] Parser state 'start': key is 86dd
[15:37:56.185] [bmv2] [T] [thread 52682] [9.0] [cxt 0] Bytes parsed: 14
[15:37:56.185] [bmv2] [D] [thread 52682] [9.0] [cxt 0] Parser 'parser': end
[15:37:56.185] [bmv2] [D] [thread 52682] [9.0] [cxt 0] Pipeline 'ingress': start
[15:37:56.185] [bmv2] [T] [thread 52682] [9.0] [cxt 0] basic.p4(129) Condition "hdr.ipv4.isValid()" (node_2) is false
[15:37:56.185] [bmv2] [D] [thread 52682] [9.0] [cxt 0] Pipeline 'ingress': end
[15:37:56.185] [bmv2] [D] [thread 52682] [9.0] [cxt 0] Egress port is 0
[15:37:56.185] [bmv2] [D] [thread 52682] [10.0] [cxt 0] Processing packet received on port 2
[15:37:56.185] [bmv2] [D] [thread 52682] [10.0] [cxt 0] Parser 'parser': start
[15:37:56.185] [bmv2] [D] [thread 52682] [10.0] [cxt 0] Parser 'parser' entering state 'start'
[15:37:56.185] [bmv2] [D] [thread 52682] [10.0] [cxt 0] Extracting header 'ethernet'
[15:37:56.185] [bmv2] [D] [thread 52682] [10.0] [cxt 0] Parser state 'start': key is 86dd
[15:37:56.185] [bmv2] [T] [thread 52682] [10.0] [cxt 0] Bytes parsed: 14
[15:37:56.185] [bmv2] [D] [thread 52682] [10.0] [cxt 0] Parser 'parser': end
[15:37:56.185] [bmv2] [D] [thread 52682] [10.0] [cxt 0] Pipeline 'ingress': start
[15:37:56.185] [bmv2] [T] [thread 52682] [10.0] [cxt 0] basic.p4(129) Condition "hdr.ipv4.isValid()" (node_2) is false
[15:37:56.185] [bmv2] [D] [thread 52682] [10.0] [cxt 0] Pipeline 'ingress': end
[15:37:56.185] [bmv2] [D] [thread 52682] [10.0] [cxt 0] Egress port is 0
[15:37:56.185] [bmv2] [D] [thread 52683] [9.0] [cxt 0] Pipeline 'egress': start
[15:37:56.185] [bmv2] [T] [thread 52683] [9.0] [cxt 0] Applying table 'tbl_drop'
[15:37:56.185] [bmv2] [D] [thread 52683] [9.0] [cxt 0] Looking up key:

[15:37:56.185] [bmv2] [D] [thread 52683] [9.0] [cxt 0] Table 'tbl_drop': miss
[15:37:56.185] [bmv2] [D] [thread 52683] [9.0] [cxt 0] Action entry is MyEgress.drop - 
[15:37:56.185] [bmv2] [T] [thread 52683] [9.0] [cxt 0] Action MyEgress.drop
[15:37:56.185] [bmv2] [T] [thread 52683] [9.0] [cxt 0] basic.p4(149) Primitive mark_to_drop(standard_metadata)
[15:37:56.185] [bmv2] [D] [thread 52683] [9.0] [cxt 0] Pipeline 'egress': end
[15:37:56.185] [bmv2] [D] [thread 52683] [9.0] [cxt 0] Dropping packet at the end of egress
[15:37:56.185] [bmv2] [D] [thread 52683] [10.0] [cxt 0] Pipeline 'egress': start
[15:37:56.185] [bmv2] [T] [thread 52683] [10.0] [cxt 0] Applying table 'tbl_drop'
[15:37:56.185] [bmv2] [D] [thread 52683] [10.0] [cxt 0] Looking up key:

[15:37:56.185] [bmv2] [D] [thread 52683] [10.0] [cxt 0] Table 'tbl_drop': miss
[15:37:56.185] [bmv2] [D] [thread 52683] [10.0] [cxt 0] Action entry is MyEgress.drop - 
[15:37:56.185] [bmv2] [T] [thread 52683] [10.0] [cxt 0] Action MyEgress.drop
[15:37:56.185] [bmv2] [T] [thread 52683] [10.0] [cxt 0] basic.p4(149) Primitive mark_to_drop(standard_metadata)
[15:37:56.185] [bmv2] [D] [thread 52683] [10.0] [cxt 0] Pipeline 'egress': end
[15:37:56.185] [bmv2] [D] [thread 52683] [10.0] [cxt 0] Dropping packet at the end of egress
[15:37:56.196] [bmv2] [D] [thread 52682] [11.0] [cxt 0] Processing packet received on port 2
[15:37:56.196] [bmv2] [D] [thread 52682] [11.0] [cxt 0] Parser 'parser': start
[15:37:56.196] [bmv2] [D] [thread 52682] [11.0] [cxt 0] Parser 'parser' entering state 'start'
[15:37:56.196] [bmv2] [D] [thread 52682] [11.0] [cxt 0] Extracting header 'ethernet'
[15:37:56.196] [bmv2] [D] [thread 52682] [11.0] [cxt 0] Parser state 'start': key is 86dd
[15:37:56.196] [bmv2] [T] [thread 52682] [11.0] [cxt 0] Bytes parsed: 14
[15:37:56.196] [bmv2] [D] [thread 52682] [11.0] [cxt 0] Parser 'parser': end
[15:37:56.196] [bmv2] [D] [thread 52682] [11.0] [cxt 0] Pipeline 'ingress': start
[15:37:56.196] [bmv2] [T] [thread 52682] [11.0] [cxt 0] basic.p4(129) Condition "hdr.ipv4.isValid()" (node_2) is false
[15:37:56.196] [bmv2] [D] [thread 52682] [11.0] [cxt 0] Pipeline 'ingress': end
[15:37:56.196] [bmv2] [D] [thread 52682] [11.0] [cxt 0] Egress port is 0
[15:37:56.196] [bmv2] [D] [thread 52683] [11.0] [cxt 0] Pipeline 'egress': start
[15:37:56.196] [bmv2] [T] [thread 52683] [11.0] [cxt 0] Applying table 'tbl_drop'
[15:37:56.196] [bmv2] [D] [thread 52683] [11.0] [cxt 0] Looking up key:

[15:37:56.196] [bmv2] [D] [thread 52683] [11.0] [cxt 0] Table 'tbl_drop': miss
[15:37:56.196] [bmv2] [D] [thread 52683] [11.0] [cxt 0] Action entry is MyEgress.drop - 
[15:37:56.196] [bmv2] [T] [thread 52683] [11.0] [cxt 0] Action MyEgress.drop
[15:37:56.196] [bmv2] [T] [thread 52683] [11.0] [cxt 0] basic.p4(149) Primitive mark_to_drop(standard_metadata)
[15:37:56.196] [bmv2] [D] [thread 52683] [11.0] [cxt 0] Pipeline 'egress': end
[15:37:56.196] [bmv2] [D] [thread 52683] [11.0] [cxt 0] Dropping packet at the end of egress
[15:37:56.248] [bmv2] [D] [thread 52682] [12.0] [cxt 0] Processing packet received on port 1
[15:37:56.248] [bmv2] [D] [thread 52682] [12.0] [cxt 0] Parser 'parser': start
[15:37:56.248] [bmv2] [D] [thread 52682] [12.0] [cxt 0] Parser 'parser' entering state 'start'
[15:37:56.248] [bmv2] [D] [thread 52682] [12.0] [cxt 0] Extracting header 'ethernet'
[15:37:56.248] [bmv2] [D] [thread 52682] [12.0] [cxt 0] Parser state 'start': key is 86dd
[15:37:56.248] [bmv2] [T] [thread 52682] [12.0] [cxt 0] Bytes parsed: 14
[15:37:56.248] [bmv2] [D] [thread 52682] [12.0] [cxt 0] Parser 'parser': end
[15:37:56.248] [bmv2] [D] [thread 52682] [12.0] [cxt 0] Pipeline 'ingress': start
[15:37:56.248] [bmv2] [T] [thread 52682] [12.0] [cxt 0] basic.p4(129) Condition "hdr.ipv4.isValid()" (node_2) is false
[15:37:56.248] [bmv2] [D] [thread 52682] [12.0] [cxt 0] Pipeline 'ingress': end
[15:37:56.248] [bmv2] [D] [thread 52682] [12.0] [cxt 0] Egress port is 0
[15:37:56.248] [bmv2] [D] [thread 52683] [12.0] [cxt 0] Pipeline 'egress': start
[15:37:56.248] [bmv2] [T] [thread 52683] [12.0] [cxt 0] Applying table 'tbl_drop'
[15:37:56.248] [bmv2] [D] [thread 52683] [12.0] [cxt 0] Looking up key:

[15:37:56.248] [bmv2] [D] [thread 52683] [12.0] [cxt 0] Table 'tbl_drop': miss
[15:37:56.248] [bmv2] [D] [thread 52683] [12.0] [cxt 0] Action entry is MyEgress.drop - 
[15:37:56.248] [bmv2] [T] [thread 52683] [12.0] [cxt 0] Action MyEgress.drop
[15:37:56.248] [bmv2] [T] [thread 52683] [12.0] [cxt 0] basic.p4(149) Primitive mark_to_drop(standard_metadata)
[15:37:56.248] [bmv2] [D] [thread 52683] [12.0] [cxt 0] Pipeline 'egress': end
[15:37:56.248] [bmv2] [D] [thread 52683] [12.0] [cxt 0] Dropping packet at the end of egress
[15:37:56.264] [bmv2] [D] [thread 52682] [13.0] [cxt 0] Processing packet received on port 1
[15:37:56.264] [bmv2] [D] [thread 52682] [13.0] [cxt 0] Parser 'parser': start
[15:37:56.264] [bmv2] [D] [thread 52682] [13.0] [cxt 0] Parser 'parser' entering state 'start'
[15:37:56.264] [bmv2] [D] [thread 52682] [13.0] [cxt 0] Extracting header 'ethernet'
[15:37:56.264] [bmv2] [D] [thread 52682] [13.0] [cxt 0] Parser state 'start': key is 86dd
[15:37:56.264] [bmv2] [T] [thread 52682] [13.0] [cxt 0] Bytes parsed: 14
[15:37:56.264] [bmv2] [D] [thread 52682] [13.0] [cxt 0] Parser 'parser': end
[15:37:56.264] [bmv2] [D] [thread 52682] [13.0] [cxt 0] Pipeline 'ingress': start
[15:37:56.264] [bmv2] [T] [thread 52682] [13.0] [cxt 0] basic.p4(129) Condition "hdr.ipv4.isValid()" (node_2) is false
[15:37:56.264] [bmv2] [D] [thread 52682] [13.0] [cxt 0] Pipeline 'ingress': end
[15:37:56.264] [bmv2] [D] [thread 52682] [13.0] [cxt 0] Egress port is 0
[15:37:56.264] [bmv2] [D] [thread 52683] [13.0] [cxt 0] Pipeline 'egress': start
[15:37:56.264] [bmv2] [T] [thread 52683] [13.0] [cxt 0] Applying table 'tbl_drop'
[15:37:56.264] [bmv2] [D] [thread 52683] [13.0] [cxt 0] Looking up key:

[15:37:56.264] [bmv2] [D] [thread 52683] [13.0] [cxt 0] Table 'tbl_drop': miss
[15:37:56.264] [bmv2] [D] [thread 52683] [13.0] [cxt 0] Action entry is MyEgress.drop - 
[15:37:56.264] [bmv2] [T] [thread 52683] [13.0] [cxt 0] Action MyEgress.drop
[15:37:56.264] [bmv2] [T] [thread 52683] [13.0] [cxt 0] basic.p4(149) Primitive mark_to_drop(standard_metadata)
[15:37:56.264] [bmv2] [D] [thread 52683] [13.0] [cxt 0] Pipeline 'egress': end
[15:37:56.264] [bmv2] [D] [thread 52683] [13.0] [cxt 0] Dropping packet at the end of egress
[15:37:56.285] [bmv2] [D] [thread 52682] [14.0] [cxt 0] Processing packet received on port 2
[15:37:56.285] [bmv2] [D] [thread 52682] [14.0] [cxt 0] Parser 'parser': start
[15:37:56.285] [bmv2] [D] [thread 52682] [14.0] [cxt 0] Parser 'parser' entering state 'start'
[15:37:56.285] [bmv2] [D] [thread 52682] [14.0] [cxt 0] Extracting header 'ethernet'
[15:37:56.285] [bmv2] [D] [thread 52682] [14.0] [cxt 0] Parser state 'start': key is 86dd
[15:37:56.285] [bmv2] [T] [thread 52682] [14.0] [cxt 0] Bytes parsed: 14
[15:37:56.285] [bmv2] [D] [thread 52682] [14.0] [cxt 0] Parser 'parser': end
[15:37:56.285] [bmv2] [D] [thread 52682] [14.0] [cxt 0] Pipeline 'ingress': start
[15:37:56.285] [bmv2] [T] [thread 52682] [14.0] [cxt 0] basic.p4(129) Condition "hdr.ipv4.isValid()" (node_2) is false
[15:37:56.285] [bmv2] [D] [thread 52682] [14.0] [cxt 0] Pipeline 'ingress': end
[15:37:56.285] [bmv2] [D] [thread 52682] [14.0] [cxt 0] Egress port is 0
[15:37:56.285] [bmv2] [D] [thread 52683] [14.0] [cxt 0] Pipeline 'egress': start
[15:37:56.285] [bmv2] [T] [thread 52683] [14.0] [cxt 0] Applying table 'tbl_drop'
[15:37:56.285] [bmv2] [D] [thread 52683] [14.0] [cxt 0] Looking up key:

[15:37:56.285] [bmv2] [D] [thread 52683] [14.0] [cxt 0] Table 'tbl_drop': miss
[15:37:56.285] [bmv2] [D] [thread 52683] [14.0] [cxt 0] Action entry is MyEgress.drop - 
[15:37:56.285] [bmv2] [T] [thread 52683] [14.0] [cxt 0] Action MyEgress.drop
[15:37:56.285] [bmv2] [T] [thread 52683] [14.0] [cxt 0] basic.p4(149) Primitive mark_to_drop(standard_metadata)
[15:37:56.285] [bmv2] [D] [thread 52683] [14.0] [cxt 0] Pipeline 'egress': end
[15:37:56.285] [bmv2] [D] [thread 52683] [14.0] [cxt 0] Dropping packet at the end of egress
[15:37:56.317] [bmv2] [W] [thread 52698] [P4Runtime] p4::tmp::P4DeviceConfig is deprecated
[15:37:56.318] [bmv2] [D] [thread 52698] Set default default entry for table 'MyIngress.ipv4_lpm': MyIngress.drop - 
[15:37:56.318] [bmv2] [D] [thread 52698] Set default default entry for table 'tbl_basic132': basic132 - 
[15:37:56.318] [bmv2] [D] [thread 52698] Set default default entry for table 'tbl_drop': MyEgress.drop - 
[15:37:56.319] [bmv2] [D] [thread 52698] simple_switch target has been notified of a config swap
[15:37:56.320] [bmv2] [D] [thread 52699] Set default entry for table 'MyIngress.ipv4_lpm': MyIngress.drop - 
[15:37:56.320] [bmv2] [D] [thread 52698] Entry 0 added to table 'MyIngress.ipv4_lpm'
[15:37:56.320] [bmv2] [D] [thread 52698] Dumping entry 0
Match key:
* hdr.ipv4.dstAddr    : LPM       0a000101/32
Action entry: MyIngress.ipv4_forward - 80000000111,1,

[15:37:56.321] [bmv2] [D] [thread 52699] Entry 1 added to table 'MyIngress.ipv4_lpm'
[15:37:56.321] [bmv2] [D] [thread 52699] Dumping entry 1
Match key:
* hdr.ipv4.dstAddr    : LPM       0a000202/32
Action entry: MyIngress.ipv4_forward - 80000000222,2,

[15:37:56.333] [bmv2] [D] [thread 52682] [15.0] [cxt 0] Processing packet received on port 2
[15:37:56.333] [bmv2] [D] [thread 52682] [15.0] [cxt 0] Parser 'parser': start
[15:37:56.333] [bmv2] [D] [thread 52682] [15.0] [cxt 0] Parser 'parser' entering state 'start'
[15:37:56.333] [bmv2] [D] [thread 52682] [15.0] [cxt 0] Extracting header 'ethernet'
[15:37:56.333] [bmv2] [D] [thread 52682] [15.0] [cxt 0] Parser state 'start': key is 86dd
[15:37:56.333] [bmv2] [T] [thread 52682] [15.0] [cxt 0] Bytes parsed: 14
[15:37:56.333] [bmv2] [D] [thread 52682] [15.0] [cxt 0] Parser 'parser': end
[15:37:56.333] [bmv2] [D] [thread 52682] [15.0] [cxt 0] Pipeline 'ingress': start
[15:37:56.333] [bmv2] [T] [thread 52682] [15.0] [cxt 0] basic.p4(129) Condition "hdr.ipv4.isValid()" (node_2) is false
[15:37:56.333] [bmv2] [D] [thread 52682] [15.0] [cxt 0] Pipeline 'ingress': end
[15:37:56.333] [bmv2] [D] [thread 52682] [15.0] [cxt 0] Egress port is 0
[15:37:56.333] [bmv2] [D] [thread 52683] [15.0] [cxt 0] Pipeline 'egress': start
[15:37:56.333] [bmv2] [T] [thread 52683] [15.0] [cxt 0] Applying table 'tbl_drop'
[15:37:56.333] [bmv2] [D] [thread 52683] [15.0] [cxt 0] Looking up key:

[15:37:56.333] [bmv2] [D] [thread 52683] [15.0] [cxt 0] Table 'tbl_drop': miss
[15:37:56.333] [bmv2] [D] [thread 52683] [15.0] [cxt 0] Action entry is MyEgress.drop - 
[15:37:56.333] [bmv2] [T] [thread 52683] [15.0] [cxt 0] Action MyEgress.drop
[15:37:56.333] [bmv2] [T] [thread 52683] [15.0] [cxt 0] basic.p4(149) Primitive mark_to_drop(standard_metadata)
[15:37:56.333] [bmv2] [D] [thread 52683] [15.0] [cxt 0] Pipeline 'egress': end
[15:37:56.333] [bmv2] [D] [thread 52683] [15.0] [cxt 0] Dropping packet at the end of egress
[15:37:56.372] [bmv2] [D] [thread 52682] [16.0] [cxt 0] Processing packet received on port 2
[15:37:56.372] [bmv2] [D] [thread 52682] [16.0] [cxt 0] Parser 'parser': start
[15:37:56.372] [bmv2] [D] [thread 52682] [16.0] [cxt 0] Parser 'parser' entering state 'start'
[15:37:56.372] [bmv2] [D] [thread 52682] [16.0] [cxt 0] Extracting header 'ethernet'
[15:37:56.372] [bmv2] [D] [thread 52682] [16.0] [cxt 0] Parser state 'start': key is 86dd
[15:37:56.372] [bmv2] [T] [thread 52682] [16.0] [cxt 0] Bytes parsed: 14
[15:37:56.372] [bmv2] [D] [thread 52682] [16.0] [cxt 0] Parser 'parser': end
[15:37:56.372] [bmv2] [D] [thread 52682] [16.0] [cxt 0] Pipeline 'ingress': start
[15:37:56.372] [bmv2] [T] [thread 52682] [16.0] [cxt 0] basic.p4(129) Condition "hdr.ipv4.isValid()" (node_2) is false
[15:37:56.372] [bmv2] [D] [thread 52682] [16.0] [cxt 0] Pipeline 'ingress': end
[15:37:56.372] [bmv2] [D] [thread 52682] [16.0] [cxt 0] Egress port is 0
[15:37:56.372] [bmv2] [D] [thread 52683] [16.0] [cxt 0] Pipeline 'egress': start
[15:37:56.372] [bmv2] [T] [thread 52683] [16.0] [cxt 0] Applying table 'tbl_drop'
[15:37:56.372] [bmv2] [D] [thread 52683] [16.0] [cxt 0] Looking up key:

[15:37:56.372] [bmv2] [D] [thread 52683] [16.0] [cxt 0] Table 'tbl_drop': miss
[15:37:56.372] [bmv2] [D] [thread 52683] [16.0] [cxt 0] Action entry is MyEgress.drop - 
[15:37:56.372] [bmv2] [T] [thread 52683] [16.0] [cxt 0] Action MyEgress.drop
[15:37:56.372] [bmv2] [T] [thread 52683] [16.0] [cxt 0] basic.p4(149) Primitive mark_to_drop(standard_metadata)
[15:37:56.372] [bmv2] [D] [thread 52683] [16.0] [cxt 0] Pipeline 'egress': end
[15:37:56.372] [bmv2] [D] [thread 52683] [16.0] [cxt 0] Dropping packet at the end of egress
[15:37:56.515] [bmv2] [D] [thread 52682] [17.0] [cxt 0] Processing packet received on port 1
[15:37:56.515] [bmv2] [D] [thread 52682] [17.0] [cxt 0] Parser 'parser': start
[15:37:56.515] [bmv2] [D] [thread 52682] [17.0] [cxt 0] Parser 'parser' entering state 'start'
[15:37:56.515] [bmv2] [D] [thread 52682] [17.0] [cxt 0] Extracting header 'ethernet'
[15:37:56.515] [bmv2] [D] [thread 52682] [17.0] [cxt 0] Parser state 'start': key is 86dd
[15:37:56.515] [bmv2] [T] [thread 52682] [17.0] [cxt 0] Bytes parsed: 14
[15:37:56.515] [bmv2] [D] [thread 52682] [17.0] [cxt 0] Parser 'parser': end
[15:37:56.515] [bmv2] [D] [thread 52682] [17.0] [cxt 0] Pipeline 'ingress': start
[15:37:56.515] [bmv2] [T] [thread 52682] [17.0] [cxt 0] basic.p4(129) Condition "hdr.ipv4.isValid()" (node_2) is false
[15:37:56.515] [bmv2] [D] [thread 52682] [17.0] [cxt 0] Pipeline 'ingress': end
[15:37:56.515] [bmv2] [D] [thread 52682] [17.0] [cxt 0] Egress port is 0
[15:37:56.515] [bmv2] [D] [thread 52683] [17.0] [cxt 0] Pipeline 'egress': start
[15:37:56.515] [bmv2] [T] [thread 52683] [17.0] [cxt 0] Applying table 'tbl_drop'
[15:37:56.515] [bmv2] [D] [thread 52683] [17.0] [cxt 0] Looking up key:

[15:37:56.515] [bmv2] [D] [thread 52683] [17.0] [cxt 0] Table 'tbl_drop': miss
[15:37:56.515] [bmv2] [D] [thread 52683] [17.0] [cxt 0] Action entry is MyEgress.drop - 
[15:37:56.515] [bmv2] [T] [thread 52683] [17.0] [cxt 0] Action MyEgress.drop
[15:37:56.515] [bmv2] [T] [thread 52683] [17.0] [cxt 0] basic.p4(149) Primitive mark_to_drop(standard_metadata)
[15:37:56.515] [bmv2] [D] [thread 52683] [17.0] [cxt 0] Pipeline 'egress': end
[15:37:56.515] [bmv2] [D] [thread 52683] [17.0] [cxt 0] Dropping packet at the end of egress
[15:37:56.536] [bmv2] [D] [thread 52682] [18.0] [cxt 0] Processing packet received on port 2
[15:37:56.536] [bmv2] [D] [thread 52682] [18.0] [cxt 0] Parser 'parser': start
[15:37:56.536] [bmv2] [D] [thread 52682] [18.0] [cxt 0] Parser 'parser' entering state 'start'
[15:37:56.536] [bmv2] [D] [thread 52682] [18.0] [cxt 0] Extracting header 'ethernet'
[15:37:56.536] [bmv2] [D] [thread 52682] [18.0] [cxt 0] Parser state 'start': key is 86dd
[15:37:56.536] [bmv2] [T] [thread 52682] [18.0] [cxt 0] Bytes parsed: 14
[15:37:56.536] [bmv2] [D] [thread 52682] [18.0] [cxt 0] Parser 'parser': end
[15:37:56.536] [bmv2] [D] [thread 52682] [18.0] [cxt 0] Pipeline 'ingress': start
[15:37:56.536] [bmv2] [T] [thread 52682] [18.0] [cxt 0] basic.p4(129) Condition "hdr.ipv4.isValid()" (node_2) is false
[15:37:56.536] [bmv2] [D] [thread 52682] [18.0] [cxt 0] Pipeline 'ingress': end
[15:37:56.536] [bmv2] [D] [thread 52682] [18.0] [cxt 0] Egress port is 0
[15:37:56.536] [bmv2] [D] [thread 52683] [18.0] [cxt 0] Pipeline 'egress': start
[15:37:56.536] [bmv2] [T] [thread 52683] [18.0] [cxt 0] Applying table 'tbl_drop'
[15:37:56.536] [bmv2] [D] [thread 52683] [18.0] [cxt 0] Looking up key:

[15:37:56.536] [bmv2] [D] [thread 52683] [18.0] [cxt 0] Table 'tbl_drop': miss
[15:37:56.536] [bmv2] [D] [thread 52683] [18.0] [cxt 0] Action entry is MyEgress.drop - 
[15:37:56.536] [bmv2] [T] [thread 52683] [18.0] [cxt 0] Action MyEgress.drop
[15:37:56.536] [bmv2] [T] [thread 52683] [18.0] [cxt 0] basic.p4(149) Primitive mark_to_drop(standard_metadata)
[15:37:56.536] [bmv2] [D] [thread 52683] [18.0] [cxt 0] Pipeline 'egress': end
[15:37:56.536] [bmv2] [D] [thread 52683] [18.0] [cxt 0] Dropping packet at the end of egress
[15:37:56.584] [bmv2] [D] [thread 52682] [19.0] [cxt 0] Processing packet received on port 2
[15:37:56.584] [bmv2] [D] [thread 52682] [19.0] [cxt 0] Parser 'parser': start
[15:37:56.584] [bmv2] [D] [thread 52682] [19.0] [cxt 0] Parser 'parser' entering state 'start'
[15:37:56.584] [bmv2] [D] [thread 52682] [19.0] [cxt 0] Extracting header 'ethernet'
[15:37:56.584] [bmv2] [D] [thread 52682] [19.0] [cxt 0] Parser state 'start': key is 86dd
[15:37:56.584] [bmv2] [T] [thread 52682] [19.0] [cxt 0] Bytes parsed: 14
[15:37:56.584] [bmv2] [D] [thread 52682] [19.0] [cxt 0] Parser 'parser': end
[15:37:56.584] [bmv2] [D] [thread 52682] [19.0] [cxt 0] Pipeline 'ingress': start
[15:37:56.584] [bmv2] [T] [thread 52682] [19.0] [cxt 0] basic.p4(129) Condition "hdr.ipv4.isValid()" (node_2) is false
[15:37:56.584] [bmv2] [D] [thread 52682] [19.0] [cxt 0] Pipeline 'ingress': end
[15:37:56.584] [bmv2] [D] [thread 52682] [19.0] [cxt 0] Egress port is 0
[15:37:56.584] [bmv2] [D] [thread 52683] [19.0] [cxt 0] Pipeline 'egress': start
[15:37:56.584] [bmv2] [T] [thread 52683] [19.0] [cxt 0] Applying table 'tbl_drop'
[15:37:56.584] [bmv2] [D] [thread 52683] [19.0] [cxt 0] Looking up key:

[15:37:56.584] [bmv2] [D] [thread 52683] [19.0] [cxt 0] Table 'tbl_drop': miss
[15:37:56.584] [bmv2] [D] [thread 52683] [19.0] [cxt 0] Action entry is MyEgress.drop - 
[15:37:56.584] [bmv2] [T] [thread 52683] [19.0] [cxt 0] Action MyEgress.drop
[15:37:56.584] [bmv2] [T] [thread 52683] [19.0] [cxt 0] basic.p4(149) Primitive mark_to_drop(standard_metadata)
[15:37:56.584] [bmv2] [D] [thread 52683] [19.0] [cxt 0] Pipeline 'egress': end
[15:37:56.584] [bmv2] [D] [thread 52683] [19.0] [cxt 0] Dropping packet at the end of egress
[15:37:56.715] [bmv2] [D] [thread 52682] [20.0] [cxt 0] Processing packet received on port 1
[15:37:56.715] [bmv2] [D] [thread 52682] [20.0] [cxt 0] Parser 'parser': start
[15:37:56.715] [bmv2] [D] [thread 52682] [20.0] [cxt 0] Parser 'parser' entering state 'start'
[15:37:56.715] [bmv2] [D] [thread 52682] [20.0] [cxt 0] Extracting header 'ethernet'
[15:37:56.715] [bmv2] [D] [thread 52682] [20.0] [cxt 0] Parser state 'start': key is 86dd
[15:37:56.715] [bmv2] [T] [thread 52682] [20.0] [cxt 0] Bytes parsed: 14
[15:37:56.715] [bmv2] [D] [thread 52682] [20.0] [cxt 0] Parser 'parser': end
[15:37:56.715] [bmv2] [D] [thread 52682] [20.0] [cxt 0] Pipeline 'ingress': start
[15:37:56.715] [bmv2] [T] [thread 52682] [20.0] [cxt 0] basic.p4(129) Condition "hdr.ipv4.isValid()" (node_2) is false
[15:37:56.715] [bmv2] [D] [thread 52682] [20.0] [cxt 0] Pipeline 'ingress': end
[15:37:56.715] [bmv2] [D] [thread 52682] [20.0] [cxt 0] Egress port is 0
[15:37:56.715] [bmv2] [D] [thread 52683] [20.0] [cxt 0] Pipeline 'egress': start
[15:37:56.715] [bmv2] [T] [thread 52683] [20.0] [cxt 0] Applying table 'tbl_drop'
[15:37:56.715] [bmv2] [D] [thread 52683] [20.0] [cxt 0] Looking up key:

[15:37:56.715] [bmv2] [D] [thread 52683] [20.0] [cxt 0] Table 'tbl_drop': miss
[15:37:56.715] [bmv2] [D] [thread 52683] [20.0] [cxt 0] Action entry is MyEgress.drop - 
[15:37:56.715] [bmv2] [T] [thread 52683] [20.0] [cxt 0] Action MyEgress.drop
[15:37:56.715] [bmv2] [T] [thread 52683] [20.0] [cxt 0] basic.p4(149) Primitive mark_to_drop(standard_metadata)
[15:37:56.715] [bmv2] [D] [thread 52683] [20.0] [cxt 0] Pipeline 'egress': end
[15:37:56.715] [bmv2] [D] [thread 52683] [20.0] [cxt 0] Dropping packet at the end of egress
[15:37:56.834] [bmv2] [D] [thread 52682] [21.0] [cxt 0] Processing packet received on port 2
[15:37:56.834] [bmv2] [D] [thread 52682] [21.0] [cxt 0] Parser 'parser': start
[15:37:56.834] [bmv2] [D] [thread 52682] [21.0] [cxt 0] Parser 'parser' entering state 'start'
[15:37:56.834] [bmv2] [D] [thread 52682] [21.0] [cxt 0] Extracting header 'ethernet'
[15:37:56.834] [bmv2] [D] [thread 52682] [21.0] [cxt 0] Parser state 'start': key is 86dd
[15:37:56.834] [bmv2] [T] [thread 52682] [21.0] [cxt 0] Bytes parsed: 14
[15:37:56.834] [bmv2] [D] [thread 52682] [21.0] [cxt 0] Parser 'parser': end
[15:37:56.834] [bmv2] [D] [thread 52682] [21.0] [cxt 0] Pipeline 'ingress': start
[15:37:56.835] [bmv2] [T] [thread 52682] [21.0] [cxt 0] basic.p4(129) Condition "hdr.ipv4.isValid()" (node_2) is false
[15:37:56.835] [bmv2] [D] [thread 52682] [21.0] [cxt 0] Pipeline 'ingress': end
[15:37:56.835] [bmv2] [D] [thread 52682] [21.0] [cxt 0] Egress port is 0
[15:37:56.835] [bmv2] [D] [thread 52683] [21.0] [cxt 0] Pipeline 'egress': start
[15:37:56.835] [bmv2] [T] [thread 52683] [21.0] [cxt 0] Applying table 'tbl_drop'
[15:37:56.835] [bmv2] [D] [thread 52683] [21.0] [cxt 0] Looking up key:

[15:37:56.835] [bmv2] [D] [thread 52683] [21.0] [cxt 0] Table 'tbl_drop': miss
[15:37:56.835] [bmv2] [D] [thread 52683] [21.0] [cxt 0] Action entry is MyEgress.drop - 
[15:37:56.835] [bmv2] [T] [thread 52683] [21.0] [cxt 0] Action MyEgress.drop
[15:37:56.835] [bmv2] [T] [thread 52683] [21.0] [cxt 0] basic.p4(149) Primitive mark_to_drop(standard_metadata)
[15:37:56.835] [bmv2] [D] [thread 52683] [21.0] [cxt 0] Pipeline 'egress': end
[15:37:56.835] [bmv2] [D] [thread 52683] [21.0] [cxt 0] Dropping packet at the end of egress
[15:37:56.965] [bmv2] [D] [thread 52682] [22.0] [cxt 0] Processing packet received on port 1
[15:37:56.965] [bmv2] [D] [thread 52682] [22.0] [cxt 0] Parser 'parser': start
[15:37:56.965] [bmv2] [D] [thread 52682] [22.0] [cxt 0] Parser 'parser' entering state 'start'
[15:37:56.965] [bmv2] [D] [thread 52682] [22.0] [cxt 0] Extracting header 'ethernet'
[15:37:56.965] [bmv2] [D] [thread 52682] [22.0] [cxt 0] Parser state 'start': key is 86dd
[15:37:56.965] [bmv2] [T] [thread 52682] [22.0] [cxt 0] Bytes parsed: 14
[15:37:56.965] [bmv2] [D] [thread 52682] [22.0] [cxt 0] Parser 'parser': end
[15:37:56.965] [bmv2] [D] [thread 52682] [22.0] [cxt 0] Pipeline 'ingress': start
[15:37:56.965] [bmv2] [T] [thread 52682] [22.0] [cxt 0] basic.p4(129) Condition "hdr.ipv4.isValid()" (node_2) is false
[15:37:56.965] [bmv2] [D] [thread 52682] [22.0] [cxt 0] Pipeline 'ingress': end
[15:37:56.965] [bmv2] [D] [thread 52682] [22.0] [cxt 0] Egress port is 0
[15:37:56.965] [bmv2] [D] [thread 52683] [22.0] [cxt 0] Pipeline 'egress': start
[15:37:56.965] [bmv2] [T] [thread 52683] [22.0] [cxt 0] Applying table 'tbl_drop'
[15:37:56.965] [bmv2] [D] [thread 52683] [22.0] [cxt 0] Looking up key:

[15:37:56.965] [bmv2] [D] [thread 52683] [22.0] [cxt 0] Table 'tbl_drop': miss
[15:37:56.965] [bmv2] [D] [thread 52683] [22.0] [cxt 0] Action entry is MyEgress.drop - 
[15:37:56.965] [bmv2] [T] [thread 52683] [22.0] [cxt 0] Action MyEgress.drop
[15:37:56.965] [bmv2] [T] [thread 52683] [22.0] [cxt 0] basic.p4(149) Primitive mark_to_drop(standard_metadata)
[15:37:56.965] [bmv2] [D] [thread 52683] [22.0] [cxt 0] Pipeline 'egress': end
[15:37:56.965] [bmv2] [D] [thread 52683] [22.0] [cxt 0] Dropping packet at the end of egress
[15:37:57.035] [bmv2] [D] [thread 52682] [23.0] [cxt 0] Processing packet received on port 2
[15:37:57.035] [bmv2] [D] [thread 52682] [23.0] [cxt 0] Parser 'parser': start
[15:37:57.035] [bmv2] [D] [thread 52682] [23.0] [cxt 0] Parser 'parser' entering state 'start'
[15:37:57.035] [bmv2] [D] [thread 52682] [23.0] [cxt 0] Extracting header 'ethernet'
[15:37:57.035] [bmv2] [D] [thread 52682] [23.0] [cxt 0] Parser state 'start': key is 86dd
[15:37:57.035] [bmv2] [T] [thread 52682] [23.0] [cxt 0] Bytes parsed: 14
[15:37:57.035] [bmv2] [D] [thread 52682] [23.0] [cxt 0] Parser 'parser': end
[15:37:57.035] [bmv2] [D] [thread 52682] [23.0] [cxt 0] Pipeline 'ingress': start
[15:37:57.035] [bmv2] [T] [thread 52682] [23.0] [cxt 0] basic.p4(129) Condition "hdr.ipv4.isValid()" (node_2) is false
[15:37:57.035] [bmv2] [D] [thread 52682] [23.0] [cxt 0] Pipeline 'ingress': end
[15:37:57.035] [bmv2] [D] [thread 52682] [23.0] [cxt 0] Egress port is 0
[15:37:57.035] [bmv2] [D] [thread 52683] [23.0] [cxt 0] Pipeline 'egress': start
[15:37:57.035] [bmv2] [T] [thread 52683] [23.0] [cxt 0] Applying table 'tbl_drop'
[15:37:57.035] [bmv2] [D] [thread 52683] [23.0] [cxt 0] Looking up key:

[15:37:57.035] [bmv2] [D] [thread 52683] [23.0] [cxt 0] Table 'tbl_drop': miss
[15:37:57.035] [bmv2] [D] [thread 52683] [23.0] [cxt 0] Action entry is MyEgress.drop - 
[15:37:57.035] [bmv2] [T] [thread 52683] [23.0] [cxt 0] Action MyEgress.drop
[15:37:57.035] [bmv2] [T] [thread 52683] [23.0] [cxt 0] basic.p4(149) Primitive mark_to_drop(standard_metadata)
[15:37:57.035] [bmv2] [D] [thread 52683] [23.0] [cxt 0] Pipeline 'egress': end
[15:37:57.035] [bmv2] [D] [thread 52683] [23.0] [cxt 0] Dropping packet at the end of egress
[15:37:57.285] [bmv2] [D] [thread 52682] [24.0] [cxt 0] Processing packet received on port 2
[15:37:57.285] [bmv2] [D] [thread 52682] [24.0] [cxt 0] Parser 'parser': start
[15:37:57.285] [bmv2] [D] [thread 52682] [24.0] [cxt 0] Parser 'parser' entering state 'start'
[15:37:57.285] [bmv2] [D] [thread 52682] [24.0] [cxt 0] Extracting header 'ethernet'
[15:37:57.286] [bmv2] [D] [thread 52682] [24.0] [cxt 0] Parser state 'start': key is 86dd
[15:37:57.286] [bmv2] [T] [thread 52682] [24.0] [cxt 0] Bytes parsed: 14
[15:37:57.286] [bmv2] [D] [thread 52682] [24.0] [cxt 0] Parser 'parser': end
[15:37:57.286] [bmv2] [D] [thread 52682] [24.0] [cxt 0] Pipeline 'ingress': start
[15:37:57.286] [bmv2] [T] [thread 52682] [24.0] [cxt 0] basic.p4(129) Condition "hdr.ipv4.isValid()" (node_2) is false
[15:37:57.286] [bmv2] [D] [thread 52682] [24.0] [cxt 0] Pipeline 'ingress': end
[15:37:57.286] [bmv2] [D] [thread 52682] [24.0] [cxt 0] Egress port is 0
[15:37:57.286] [bmv2] [D] [thread 52683] [24.0] [cxt 0] Pipeline 'egress': start
[15:37:57.286] [bmv2] [T] [thread 52683] [24.0] [cxt 0] Applying table 'tbl_drop'
[15:37:57.286] [bmv2] [D] [thread 52683] [24.0] [cxt 0] Looking up key:

[15:37:57.286] [bmv2] [D] [thread 52683] [24.0] [cxt 0] Table 'tbl_drop': miss
[15:37:57.286] [bmv2] [D] [thread 52683] [24.0] [cxt 0] Action entry is MyEgress.drop - 
[15:37:57.286] [bmv2] [T] [thread 52683] [24.0] [cxt 0] Action MyEgress.drop
[15:37:57.286] [bmv2] [T] [thread 52683] [24.0] [cxt 0] basic.p4(149) Primitive mark_to_drop(standard_metadata)
[15:37:57.286] [bmv2] [D] [thread 52683] [24.0] [cxt 0] Pipeline 'egress': end
[15:37:57.286] [bmv2] [D] [thread 52683] [24.0] [cxt 0] Dropping packet at the end of egress
[15:37:57.813] [bmv2] [D] [thread 52682] [25.0] [cxt 0] Processing packet received on port 1
[15:37:57.813] [bmv2] [D] [thread 52682] [25.0] [cxt 0] Parser 'parser': start
[15:37:57.813] [bmv2] [D] [thread 52682] [25.0] [cxt 0] Parser 'parser' entering state 'start'
[15:37:57.813] [bmv2] [D] [thread 52682] [25.0] [cxt 0] Extracting header 'ethernet'
[15:37:57.813] [bmv2] [D] [thread 52682] [25.0] [cxt 0] Parser state 'start': key is 86dd
[15:37:57.813] [bmv2] [T] [thread 52682] [25.0] [cxt 0] Bytes parsed: 14
[15:37:57.813] [bmv2] [D] [thread 52682] [25.0] [cxt 0] Parser 'parser': end
[15:37:57.813] [bmv2] [D] [thread 52682] [25.0] [cxt 0] Pipeline 'ingress': start
[15:37:57.813] [bmv2] [T] [thread 52682] [25.0] [cxt 0] basic.p4(129) Condition "hdr.ipv4.isValid()" (node_2) is false
[15:37:57.813] [bmv2] [D] [thread 52682] [25.0] [cxt 0] Pipeline 'ingress': end
[15:37:57.813] [bmv2] [D] [thread 52682] [25.0] [cxt 0] Egress port is 0
[15:37:57.813] [bmv2] [D] [thread 52683] [25.0] [cxt 0] Pipeline 'egress': start
[15:37:57.813] [bmv2] [T] [thread 52683] [25.0] [cxt 0] Applying table 'tbl_drop'
[15:37:57.813] [bmv2] [D] [thread 52683] [25.0] [cxt 0] Looking up key:

[15:37:57.813] [bmv2] [D] [thread 52683] [25.0] [cxt 0] Table 'tbl_drop': miss
[15:37:57.813] [bmv2] [D] [thread 52683] [25.0] [cxt 0] Action entry is MyEgress.drop - 
[15:37:57.813] [bmv2] [T] [thread 52683] [25.0] [cxt 0] Action MyEgress.drop
[15:37:57.813] [bmv2] [T] [thread 52683] [25.0] [cxt 0] basic.p4(149) Primitive mark_to_drop(standard_metadata)
[15:37:57.813] [bmv2] [D] [thread 52683] [25.0] [cxt 0] Pipeline 'egress': end
[15:37:57.813] [bmv2] [D] [thread 52683] [25.0] [cxt 0] Dropping packet at the end of egress
[15:37:58.134] [bmv2] [D] [thread 52682] [26.0] [cxt 0] Processing packet received on port 2
[15:37:58.134] [bmv2] [D] [thread 52682] [26.0] [cxt 0] Parser 'parser': start
[15:37:58.134] [bmv2] [D] [thread 52682] [26.0] [cxt 0] Parser 'parser' entering state 'start'
[15:37:58.134] [bmv2] [D] [thread 52682] [26.0] [cxt 0] Extracting header 'ethernet'
[15:37:58.134] [bmv2] [D] [thread 52682] [26.0] [cxt 0] Parser state 'start': key is 86dd
[15:37:58.134] [bmv2] [T] [thread 52682] [26.0] [cxt 0] Bytes parsed: 14
[15:37:58.134] [bmv2] [D] [thread 52682] [26.0] [cxt 0] Parser 'parser': end
[15:37:58.134] [bmv2] [D] [thread 52682] [26.0] [cxt 0] Pipeline 'ingress': start
[15:37:58.134] [bmv2] [T] [thread 52682] [26.0] [cxt 0] basic.p4(129) Condition "hdr.ipv4.isValid()" (node_2) is false
[15:37:58.134] [bmv2] [D] [thread 52682] [26.0] [cxt 0] Pipeline 'ingress': end
[15:37:58.134] [bmv2] [D] [thread 52682] [26.0] [cxt 0] Egress port is 0
[15:37:58.134] [bmv2] [D] [thread 52683] [26.0] [cxt 0] Pipeline 'egress': start
[15:37:58.134] [bmv2] [T] [thread 52683] [26.0] [cxt 0] Applying table 'tbl_drop'
[15:37:58.134] [bmv2] [D] [thread 52683] [26.0] [cxt 0] Looking up key:

[15:37:58.134] [bmv2] [D] [thread 52683] [26.0] [cxt 0] Table 'tbl_drop': miss
[15:37:58.134] [bmv2] [D] [thread 52683] [26.0] [cxt 0] Action entry is MyEgress.drop - 
[15:37:58.134] [bmv2] [T] [thread 52683] [26.0] [cxt 0] Action MyEgress.drop
[15:37:58.134] [bmv2] [T] [thread 52683] [26.0] [cxt 0] basic.p4(149) Primitive mark_to_drop(standard_metadata)
[15:37:58.134] [bmv2] [D] [thread 52683] [26.0] [cxt 0] Pipeline 'egress': end
[15:37:58.134] [bmv2] [D] [thread 52683] [26.0] [cxt 0] Dropping packet at the end of egress
[15:37:58.966] [bmv2] [D] [thread 52682] [27.0] [cxt 0] Processing packet received on port 1
[15:37:58.966] [bmv2] [D] [thread 52682] [27.0] [cxt 0] Parser 'parser': start
[15:37:58.966] [bmv2] [D] [thread 52682] [27.0] [cxt 0] Parser 'parser' entering state 'start'
[15:37:58.966] [bmv2] [D] [thread 52682] [27.0] [cxt 0] Extracting header 'ethernet'
[15:37:58.966] [bmv2] [D] [thread 52682] [27.0] [cxt 0] Parser state 'start': key is 86dd
[15:37:58.966] [bmv2] [T] [thread 52682] [27.0] [cxt 0] Bytes parsed: 14
[15:37:58.966] [bmv2] [D] [thread 52682] [27.0] [cxt 0] Parser 'parser': end
[15:37:58.966] [bmv2] [D] [thread 52682] [27.0] [cxt 0] Pipeline 'ingress': start
[15:37:58.966] [bmv2] [T] [thread 52682] [27.0] [cxt 0] basic.p4(129) Condition "hdr.ipv4.isValid()" (node_2) is false
[15:37:58.966] [bmv2] [D] [thread 52682] [27.0] [cxt 0] Pipeline 'ingress': end
[15:37:58.966] [bmv2] [D] [thread 52682] [27.0] [cxt 0] Egress port is 0
[15:37:58.966] [bmv2] [D] [thread 52683] [27.0] [cxt 0] Pipeline 'egress': start
[15:37:58.966] [bmv2] [T] [thread 52683] [27.0] [cxt 0] Applying table 'tbl_drop'
[15:37:58.966] [bmv2] [D] [thread 52683] [27.0] [cxt 0] Looking up key:

[15:37:58.966] [bmv2] [D] [thread 52683] [27.0] [cxt 0] Table 'tbl_drop': miss
[15:37:58.966] [bmv2] [D] [thread 52683] [27.0] [cxt 0] Action entry is MyEgress.drop - 
[15:37:58.966] [bmv2] [T] [thread 52683] [27.0] [cxt 0] Action MyEgress.drop
[15:37:58.966] [bmv2] [T] [thread 52683] [27.0] [cxt 0] basic.p4(149) Primitive mark_to_drop(standard_metadata)
[15:37:58.966] [bmv2] [D] [thread 52683] [27.0] [cxt 0] Pipeline 'egress': end
[15:37:58.966] [bmv2] [D] [thread 52683] [27.0] [cxt 0] Dropping packet at the end of egress
[15:37:59.286] [bmv2] [D] [thread 52682] [28.0] [cxt 0] Processing packet received on port 2
[15:37:59.286] [bmv2] [D] [thread 52682] [28.0] [cxt 0] Parser 'parser': start
[15:37:59.286] [bmv2] [D] [thread 52682] [28.0] [cxt 0] Parser 'parser' entering state 'start'
[15:37:59.286] [bmv2] [D] [thread 52682] [28.0] [cxt 0] Extracting header 'ethernet'
[15:37:59.286] [bmv2] [D] [thread 52682] [28.0] [cxt 0] Parser state 'start': key is 86dd
[15:37:59.286] [bmv2] [T] [thread 52682] [28.0] [cxt 0] Bytes parsed: 14
[15:37:59.286] [bmv2] [D] [thread 52682] [28.0] [cxt 0] Parser 'parser': end
[15:37:59.286] [bmv2] [D] [thread 52682] [28.0] [cxt 0] Pipeline 'ingress': start
[15:37:59.286] [bmv2] [T] [thread 52682] [28.0] [cxt 0] basic.p4(129) Condition "hdr.ipv4.isValid()" (node_2) is false
[15:37:59.286] [bmv2] [D] [thread 52682] [28.0] [cxt 0] Pipeline 'ingress': end
[15:37:59.286] [bmv2] [D] [thread 52682] [28.0] [cxt 0] Egress port is 0
[15:37:59.286] [bmv2] [D] [thread 52683] [28.0] [cxt 0] Pipeline 'egress': start
[15:37:59.286] [bmv2] [T] [thread 52683] [28.0] [cxt 0] Applying table 'tbl_drop'
[15:37:59.286] [bmv2] [D] [thread 52683] [28.0] [cxt 0] Looking up key:

[15:37:59.286] [bmv2] [D] [thread 52683] [28.0] [cxt 0] Table 'tbl_drop': miss
[15:37:59.286] [bmv2] [D] [thread 52683] [28.0] [cxt 0] Action entry is MyEgress.drop - 
[15:37:59.286] [bmv2] [T] [thread 52683] [28.0] [cxt 0] Action MyEgress.drop
[15:37:59.286] [bmv2] [T] [thread 52683] [28.0] [cxt 0] basic.p4(149) Primitive mark_to_drop(standard_metadata)
[15:37:59.286] [bmv2] [D] [thread 52683] [28.0] [cxt 0] Pipeline 'egress': end
[15:37:59.286] [bmv2] [D] [thread 52683] [28.0] [cxt 0] Dropping packet at the end of egress
[15:37:59.864] [bmv2] [D] [thread 52682] [29.0] [cxt 0] Processing packet received on port 1
[15:37:59.864] [bmv2] [D] [thread 52682] [29.0] [cxt 0] Parser 'parser': start
[15:37:59.864] [bmv2] [D] [thread 52682] [29.0] [cxt 0] Parser 'parser' entering state 'start'
[15:37:59.864] [bmv2] [D] [thread 52682] [29.0] [cxt 0] Extracting header 'ethernet'
[15:37:59.864] [bmv2] [D] [thread 52682] [29.0] [cxt 0] Parser state 'start': key is 86dd
[15:37:59.864] [bmv2] [T] [thread 52682] [29.0] [cxt 0] Bytes parsed: 14
[15:37:59.864] [bmv2] [D] [thread 52682] [29.0] [cxt 0] Parser 'parser': end
[15:37:59.864] [bmv2] [D] [thread 52682] [29.0] [cxt 0] Pipeline 'ingress': start
[15:37:59.864] [bmv2] [T] [thread 52682] [29.0] [cxt 0] basic.p4(129) Condition "hdr.ipv4.isValid()" (node_2) is false
[15:37:59.864] [bmv2] [D] [thread 52682] [29.0] [cxt 0] Pipeline 'ingress': end
[15:37:59.864] [bmv2] [D] [thread 52682] [29.0] [cxt 0] Egress port is 0
[15:37:59.864] [bmv2] [D] [thread 52682] [30.0] [cxt 0] Processing packet received on port 2
[15:37:59.864] [bmv2] [D] [thread 52682] [30.0] [cxt 0] Parser 'parser': start
[15:37:59.864] [bmv2] [D] [thread 52682] [30.0] [cxt 0] Parser 'parser' entering state 'start'
[15:37:59.864] [bmv2] [D] [thread 52682] [30.0] [cxt 0] Extracting header 'ethernet'
[15:37:59.864] [bmv2] [D] [thread 52682] [30.0] [cxt 0] Parser state 'start': key is 86dd
[15:37:59.864] [bmv2] [T] [thread 52682] [30.0] [cxt 0] Bytes parsed: 14
[15:37:59.864] [bmv2] [D] [thread 52682] [30.0] [cxt 0] Parser 'parser': end
[15:37:59.864] [bmv2] [D] [thread 52682] [30.0] [cxt 0] Pipeline 'ingress': start
[15:37:59.864] [bmv2] [T] [thread 52682] [30.0] [cxt 0] basic.p4(129) Condition "hdr.ipv4.isValid()" (node_2) is false
[15:37:59.864] [bmv2] [D] [thread 52683] [29.0] [cxt 0] Pipeline 'egress': start
[15:37:59.864] [bmv2] [T] [thread 52683] [29.0] [cxt 0] Applying table 'tbl_drop'
[15:37:59.864] [bmv2] [D] [thread 52682] [30.0] [cxt 0] Pipeline 'ingress': end
[15:37:59.864] [bmv2] [D] [thread 52682] [30.0] [cxt 0] Egress port is 0
[15:37:59.864] [bmv2] [D] [thread 52683] [29.0] [cxt 0] Looking up key:

[15:37:59.864] [bmv2] [D] [thread 52683] [29.0] [cxt 0] Table 'tbl_drop': miss
[15:37:59.865] [bmv2] [D] [thread 52683] [29.0] [cxt 0] Action entry is MyEgress.drop - 
[15:37:59.865] [bmv2] [T] [thread 52683] [29.0] [cxt 0] Action MyEgress.drop
[15:37:59.865] [bmv2] [T] [thread 52683] [29.0] [cxt 0] basic.p4(149) Primitive mark_to_drop(standard_metadata)
[15:37:59.865] [bmv2] [D] [thread 52683] [29.0] [cxt 0] Pipeline 'egress': end
[15:37:59.865] [bmv2] [D] [thread 52683] [29.0] [cxt 0] Dropping packet at the end of egress
[15:37:59.865] [bmv2] [D] [thread 52683] [30.0] [cxt 0] Pipeline 'egress': start
[15:37:59.865] [bmv2] [T] [thread 52683] [30.0] [cxt 0] Applying table 'tbl_drop'
[15:37:59.865] [bmv2] [D] [thread 52683] [30.0] [cxt 0] Looking up key:

[15:37:59.865] [bmv2] [D] [thread 52683] [30.0] [cxt 0] Table 'tbl_drop': miss
[15:37:59.865] [bmv2] [D] [thread 52683] [30.0] [cxt 0] Action entry is MyEgress.drop - 
[15:37:59.865] [bmv2] [T] [thread 52683] [30.0] [cxt 0] Action MyEgress.drop
[15:37:59.865] [bmv2] [T] [thread 52683] [30.0] [cxt 0] basic.p4(149) Primitive mark_to_drop(standard_metadata)
[15:37:59.865] [bmv2] [D] [thread 52683] [30.0] [cxt 0] Pipeline 'egress': end
[15:37:59.865] [bmv2] [D] [thread 52683] [30.0] [cxt 0] Dropping packet at the end of egress
[15:37:59.912] [bmv2] [D] [thread 52682] [31.0] [cxt 0] Processing packet received on port 1
[15:37:59.912] [bmv2] [D] [thread 52682] [31.0] [cxt 0] Parser 'parser': start
[15:37:59.912] [bmv2] [D] [thread 52682] [31.0] [cxt 0] Parser 'parser' entering state 'start'
[15:37:59.912] [bmv2] [D] [thread 52682] [31.0] [cxt 0] Extracting header 'ethernet'
[15:37:59.912] [bmv2] [D] [thread 52682] [31.0] [cxt 0] Parser state 'start': key is 86dd
[15:37:59.912] [bmv2] [T] [thread 52682] [31.0] [cxt 0] Bytes parsed: 14
[15:37:59.912] [bmv2] [D] [thread 52682] [31.0] [cxt 0] Parser 'parser': end
[15:37:59.912] [bmv2] [D] [thread 52682] [31.0] [cxt 0] Pipeline 'ingress': start
[15:37:59.912] [bmv2] [T] [thread 52682] [31.0] [cxt 0] basic.p4(129) Condition "hdr.ipv4.isValid()" (node_2) is false
[15:37:59.912] [bmv2] [D] [thread 52682] [31.0] [cxt 0] Pipeline 'ingress': end
[15:37:59.912] [bmv2] [D] [thread 52682] [31.0] [cxt 0] Egress port is 0
[15:37:59.912] [bmv2] [D] [thread 52683] [31.0] [cxt 0] Pipeline 'egress': start
[15:37:59.912] [bmv2] [T] [thread 52683] [31.0] [cxt 0] Applying table 'tbl_drop'
[15:37:59.912] [bmv2] [D] [thread 52683] [31.0] [cxt 0] Looking up key:

[15:37:59.912] [bmv2] [D] [thread 52683] [31.0] [cxt 0] Table 'tbl_drop': miss
[15:37:59.912] [bmv2] [D] [thread 52683] [31.0] [cxt 0] Action entry is MyEgress.drop - 
[15:37:59.912] [bmv2] [T] [thread 52683] [31.0] [cxt 0] Action MyEgress.drop
[15:37:59.912] [bmv2] [T] [thread 52683] [31.0] [cxt 0] basic.p4(149) Primitive mark_to_drop(standard_metadata)
[15:37:59.912] [bmv2] [D] [thread 52683] [31.0] [cxt 0] Pipeline 'egress': end
[15:37:59.912] [bmv2] [D] [thread 52683] [31.0] [cxt 0] Dropping packet at the end of egress
[15:38:00.231] [bmv2] [D] [thread 52682] [32.0] [cxt 0] Processing packet received on port 2
[15:38:00.231] [bmv2] [D] [thread 52682] [32.0] [cxt 0] Parser 'parser': start
[15:38:00.231] [bmv2] [D] [thread 52682] [32.0] [cxt 0] Parser 'parser' entering state 'start'
[15:38:00.231] [bmv2] [D] [thread 52682] [32.0] [cxt 0] Extracting header 'ethernet'
[15:38:00.231] [bmv2] [D] [thread 52682] [32.0] [cxt 0] Parser state 'start': key is 86dd
[15:38:00.231] [bmv2] [T] [thread 52682] [32.0] [cxt 0] Bytes parsed: 14
[15:38:00.231] [bmv2] [D] [thread 52682] [32.0] [cxt 0] Parser 'parser': end
[15:38:00.232] [bmv2] [D] [thread 52682] [32.0] [cxt 0] Pipeline 'ingress': start
[15:38:00.232] [bmv2] [T] [thread 52682] [32.0] [cxt 0] basic.p4(129) Condition "hdr.ipv4.isValid()" (node_2) is false
[15:38:00.232] [bmv2] [D] [thread 52682] [32.0] [cxt 0] Pipeline 'ingress': end
[15:38:00.232] [bmv2] [D] [thread 52682] [32.0] [cxt 0] Egress port is 0
[15:38:00.232] [bmv2] [D] [thread 52683] [32.0] [cxt 0] Pipeline 'egress': start
[15:38:00.232] [bmv2] [T] [thread 52683] [32.0] [cxt 0] Applying table 'tbl_drop'
[15:38:00.232] [bmv2] [D] [thread 52683] [32.0] [cxt 0] Looking up key:

[15:38:00.232] [bmv2] [D] [thread 52683] [32.0] [cxt 0] Table 'tbl_drop': miss
[15:38:00.232] [bmv2] [D] [thread 52683] [32.0] [cxt 0] Action entry is MyEgress.drop - 
[15:38:00.232] [bmv2] [T] [thread 52683] [32.0] [cxt 0] Action MyEgress.drop
[15:38:00.232] [bmv2] [T] [thread 52683] [32.0] [cxt 0] basic.p4(149) Primitive mark_to_drop(standard_metadata)
[15:38:00.232] [bmv2] [D] [thread 52683] [32.0] [cxt 0] Pipeline 'egress': end
[15:38:00.232] [bmv2] [D] [thread 52683] [32.0] [cxt 0] Dropping packet at the end of egress
[15:38:02.968] [bmv2] [D] [thread 52682] [33.0] [cxt 0] Processing packet received on port 1
[15:38:02.968] [bmv2] [D] [thread 52682] [33.0] [cxt 0] Parser 'parser': start
[15:38:02.968] [bmv2] [D] [thread 52682] [33.0] [cxt 0] Parser 'parser' entering state 'start'
[15:38:02.968] [bmv2] [D] [thread 52682] [33.0] [cxt 0] Extracting header 'ethernet'
[15:38:02.968] [bmv2] [D] [thread 52682] [33.0] [cxt 0] Parser state 'start': key is 86dd
[15:38:02.968] [bmv2] [T] [thread 52682] [33.0] [cxt 0] Bytes parsed: 14
[15:38:02.968] [bmv2] [D] [thread 52682] [33.0] [cxt 0] Parser 'parser': end
[15:38:02.969] [bmv2] [D] [thread 52682] [33.0] [cxt 0] Pipeline 'ingress': start
[15:38:02.969] [bmv2] [T] [thread 52682] [33.0] [cxt 0] basic.p4(129) Condition "hdr.ipv4.isValid()" (node_2) is false
[15:38:02.969] [bmv2] [D] [thread 52682] [33.0] [cxt 0] Pipeline 'ingress': end
[15:38:02.969] [bmv2] [D] [thread 52682] [33.0] [cxt 0] Egress port is 0
[15:38:02.969] [bmv2] [D] [thread 52683] [33.0] [cxt 0] Pipeline 'egress': start
[15:38:02.969] [bmv2] [T] [thread 52683] [33.0] [cxt 0] Applying table 'tbl_drop'
[15:38:02.969] [bmv2] [D] [thread 52683] [33.0] [cxt 0] Looking up key:

[15:38:02.969] [bmv2] [D] [thread 52683] [33.0] [cxt 0] Table 'tbl_drop': miss
[15:38:02.969] [bmv2] [D] [thread 52683] [33.0] [cxt 0] Action entry is MyEgress.drop - 
[15:38:02.969] [bmv2] [T] [thread 52683] [33.0] [cxt 0] Action MyEgress.drop
[15:38:02.969] [bmv2] [T] [thread 52683] [33.0] [cxt 0] basic.p4(149) Primitive mark_to_drop(standard_metadata)
[15:38:02.969] [bmv2] [D] [thread 52683] [33.0] [cxt 0] Pipeline 'egress': end
[15:38:02.969] [bmv2] [D] [thread 52683] [33.0] [cxt 0] Dropping packet at the end of egress
[15:38:03.287] [bmv2] [D] [thread 52682] [34.0] [cxt 0] Processing packet received on port 2
[15:38:03.287] [bmv2] [D] [thread 52682] [34.0] [cxt 0] Parser 'parser': start
[15:38:03.287] [bmv2] [D] [thread 52682] [34.0] [cxt 0] Parser 'parser' entering state 'start'
[15:38:03.287] [bmv2] [D] [thread 52682] [34.0] [cxt 0] Extracting header 'ethernet'
[15:38:03.287] [bmv2] [D] [thread 52682] [34.0] [cxt 0] Parser state 'start': key is 86dd
[15:38:03.287] [bmv2] [T] [thread 52682] [34.0] [cxt 0] Bytes parsed: 14
[15:38:03.287] [bmv2] [D] [thread 52682] [34.0] [cxt 0] Parser 'parser': end
[15:38:03.287] [bmv2] [D] [thread 52682] [34.0] [cxt 0] Pipeline 'ingress': start
[15:38:03.287] [bmv2] [T] [thread 52682] [34.0] [cxt 0] basic.p4(129) Condition "hdr.ipv4.isValid()" (node_2) is false
[15:38:03.287] [bmv2] [D] [thread 52682] [34.0] [cxt 0] Pipeline 'ingress': end
[15:38:03.287] [bmv2] [D] [thread 52682] [34.0] [cxt 0] Egress port is 0
[15:38:03.287] [bmv2] [D] [thread 52683] [34.0] [cxt 0] Pipeline 'egress': start
[15:38:03.287] [bmv2] [T] [thread 52683] [34.0] [cxt 0] Applying table 'tbl_drop'
[15:38:03.287] [bmv2] [D] [thread 52683] [34.0] [cxt 0] Looking up key:

[15:38:03.287] [bmv2] [D] [thread 52683] [34.0] [cxt 0] Table 'tbl_drop': miss
[15:38:03.287] [bmv2] [D] [thread 52683] [34.0] [cxt 0] Action entry is MyEgress.drop - 
[15:38:03.287] [bmv2] [T] [thread 52683] [34.0] [cxt 0] Action MyEgress.drop
[15:38:03.287] [bmv2] [T] [thread 52683] [34.0] [cxt 0] basic.p4(149) Primitive mark_to_drop(standard_metadata)
[15:38:03.287] [bmv2] [D] [thread 52683] [34.0] [cxt 0] Pipeline 'egress': end
[15:38:03.287] [bmv2] [D] [thread 52683] [34.0] [cxt 0] Dropping packet at the end of egress
[15:38:07.548] [bmv2] [D] [thread 52682] [35.0] [cxt 0] Processing packet received on port 2
[15:38:07.548] [bmv2] [D] [thread 52682] [35.0] [cxt 0] Parser 'parser': start
[15:38:07.548] [bmv2] [D] [thread 52682] [35.0] [cxt 0] Parser 'parser' entering state 'start'
[15:38:07.548] [bmv2] [D] [thread 52682] [35.0] [cxt 0] Extracting header 'ethernet'
[15:38:07.548] [bmv2] [D] [thread 52682] [35.0] [cxt 0] Parser state 'start': key is 86dd
[15:38:07.548] [bmv2] [T] [thread 52682] [35.0] [cxt 0] Bytes parsed: 14
[15:38:07.548] [bmv2] [D] [thread 52682] [35.0] [cxt 0] Parser 'parser': end
[15:38:07.548] [bmv2] [D] [thread 52682] [35.0] [cxt 0] Pipeline 'ingress': start
[15:38:07.548] [bmv2] [T] [thread 52682] [35.0] [cxt 0] basic.p4(129) Condition "hdr.ipv4.isValid()" (node_2) is false
[15:38:07.548] [bmv2] [D] [thread 52682] [35.0] [cxt 0] Pipeline 'ingress': end
[15:38:07.548] [bmv2] [D] [thread 52682] [35.0] [cxt 0] Egress port is 0
[15:38:07.548] [bmv2] [D] [thread 52683] [35.0] [cxt 0] Pipeline 'egress': start
[15:38:07.548] [bmv2] [T] [thread 52683] [35.0] [cxt 0] Applying table 'tbl_drop'
[15:38:07.548] [bmv2] [D] [thread 52683] [35.0] [cxt 0] Looking up key:

[15:38:07.548] [bmv2] [D] [thread 52683] [35.0] [cxt 0] Table 'tbl_drop': miss
[15:38:07.548] [bmv2] [D] [thread 52683] [35.0] [cxt 0] Action entry is MyEgress.drop - 
[15:38:07.548] [bmv2] [T] [thread 52683] [35.0] [cxt 0] Action MyEgress.drop
[15:38:07.548] [bmv2] [T] [thread 52683] [35.0] [cxt 0] basic.p4(149) Primitive mark_to_drop(standard_metadata)
[15:38:07.548] [bmv2] [D] [thread 52683] [35.0] [cxt 0] Pipeline 'egress': end
[15:38:07.548] [bmv2] [D] [thread 52683] [35.0] [cxt 0] Dropping packet at the end of egress
[15:38:07.800] [bmv2] [D] [thread 52682] [36.0] [cxt 0] Processing packet received on port 1
[15:38:07.800] [bmv2] [D] [thread 52682] [36.0] [cxt 0] Parser 'parser': start
[15:38:07.800] [bmv2] [D] [thread 52682] [36.0] [cxt 0] Parser 'parser' entering state 'start'
[15:38:07.800] [bmv2] [D] [thread 52682] [36.0] [cxt 0] Extracting header 'ethernet'
[15:38:07.800] [bmv2] [D] [thread 52682] [36.0] [cxt 0] Parser state 'start': key is 86dd
[15:38:07.800] [bmv2] [T] [thread 52682] [36.0] [cxt 0] Bytes parsed: 14
[15:38:07.800] [bmv2] [D] [thread 52682] [36.0] [cxt 0] Parser 'parser': end
[15:38:07.800] [bmv2] [D] [thread 52682] [36.0] [cxt 0] Pipeline 'ingress': start
[15:38:07.800] [bmv2] [T] [thread 52682] [36.0] [cxt 0] basic.p4(129) Condition "hdr.ipv4.isValid()" (node_2) is false
[15:38:07.800] [bmv2] [D] [thread 52682] [36.0] [cxt 0] Pipeline 'ingress': end
[15:38:07.800] [bmv2] [D] [thread 52682] [36.0] [cxt 0] Egress port is 0
[15:38:07.800] [bmv2] [D] [thread 52683] [36.0] [cxt 0] Pipeline 'egress': start
[15:38:07.800] [bmv2] [T] [thread 52683] [36.0] [cxt 0] Applying table 'tbl_drop'
[15:38:07.800] [bmv2] [D] [thread 52683] [36.0] [cxt 0] Looking up key:

[15:38:07.800] [bmv2] [D] [thread 52683] [36.0] [cxt 0] Table 'tbl_drop': miss
[15:38:07.800] [bmv2] [D] [thread 52683] [36.0] [cxt 0] Action entry is MyEgress.drop - 
[15:38:07.800] [bmv2] [T] [thread 52683] [36.0] [cxt 0] Action MyEgress.drop
[15:38:07.800] [bmv2] [T] [thread 52683] [36.0] [cxt 0] basic.p4(149) Primitive mark_to_drop(standard_metadata)
[15:38:07.800] [bmv2] [D] [thread 52683] [36.0] [cxt 0] Pipeline 'egress': end
[15:38:07.800] [bmv2] [D] [thread 52683] [36.0] [cxt 0] Dropping packet at the end of egress
[15:38:10.972] [bmv2] [D] [thread 52682] [37.0] [cxt 0] Processing packet received on port 1
[15:38:10.972] [bmv2] [D] [thread 52682] [37.0] [cxt 0] Parser 'parser': start
[15:38:10.972] [bmv2] [D] [thread 52682] [37.0] [cxt 0] Parser 'parser' entering state 'start'
[15:38:10.972] [bmv2] [D] [thread 52682] [37.0] [cxt 0] Extracting header 'ethernet'
[15:38:10.972] [bmv2] [D] [thread 52682] [37.0] [cxt 0] Parser state 'start': key is 86dd
[15:38:10.972] [bmv2] [T] [thread 52682] [37.0] [cxt 0] Bytes parsed: 14
[15:38:10.972] [bmv2] [D] [thread 52682] [37.0] [cxt 0] Parser 'parser': end
[15:38:10.972] [bmv2] [D] [thread 52682] [37.0] [cxt 0] Pipeline 'ingress': start
[15:38:10.972] [bmv2] [T] [thread 52682] [37.0] [cxt 0] basic.p4(129) Condition "hdr.ipv4.isValid()" (node_2) is false
[15:38:10.972] [bmv2] [D] [thread 52682] [37.0] [cxt 0] Pipeline 'ingress': end
[15:38:10.972] [bmv2] [D] [thread 52682] [37.0] [cxt 0] Egress port is 0
[15:38:10.972] [bmv2] [D] [thread 52683] [37.0] [cxt 0] Pipeline 'egress': start
[15:38:10.972] [bmv2] [T] [thread 52683] [37.0] [cxt 0] Applying table 'tbl_drop'
[15:38:10.972] [bmv2] [D] [thread 52683] [37.0] [cxt 0] Looking up key:

[15:38:10.972] [bmv2] [D] [thread 52683] [37.0] [cxt 0] Table 'tbl_drop': miss
[15:38:10.972] [bmv2] [D] [thread 52683] [37.0] [cxt 0] Action entry is MyEgress.drop - 
[15:38:10.972] [bmv2] [T] [thread 52683] [37.0] [cxt 0] Action MyEgress.drop
[15:38:10.972] [bmv2] [T] [thread 52683] [37.0] [cxt 0] basic.p4(149) Primitive mark_to_drop(standard_metadata)
[15:38:10.972] [bmv2] [D] [thread 52683] [37.0] [cxt 0] Pipeline 'egress': end
[15:38:10.972] [bmv2] [D] [thread 52683] [37.0] [cxt 0] Dropping packet at the end of egress
[15:38:11.287] [bmv2] [D] [thread 52682] [38.0] [cxt 0] Processing packet received on port 2
[15:38:11.287] [bmv2] [D] [thread 52682] [38.0] [cxt 0] Parser 'parser': start
[15:38:11.287] [bmv2] [D] [thread 52682] [38.0] [cxt 0] Parser 'parser' entering state 'start'
[15:38:11.287] [bmv2] [D] [thread 52682] [38.0] [cxt 0] Extracting header 'ethernet'
[15:38:11.287] [bmv2] [D] [thread 52682] [38.0] [cxt 0] Parser state 'start': key is 86dd
[15:38:11.287] [bmv2] [T] [thread 52682] [38.0] [cxt 0] Bytes parsed: 14
[15:38:11.288] [bmv2] [D] [thread 52682] [38.0] [cxt 0] Parser 'parser': end
[15:38:11.288] [bmv2] [D] [thread 52682] [38.0] [cxt 0] Pipeline 'ingress': start
[15:38:11.288] [bmv2] [T] [thread 52682] [38.0] [cxt 0] basic.p4(129) Condition "hdr.ipv4.isValid()" (node_2) is false
[15:38:11.288] [bmv2] [D] [thread 52682] [38.0] [cxt 0] Pipeline 'ingress': end
[15:38:11.288] [bmv2] [D] [thread 52682] [38.0] [cxt 0] Egress port is 0
[15:38:11.288] [bmv2] [D] [thread 52683] [38.0] [cxt 0] Pipeline 'egress': start
[15:38:11.288] [bmv2] [T] [thread 52683] [38.0] [cxt 0] Applying table 'tbl_drop'
[15:38:11.288] [bmv2] [D] [thread 52683] [38.0] [cxt 0] Looking up key:

[15:38:11.288] [bmv2] [D] [thread 52683] [38.0] [cxt 0] Table 'tbl_drop': miss
[15:38:11.288] [bmv2] [D] [thread 52683] [38.0] [cxt 0] Action entry is MyEgress.drop - 
[15:38:11.288] [bmv2] [T] [thread 52683] [38.0] [cxt 0] Action MyEgress.drop
[15:38:11.288] [bmv2] [T] [thread 52683] [38.0] [cxt 0] basic.p4(149) Primitive mark_to_drop(standard_metadata)
[15:38:11.288] [bmv2] [D] [thread 52683] [38.0] [cxt 0] Pipeline 'egress': end
[15:38:11.288] [bmv2] [D] [thread 52683] [38.0] [cxt 0] Dropping packet at the end of egress
[15:38:23.416] [bmv2] [D] [thread 52682] [39.0] [cxt 0] Processing packet received on port 1
[15:38:23.416] [bmv2] [D] [thread 52682] [39.0] [cxt 0] Parser 'parser': start
[15:38:23.416] [bmv2] [D] [thread 52682] [39.0] [cxt 0] Parser 'parser' entering state 'start'
[15:38:23.416] [bmv2] [D] [thread 52682] [39.0] [cxt 0] Extracting header 'ethernet'
[15:38:23.416] [bmv2] [D] [thread 52682] [39.0] [cxt 0] Parser state 'start': key is 86dd
[15:38:23.416] [bmv2] [T] [thread 52682] [39.0] [cxt 0] Bytes parsed: 14
[15:38:23.416] [bmv2] [D] [thread 52682] [39.0] [cxt 0] Parser 'parser': end
[15:38:23.416] [bmv2] [D] [thread 52682] [39.0] [cxt 0] Pipeline 'ingress': start
[15:38:23.416] [bmv2] [T] [thread 52682] [39.0] [cxt 0] basic.p4(129) Condition "hdr.ipv4.isValid()" (node_2) is false
[15:38:23.416] [bmv2] [D] [thread 52682] [39.0] [cxt 0] Pipeline 'ingress': end
[15:38:23.416] [bmv2] [D] [thread 52682] [39.0] [cxt 0] Egress port is 0
[15:38:23.416] [bmv2] [D] [thread 52682] [40.0] [cxt 0] Processing packet received on port 2
[15:38:23.416] [bmv2] [D] [thread 52682] [40.0] [cxt 0] Parser 'parser': start
[15:38:23.416] [bmv2] [D] [thread 52682] [40.0] [cxt 0] Parser 'parser' entering state 'start'
[15:38:23.416] [bmv2] [D] [thread 52682] [40.0] [cxt 0] Extracting header 'ethernet'
[15:38:23.416] [bmv2] [D] [thread 52682] [40.0] [cxt 0] Parser state 'start': key is 86dd
[15:38:23.416] [bmv2] [T] [thread 52682] [40.0] [cxt 0] Bytes parsed: 14
[15:38:23.416] [bmv2] [D] [thread 52682] [40.0] [cxt 0] Parser 'parser': end
[15:38:23.416] [bmv2] [D] [thread 52682] [40.0] [cxt 0] Pipeline 'ingress': start
[15:38:23.416] [bmv2] [T] [thread 52682] [40.0] [cxt 0] basic.p4(129) Condition "hdr.ipv4.isValid()" (node_2) is false
[15:38:23.416] [bmv2] [D] [thread 52682] [40.0] [cxt 0] Pipeline 'ingress': end
[15:38:23.416] [bmv2] [D] [thread 52682] [40.0] [cxt 0] Egress port is 0
[15:38:23.416] [bmv2] [D] [thread 52683] [39.0] [cxt 0] Pipeline 'egress': start
[15:38:23.416] [bmv2] [T] [thread 52683] [39.0] [cxt 0] Applying table 'tbl_drop'
[15:38:23.416] [bmv2] [D] [thread 52683] [39.0] [cxt 0] Looking up key:

[15:38:23.416] [bmv2] [D] [thread 52683] [39.0] [cxt 0] Table 'tbl_drop': miss
[15:38:23.416] [bmv2] [D] [thread 52683] [39.0] [cxt 0] Action entry is MyEgress.drop - 
[15:38:23.416] [bmv2] [T] [thread 52683] [39.0] [cxt 0] Action MyEgress.drop
[15:38:23.416] [bmv2] [T] [thread 52683] [39.0] [cxt 0] basic.p4(149) Primitive mark_to_drop(standard_metadata)
[15:38:23.416] [bmv2] [D] [thread 52683] [39.0] [cxt 0] Pipeline 'egress': end
[15:38:23.416] [bmv2] [D] [thread 52683] [39.0] [cxt 0] Dropping packet at the end of egress
[15:38:23.416] [bmv2] [D] [thread 52683] [40.0] [cxt 0] Pipeline 'egress': start
[15:38:23.416] [bmv2] [T] [thread 52683] [40.0] [cxt 0] Applying table 'tbl_drop'
[15:38:23.416] [bmv2] [D] [thread 52683] [40.0] [cxt 0] Looking up key:

[15:38:23.416] [bmv2] [D] [thread 52683] [40.0] [cxt 0] Table 'tbl_drop': miss
[15:38:23.417] [bmv2] [D] [thread 52683] [40.0] [cxt 0] Action entry is MyEgress.drop - 
[15:38:23.417] [bmv2] [T] [thread 52683] [40.0] [cxt 0] Action MyEgress.drop
[15:38:23.417] [bmv2] [T] [thread 52683] [40.0] [cxt 0] basic.p4(149) Primitive mark_to_drop(standard_metadata)
[15:38:23.417] [bmv2] [D] [thread 52683] [40.0] [cxt 0] Pipeline 'egress': end
[15:38:23.417] [bmv2] [D] [thread 52683] [40.0] [cxt 0] Dropping packet at the end of egress
[15:38:26.988] [bmv2] [D] [thread 52682] [41.0] [cxt 0] Processing packet received on port 1
[15:38:26.988] [bmv2] [D] [thread 52682] [41.0] [cxt 0] Parser 'parser': start
[15:38:26.988] [bmv2] [D] [thread 52682] [41.0] [cxt 0] Parser 'parser' entering state 'start'
[15:38:26.988] [bmv2] [D] [thread 52682] [41.0] [cxt 0] Extracting header 'ethernet'
[15:38:26.988] [bmv2] [D] [thread 52682] [41.0] [cxt 0] Parser state 'start': key is 86dd
[15:38:26.988] [bmv2] [T] [thread 52682] [41.0] [cxt 0] Bytes parsed: 14
[15:38:26.988] [bmv2] [D] [thread 52682] [41.0] [cxt 0] Parser 'parser': end
[15:38:26.988] [bmv2] [D] [thread 52682] [41.0] [cxt 0] Pipeline 'ingress': start
[15:38:26.988] [bmv2] [T] [thread 52682] [41.0] [cxt 0] basic.p4(129) Condition "hdr.ipv4.isValid()" (node_2) is false
[15:38:26.988] [bmv2] [D] [thread 52682] [41.0] [cxt 0] Pipeline 'ingress': end
[15:38:26.988] [bmv2] [D] [thread 52682] [41.0] [cxt 0] Egress port is 0
[15:38:26.988] [bmv2] [D] [thread 52683] [41.0] [cxt 0] Pipeline 'egress': start
[15:38:26.988] [bmv2] [T] [thread 52683] [41.0] [cxt 0] Applying table 'tbl_drop'
[15:38:26.988] [bmv2] [D] [thread 52683] [41.0] [cxt 0] Looking up key:

[15:38:26.988] [bmv2] [D] [thread 52683] [41.0] [cxt 0] Table 'tbl_drop': miss
[15:38:26.988] [bmv2] [D] [thread 52683] [41.0] [cxt 0] Action entry is MyEgress.drop - 
[15:38:26.988] [bmv2] [T] [thread 52683] [41.0] [cxt 0] Action MyEgress.drop
[15:38:26.988] [bmv2] [T] [thread 52683] [41.0] [cxt 0] basic.p4(149) Primitive mark_to_drop(standard_metadata)
[15:38:26.988] [bmv2] [D] [thread 52683] [41.0] [cxt 0] Pipeline 'egress': end
[15:38:26.988] [bmv2] [D] [thread 52683] [41.0] [cxt 0] Dropping packet at the end of egress
[15:38:27.288] [bmv2] [D] [thread 52682] [42.0] [cxt 0] Processing packet received on port 2
[15:38:27.288] [bmv2] [D] [thread 52682] [42.0] [cxt 0] Parser 'parser': start
[15:38:27.288] [bmv2] [D] [thread 52682] [42.0] [cxt 0] Parser 'parser' entering state 'start'
[15:38:27.288] [bmv2] [D] [thread 52682] [42.0] [cxt 0] Extracting header 'ethernet'
[15:38:27.288] [bmv2] [D] [thread 52682] [42.0] [cxt 0] Parser state 'start': key is 86dd
[15:38:27.288] [bmv2] [T] [thread 52682] [42.0] [cxt 0] Bytes parsed: 14
[15:38:27.288] [bmv2] [D] [thread 52682] [42.0] [cxt 0] Parser 'parser': end
[15:38:27.288] [bmv2] [D] [thread 52682] [42.0] [cxt 0] Pipeline 'ingress': start
[15:38:27.288] [bmv2] [T] [thread 52682] [42.0] [cxt 0] basic.p4(129) Condition "hdr.ipv4.isValid()" (node_2) is false
[15:38:27.288] [bmv2] [D] [thread 52682] [42.0] [cxt 0] Pipeline 'ingress': end
[15:38:27.288] [bmv2] [D] [thread 52682] [42.0] [cxt 0] Egress port is 0
[15:38:27.288] [bmv2] [D] [thread 52683] [42.0] [cxt 0] Pipeline 'egress': start
[15:38:27.288] [bmv2] [T] [thread 52683] [42.0] [cxt 0] Applying table 'tbl_drop'
[15:38:27.288] [bmv2] [D] [thread 52683] [42.0] [cxt 0] Looking up key:

[15:38:27.288] [bmv2] [D] [thread 52683] [42.0] [cxt 0] Table 'tbl_drop': miss
[15:38:27.288] [bmv2] [D] [thread 52683] [42.0] [cxt 0] Action entry is MyEgress.drop - 
[15:38:27.288] [bmv2] [T] [thread 52683] [42.0] [cxt 0] Action MyEgress.drop
[15:38:27.288] [bmv2] [T] [thread 52683] [42.0] [cxt 0] basic.p4(149) Primitive mark_to_drop(standard_metadata)
[15:38:27.288] [bmv2] [D] [thread 52683] [42.0] [cxt 0] Pipeline 'egress': end
[15:38:27.288] [bmv2] [D] [thread 52683] [42.0] [cxt 0] Dropping packet at the end of egress
[15:38:40.541] [bmv2] [D] [thread 52682] [43.0] [cxt 0] Processing packet received on port 1
[15:38:40.541] [bmv2] [D] [thread 52682] [43.0] [cxt 0] Parser 'parser': start
[15:38:40.541] [bmv2] [D] [thread 52682] [43.0] [cxt 0] Parser 'parser' entering state 'start'
[15:38:40.541] [bmv2] [D] [thread 52682] [43.0] [cxt 0] Extracting header 'ethernet'
[15:38:40.541] [bmv2] [D] [thread 52682] [43.0] [cxt 0] Parser state 'start': key is 0800
[15:38:40.541] [bmv2] [T] [thread 52682] [43.0] [cxt 0] Bytes parsed: 14
[15:38:40.541] [bmv2] [D] [thread 52682] [43.0] [cxt 0] Parser 'parser' entering state 'parse_ipv4'
[15:38:40.541] [bmv2] [D] [thread 52682] [43.0] [cxt 0] Extracting header 'ipv4'
[15:38:40.541] [bmv2] [D] [thread 52682] [43.0] [cxt 0] Parser state 'parse_ipv4' has no switch, going to default next state
[15:38:40.541] [bmv2] [T] [thread 52682] [43.0] [cxt 0] Bytes parsed: 34
[15:38:40.541] [bmv2] [D] [thread 52682] [43.0] [cxt 0] Parser 'parser': end
[15:38:40.541] [bmv2] [D] [thread 52682] [43.0] [cxt 0] Pipeline 'ingress': start
[15:38:40.541] [bmv2] [T] [thread 52682] [43.0] [cxt 0] basic.p4(129) Condition "hdr.ipv4.isValid()" (node_2) is true
[15:38:40.541] [bmv2] [T] [thread 52682] [43.0] [cxt 0] Applying table 'MyIngress.ipv4_lpm'
[15:38:40.541] [bmv2] [D] [thread 52682] [43.0] [cxt 0] Looking up key:
* hdr.ipv4.dstAddr    : 0a000202

[15:38:40.541] [bmv2] [D] [thread 52682] [43.0] [cxt 0] Table 'MyIngress.ipv4_lpm': hit with handle 1
[15:38:40.541] [bmv2] [D] [thread 52682] [43.0] [cxt 0] Dumping entry 1
Match key:
* hdr.ipv4.dstAddr    : LPM       0a000202/32
Action entry: MyIngress.ipv4_forward - 80000000222,2,

[15:38:40.541] [bmv2] [D] [thread 52682] [43.0] [cxt 0] Action entry is MyIngress.ipv4_forward - 80000000222,2,
[15:38:40.541] [bmv2] [T] [thread 52682] [43.0] [cxt 0] Action MyIngress.ipv4_forward
[15:38:40.541] [bmv2] [T] [thread 52682] [43.0] [cxt 0] basic.p4(110) Primitive hdr.ethernet.srcAddr = hdr.ethernet.dstAddr
[15:38:40.541] [bmv2] [T] [thread 52682] [43.0] [cxt 0] basic.p4(111) Primitive hdr.ethernet.dstAddr = dstAddr
[15:38:40.541] [bmv2] [T] [thread 52682] [43.0] [cxt 0] basic.p4(112) Primitive hdr.ipv4.ttl = hdr.ipv4.ttl - 1
[15:38:40.541] [bmv2] [T] [thread 52682] [43.0] [cxt 0] Applying table 'tbl_basic132'
[15:38:40.541] [bmv2] [D] [thread 52682] [43.0] [cxt 0] Looking up key:

[15:38:40.541] [bmv2] [D] [thread 52682] [43.0] [cxt 0] Table 'tbl_basic132': miss
[15:38:40.541] [bmv2] [D] [thread 52682] [43.0] [cxt 0] Action entry is basic132 - 
[15:38:40.541] [bmv2] [T] [thread 52682] [43.0] [cxt 0] Action basic132
[15:38:40.541] [bmv2] [T] [thread 52682] [43.0] [cxt 0] basic.p4(132) Primitive standard_metadata.egress_spec = standard_metadata.ingress_port
[15:38:40.541] [bmv2] [D] [thread 52682] [43.0] [cxt 0] Pipeline 'ingress': end
[15:38:40.541] [bmv2] [D] [thread 52682] [43.0] [cxt 0] Egress port is 1
[15:38:40.541] [bmv2] [D] [thread 52684] [43.0] [cxt 0] Pipeline 'egress': start
[15:38:40.541] [bmv2] [T] [thread 52684] [43.0] [cxt 0] Applying table 'tbl_drop'
[15:38:40.541] [bmv2] [D] [thread 52684] [43.0] [cxt 0] Looking up key:

[15:38:40.541] [bmv2] [D] [thread 52684] [43.0] [cxt 0] Table 'tbl_drop': miss
[15:38:40.541] [bmv2] [D] [thread 52684] [43.0] [cxt 0] Action entry is MyEgress.drop - 
[15:38:40.541] [bmv2] [T] [thread 52684] [43.0] [cxt 0] Action MyEgress.drop
[15:38:40.541] [bmv2] [T] [thread 52684] [43.0] [cxt 0] basic.p4(149) Primitive mark_to_drop(standard_metadata)
[15:38:40.541] [bmv2] [D] [thread 52684] [43.0] [cxt 0] Pipeline 'egress': end
[15:38:40.541] [bmv2] [D] [thread 52684] [43.0] [cxt 0] Dropping packet at the end of egress
[15:38:48.065] [bmv2] [D] [thread 52682] [44.0] [cxt 0] Processing packet received on port 1
[15:38:48.065] [bmv2] [D] [thread 52682] [44.0] [cxt 0] Parser 'parser': start
[15:38:48.065] [bmv2] [D] [thread 52682] [44.0] [cxt 0] Parser 'parser' entering state 'start'
[15:38:48.065] [bmv2] [D] [thread 52682] [44.0] [cxt 0] Extracting header 'ethernet'
[15:38:48.065] [bmv2] [D] [thread 52682] [44.0] [cxt 0] Parser state 'start': key is 0800
[15:38:48.065] [bmv2] [T] [thread 52682] [44.0] [cxt 0] Bytes parsed: 14
[15:38:48.065] [bmv2] [D] [thread 52682] [44.0] [cxt 0] Parser 'parser' entering state 'parse_ipv4'
[15:38:48.065] [bmv2] [D] [thread 52682] [44.0] [cxt 0] Extracting header 'ipv4'
[15:38:48.065] [bmv2] [D] [thread 52682] [44.0] [cxt 0] Parser state 'parse_ipv4' has no switch, going to default next state
[15:38:48.065] [bmv2] [T] [thread 52682] [44.0] [cxt 0] Bytes parsed: 34
[15:38:48.065] [bmv2] [D] [thread 52682] [44.0] [cxt 0] Parser 'parser': end
[15:38:48.065] [bmv2] [D] [thread 52682] [44.0] [cxt 0] Pipeline 'ingress': start
[15:38:48.065] [bmv2] [T] [thread 52682] [44.0] [cxt 0] basic.p4(129) Condition "hdr.ipv4.isValid()" (node_2) is true
[15:38:48.065] [bmv2] [T] [thread 52682] [44.0] [cxt 0] Applying table 'MyIngress.ipv4_lpm'
[15:38:48.065] [bmv2] [D] [thread 52682] [44.0] [cxt 0] Looking up key:
* hdr.ipv4.dstAddr    : 0a000202

[15:38:48.065] [bmv2] [D] [thread 52682] [44.0] [cxt 0] Table 'MyIngress.ipv4_lpm': hit with handle 1
[15:38:48.065] [bmv2] [D] [thread 52682] [44.0] [cxt 0] Dumping entry 1
Match key:
* hdr.ipv4.dstAddr    : LPM       0a000202/32
Action entry: MyIngress.ipv4_forward - 80000000222,2,

[15:38:48.065] [bmv2] [D] [thread 52682] [44.0] [cxt 0] Action entry is MyIngress.ipv4_forward - 80000000222,2,
[15:38:48.065] [bmv2] [T] [thread 52682] [44.0] [cxt 0] Action MyIngress.ipv4_forward
[15:38:48.065] [bmv2] [T] [thread 52682] [44.0] [cxt 0] basic.p4(110) Primitive hdr.ethernet.srcAddr = hdr.ethernet.dstAddr
[15:38:48.065] [bmv2] [T] [thread 52682] [44.0] [cxt 0] basic.p4(111) Primitive hdr.ethernet.dstAddr = dstAddr
[15:38:48.065] [bmv2] [T] [thread 52682] [44.0] [cxt 0] basic.p4(112) Primitive hdr.ipv4.ttl = hdr.ipv4.ttl - 1
[15:38:48.065] [bmv2] [T] [thread 52682] [44.0] [cxt 0] Applying table 'tbl_basic132'
[15:38:48.065] [bmv2] [D] [thread 52682] [44.0] [cxt 0] Looking up key:

[15:38:48.065] [bmv2] [D] [thread 52682] [44.0] [cxt 0] Table 'tbl_basic132': miss
[15:38:48.065] [bmv2] [D] [thread 52682] [44.0] [cxt 0] Action entry is basic132 - 
[15:38:48.065] [bmv2] [T] [thread 52682] [44.0] [cxt 0] Action basic132
[15:38:48.065] [bmv2] [T] [thread 52682] [44.0] [cxt 0] basic.p4(132) Primitive standard_metadata.egress_spec = standard_metadata.ingress_port
[15:38:48.065] [bmv2] [D] [thread 52682] [44.0] [cxt 0] Pipeline 'ingress': end
[15:38:48.065] [bmv2] [D] [thread 52682] [44.0] [cxt 0] Egress port is 1
[15:38:48.065] [bmv2] [D] [thread 52684] [44.0] [cxt 0] Pipeline 'egress': start
[15:38:48.065] [bmv2] [T] [thread 52684] [44.0] [cxt 0] Applying table 'tbl_drop'
[15:38:48.065] [bmv2] [D] [thread 52684] [44.0] [cxt 0] Looking up key:

[15:38:48.065] [bmv2] [D] [thread 52684] [44.0] [cxt 0] Table 'tbl_drop': miss
[15:38:48.065] [bmv2] [D] [thread 52684] [44.0] [cxt 0] Action entry is MyEgress.drop - 
[15:38:48.065] [bmv2] [T] [thread 52684] [44.0] [cxt 0] Action MyEgress.drop
[15:38:48.065] [bmv2] [T] [thread 52684] [44.0] [cxt 0] basic.p4(149) Primitive mark_to_drop(standard_metadata)
[15:38:48.065] [bmv2] [D] [thread 52684] [44.0] [cxt 0] Pipeline 'egress': end
[15:38:48.065] [bmv2] [D] [thread 52684] [44.0] [cxt 0] Dropping packet at the end of egress
[15:38:55.416] [bmv2] [D] [thread 52682] [45.0] [cxt 0] Processing packet received on port 1
[15:38:55.416] [bmv2] [D] [thread 52682] [45.0] [cxt 0] Parser 'parser': start
[15:38:55.416] [bmv2] [D] [thread 52682] [45.0] [cxt 0] Parser 'parser' entering state 'start'
[15:38:55.416] [bmv2] [D] [thread 52682] [45.0] [cxt 0] Extracting header 'ethernet'
[15:38:55.416] [bmv2] [D] [thread 52682] [45.0] [cxt 0] Parser state 'start': key is 86dd
[15:38:55.416] [bmv2] [T] [thread 52682] [45.0] [cxt 0] Bytes parsed: 14
[15:38:55.416] [bmv2] [D] [thread 52682] [45.0] [cxt 0] Parser 'parser': end
[15:38:55.416] [bmv2] [D] [thread 52682] [45.0] [cxt 0] Pipeline 'ingress': start
[15:38:55.416] [bmv2] [T] [thread 52682] [45.0] [cxt 0] basic.p4(129) Condition "hdr.ipv4.isValid()" (node_2) is false
[15:38:55.416] [bmv2] [D] [thread 52682] [45.0] [cxt 0] Pipeline 'ingress': end
[15:38:55.416] [bmv2] [D] [thread 52682] [45.0] [cxt 0] Egress port is 0
[15:38:55.416] [bmv2] [D] [thread 52682] [46.0] [cxt 0] Processing packet received on port 2
[15:38:55.416] [bmv2] [D] [thread 52682] [46.0] [cxt 0] Parser 'parser': start
[15:38:55.416] [bmv2] [D] [thread 52682] [46.0] [cxt 0] Parser 'parser' entering state 'start'
[15:38:55.416] [bmv2] [D] [thread 52682] [46.0] [cxt 0] Extracting header 'ethernet'
[15:38:55.416] [bmv2] [D] [thread 52682] [46.0] [cxt 0] Parser state 'start': key is 86dd
[15:38:55.416] [bmv2] [T] [thread 52682] [46.0] [cxt 0] Bytes parsed: 14
[15:38:55.416] [bmv2] [D] [thread 52682] [46.0] [cxt 0] Parser 'parser': end
[15:38:55.416] [bmv2] [D] [thread 52682] [46.0] [cxt 0] Pipeline 'ingress': start
[15:38:55.416] [bmv2] [D] [thread 52683] [45.0] [cxt 0] Pipeline 'egress': start
[15:38:55.416] [bmv2] [T] [thread 52683] [45.0] [cxt 0] Applying table 'tbl_drop'
[15:38:55.416] [bmv2] [T] [thread 52682] [46.0] [cxt 0] basic.p4(129) Condition "hdr.ipv4.isValid()" (node_2) is false
[15:38:55.416] [bmv2] [D] [thread 52683] [45.0] [cxt 0] Looking up key:

[15:38:55.416] [bmv2] [D] [thread 52682] [46.0] [cxt 0] Pipeline 'ingress': end
[15:38:55.416] [bmv2] [D] [thread 52683] [45.0] [cxt 0] Table 'tbl_drop': miss
[15:38:55.416] [bmv2] [D] [thread 52682] [46.0] [cxt 0] Egress port is 0
[15:38:55.416] [bmv2] [D] [thread 52683] [45.0] [cxt 0] Action entry is MyEgress.drop - 
[15:38:55.416] [bmv2] [T] [thread 52683] [45.0] [cxt 0] Action MyEgress.drop
[15:38:55.416] [bmv2] [T] [thread 52683] [45.0] [cxt 0] basic.p4(149) Primitive mark_to_drop(standard_metadata)
[15:38:55.416] [bmv2] [D] [thread 52683] [45.0] [cxt 0] Pipeline 'egress': end
[15:38:55.416] [bmv2] [D] [thread 52683] [45.0] [cxt 0] Dropping packet at the end of egress
[15:38:55.416] [bmv2] [D] [thread 52683] [46.0] [cxt 0] Pipeline 'egress': start
[15:38:55.416] [bmv2] [T] [thread 52683] [46.0] [cxt 0] Applying table 'tbl_drop'
[15:38:55.416] [bmv2] [D] [thread 52683] [46.0] [cxt 0] Looking up key:

[15:38:55.417] [bmv2] [D] [thread 52683] [46.0] [cxt 0] Table 'tbl_drop': miss
[15:38:55.417] [bmv2] [D] [thread 52683] [46.0] [cxt 0] Action entry is MyEgress.drop - 
[15:38:55.417] [bmv2] [T] [thread 52683] [46.0] [cxt 0] Action MyEgress.drop
[15:38:55.417] [bmv2] [T] [thread 52683] [46.0] [cxt 0] basic.p4(149) Primitive mark_to_drop(standard_metadata)
[15:38:55.417] [bmv2] [D] [thread 52683] [46.0] [cxt 0] Pipeline 'egress': end
[15:38:55.417] [bmv2] [D] [thread 52683] [46.0] [cxt 0] Dropping packet at the end of egress
